
=== baseline  (mode=nested, superpage=off, lookup=hybrid, prefetch=off) ===
  clock 400 MHz, 1 cycle = 2.5 ns, mem = 40 cyc, inter-arrival = 16.38 cyc

-- throughput / wire rate --
  completed              : 8000
  throughput             : 24.305 M/s   (target 24.414 M/s)
  wire_rate_met          : True

-- required hardware (3c / 3d) --
  peak_walks (3c, N)     : 38   [measured @ unlimited]
  peak_buffer (3d)       : 38   [measured @ unlimited]

-- memory / I/O-bridge performance requirements --
  mem_outstanding_peak   : 38
  mem_bandwidth          : 23.32 GB/s
  mem_accesses           : 119955  (14.9944 /translation)
  io_bridge_buffer_peak  : 38   (4 kB payload holders)

-- cache hit/miss --
  cache            hits    misses  hit_rate
  iotlb               0      8000     0.000
  s1_pwc              0      7997     0.000
  s2_pwc              0     15994     0.000
  ddtc             7996         1     1.000
  pdtc             7996         1     1.000
  iotlb_hit=0  mshr_coalesced=3  walks=7997

-- latency --
  avg :   604.94 cyc  ( 1512.34 ns)
  p99 :   605.00 cyc  ( 1512.50 ns)
  max :   685.00 cyc  ( 1712.50 ns)

-- cold-start / warm-up --
  time to steady-state   : 0 cyc  (0 ns),  0 requests
  (steady-state latency ~ 605.0 cyc; warm-up = caches filling + initial backlog draining.
   peaks above are cold-start-INCLUSIVE when resources are unlimited -> the HW needed to
   sustain wire rate FROM cold start. `--measure peaks` reports the steady-state requirement.)

-- miss-penalty distribution by type (cycles) --
  type               count   avg_cyc    avg_ns   max_cyc
  mshr_coalesced         3    408.39   1020.98    490.31
  full_cold           7997    605.01   1512.53    685.00
  (characteristic full-cold walk depth for mode nested: 15 x 40 cyc)

-- normalized area & power (per module) --
module           area_GE   sram_b   cam_b    ff_b  gates    access        dyn       stat
----------------------------------------------------------------------------------------
iotlb                0.0        0       0       0      0      8000     0.0000    0.00000
s1_pwc               0.0        0       0       0      0     15994     0.0000    0.00000
s2_pwc               0.0        0       0       0      0     15994     0.0000    0.00000
root_gpa             0.0        0       0       0      0         0     0.0000    0.00000
table_gpa            0.0        0       0       0      0         0     0.0000    0.00000
data_gpa             0.0        0       0       0      0         0     0.0000    0.00000
ddtc                41.7       44      17       0     17      7998     0.1051    0.00095
pdtc                48.8       44      21       0     21      7998     0.1172    0.00107
msi                  0.0        0       0       0      0         0     0.0000    0.00000
walkers          40736.0        0       0    4256  15200      7997    40.9537    0.34656
buffer           21888.0        0       0    3648      0      8000    36.5967    0.03648
arbiter            800.0        0       0       0    800      8000     0.0486    0.01600
control           2000.0        0       0       0   2000      8000     0.0608    0.04000
----------------------------------------------------------------------------------------
TOTAL            65514.5                                              77.8821    0.44106
  area: 65,514.5 GE
  power(norm): dyn 77.8821 + stat 0.44106 = 78.3231 units/cycle
  energy/translation: 1289.009 norm-units
  DRAM (separate): 119955 accesses, 2,399,100 norm-units (299.89/translation)

  FoM (area_GE x energy/translation): 84448781.86

  frozen prediction -> freeze/baseline.json  (config_hash fddaf6aeee98...)
