[INFO] USER_ID: 1000, GROUP_ID: 1000
[INFO] Final PATH variable: /foss/tools/bin:/foss/tools/sak:/usr/local/sbin:/usr/local/sbin:/usr/local/bin:/usr/sbin:/usr/bin:/sbin:/bin:/foss/tools/kactus2:/foss/tools/klayout:/foss/tools/osic-multitool
[INFO] Final PYTHONPATH variable: /usr/lib/python312.zip:/usr/lib/python3.12:/usr/lib/python3.12/lib-dynload:/usr/local/lib/python3.12/dist-packages:/usr/lib/python3/dist-packages:/foss/tools/ngspyce/local/lib/python3.12/dist-packages:/foss/tools/openems/local/lib/python3.12/dist-packages:/foss/tools/pyopus/local/lib/python3.12/dist-packages:/foss/tools/yosys/share/yosys/python3:/foss/tools/klayout/pymod:/foss/tools/vacask/lib/vacask/python
[INFO] SKIPPING UI STARTUP
[INFO] Executing command: 'bash -lc mkdir -p /foss/designs/syn/build_nested/cfg5_notag /foss/designs/cfg5_notag/results && sv2v /foss/designs/rtl/iommu_pkg.sv /foss/designs/rtl/fa_cache.sv /foss/designs/rtl/mem_master.sv /foss/designs/rtl/prefetch_ctrl.sv /foss/designs/rtl/iommu_top.sv /foss/designs/cfg5_notag/cfg5_top.sv > /foss/designs/syn/build_nested/cfg5_notag/cfg5_notag.v 2>/foss/designs/syn/build_nested/cfg5_notag/sv2v.log && cat > /foss/designs/syn/build_nested/cfg5_notag/synth.ys <<'YSEOF'

read_verilog /foss/designs/syn/build_nested/cfg5_notag/cfg5_notag.v
hierarchy -top cfg5_top -check
synth -top cfg5_top
dfflibmap -liberty /foss/pdks/sky130A/libs.ref/sky130_fd_sc_hd/lib/sky130_fd_sc_hd__tt_025C_1v80.lib
abc -liberty /foss/pdks/sky130A/libs.ref/sky130_fd_sc_hd/lib/sky130_fd_sc_hd__tt_025C_1v80.lib -D 2500
clean -purge
tee -o /foss/designs/cfg5_notag/results/synth_area.txt stat -liberty /foss/pdks/sky130A/libs.ref/sky130_fd_sc_hd/lib/sky130_fd_sc_hd__tt_025C_1v80.lib
flatten
clean -purge
write_verilog -noattr /foss/designs/cfg5_notag/results/netlist.v

YSEOF
cat > /foss/designs/syn/build_nested/cfg5_notag/sta.tcl <<'STAEOF'

read_liberty /foss/pdks/sky130A/libs.ref/sky130_fd_sc_hd/lib/sky130_fd_sc_hd__tt_025C_1v80.lib
read_verilog /foss/designs/cfg5_notag/results/netlist.v
link_design cfg5_top
create_clock -name clk -period 2.5 [get_ports clk]
set_power_activity -global -activity 0.053 -duty 0.5
puts "=== CRITICAL PATH (reg2reg max) @ 2.5ns ==="
report_checks -path_delay max -fields {slew cap fanout} -digits 4 -group_count 2
puts "=== WORST SLACK ==="
report_worst_slack -max
puts "=== POWER (activity 0.2) ==="
report_power -digits 6
exit

STAEOF
yosys -q /foss/designs/syn/build_nested/cfg5_notag/synth.ys 2>&1 | tee /foss/designs/cfg5_notag/results/yosys.log ; sta -no_init -exit /foss/designs/syn/build_nested/cfg5_notag/sta.tcl 2>&1 | tee /foss/designs/cfg5_notag/results/sta.txt'
Warning: Replacing memory \data_q with list of registers. See /foss/designs/syn/build_nested/cfg5_notag/cfg5_notag.v:62
Warning: Replacing memory \tag_q with list of registers. See /foss/designs/syn/build_nested/cfg5_notag/cfg5_notag.v:61
Warning: Replacing memory \valid_q with list of registers. See /foss/designs/syn/build_nested/cfg5_notag/cfg5_notag.v:60
Warning: Replacing memory \bspa_q with list of registers. See /foss/designs/syn/build_nested/cfg5_notag/cfg5_notag.v:1025
Warning: Replacing memory \bctx_q with list of registers. See /foss/designs/syn/build_nested/cfg5_notag/cfg5_notag.v:1024
Warning: Replacing memory \bvpn_q with list of registers. See /foss/designs/syn/build_nested/cfg5_notag/cfg5_notag.v:1023
Warning: Replacing memory \bs_q with list of registers. See /foss/designs/syn/build_nested/cfg5_notag/cfg5_notag.v:1022
Warning: Replacing memory \wiburst_q with list of registers. See /foss/designs/syn/build_nested/cfg5_notag/cfg5_notag.v:1015
Warning: Replacing memory \wiaddr_q with list of registers. See /foss/designs/syn/build_nested/cfg5_notag/cfg5_notag.v:1014
Warning: Replacing memory \wbeat_q with list of registers. See /foss/designs/syn/build_nested/cfg5_notag/cfg5_notag.v:1013
Warning: Replacing memory \wline_q with list of registers. See /foss/designs/syn/build_nested/cfg5_notag/cfg5_notag.v:1012
Warning: Replacing memory \wdgvpn_q with list of registers. See /foss/designs/syn/build_nested/cfg5_notag/cfg5_notag.v:1011
Warning: Replacing memory \wgpn_q with list of registers. See /foss/designs/syn/build_nested/cfg5_notag/cfg5_notag.v:1010
Warning: Replacing memory \wbase_q with list of registers. See /foss/designs/syn/build_nested/cfg5_notag/cfg5_notag.v:1009
Warning: Replacing memory \wctx_q with list of registers. See /foss/designs/syn/build_nested/cfg5_notag/cfg5_notag.v:1008
Warning: Replacing memory \wvpn_q with list of registers. See /foss/designs/syn/build_nested/cfg5_notag/cfg5_notag.v:1007
Warning: Replacing memory \wpc_q with list of registers. See /foss/designs/syn/build_nested/cfg5_notag/cfg5_notag.v:1006
Warning: Replacing memory \ws_q with list of registers. See /foss/designs/syn/build_nested/cfg5_notag/cfg5_notag.v:1005
Warning: Replacing memory \iburst with list of registers. See /foss/designs/syn/build_nested/cfg5_notag/cfg5_notag.v:934, /foss/designs/syn/build_nested/cfg5_notag/cfg5_notag.v:893
Warning: Replacing memory \iaddr with list of registers. See /foss/designs/syn/build_nested/cfg5_notag/cfg5_notag.v:892
Warning: Replacing memory \iwant with list of registers. See /foss/designs/syn/build_nested/cfg5_notag/cfg5_notag.v:891
OpenSTA 3.1.0 76c4d6df35 Copyright (c) 2026, Parallax Software, Inc.
License GPLv3: GNU GPL version 3 <http://gnu.org/licenses/gpl.html>

This is free software, and you are free to change and redistribute it
under certain conditions; type `show_copying' for details. 
This program comes with ABSOLUTELY NO WARRANTY; for details type `show_warranty'.
=== CRITICAL PATH (reg2reg max) @ 2.5ns ===
Warning 503: sta.tcl line 1, report_checks -group_count is deprecated. Use -group_path_count instead.
Startpoint: _07807_ (rising edge-triggered flip-flop clocked by clk)
Endpoint: _07813_ (rising edge-triggered flip-flop clocked by clk)
Path Group: clk
Path Type: max

Fanout       Cap      Slew     Delay      Time   Description
-------------------------------------------------------------------------------------
                    0.0000    0.0000    0.0000   clock clk (rise edge)
                              0.0000    0.0000   clock network delay (ideal)
                    0.0000    0.0000    0.0000 ^ _07807_/CLK (sky130_fd_sc_hd__dfrtp_1)
    18    0.0579    0.5014    0.6325    0.6325 ^ _07807_/Q (sky130_fd_sc_hd__dfrtp_1)
    17    0.0370    0.3369    0.4189    1.0514 v _08068_/Y (sky130_fd_sc_hd__clkinv_1)
     1    0.0024    0.3221    0.4345    1.4860 ^ _08268_/Y (sky130_fd_sc_hd__a2111oi_0)
     1    0.0022    0.1004    0.1246    1.6105 v _08273_/Y (sky130_fd_sc_hd__nand4_1)
    50    0.1241    4.6496    3.5106    5.1211 ^ _08274_/Y (sky130_fd_sc_hd__nor4_1)
    47    0.1044    1.5235    1.9250    7.0461 v _08837_/X (sky130_fd_sc_hd__lpflow_isobufsrc_1)
     1    0.0025    0.2277    0.3532    7.3993 ^ _09539_/Y (sky130_fd_sc_hd__nand2_1)
     1    0.0022    0.2800    0.1119    7.5112 v _09542_/Y (sky130_fd_sc_hd__a31oi_1)
     1    0.0024    0.4082    0.2435    7.7547 ^ _09545_/Y (sky130_fd_sc_hd__o221ai_1)
     1    0.0022    0.0906    0.1095    7.8642 v _09548_/Y (sky130_fd_sc_hd__a21oi_1)
     1    0.0024    0.4141    0.1698    8.0340 ^ _09551_/Y (sky130_fd_sc_hd__o221ai_1)
     1    0.0025    0.0721    0.2261    8.2601 ^ _09555_/X (sky130_fd_sc_hd__a41o_1)
     1    0.0023    0.3236    0.0768    8.3369 v _09558_/Y (sky130_fd_sc_hd__a31oi_1)
     1    0.0024    0.2759    0.1329    8.4698 ^ _07212_/Y (sky130_fd_sc_hd__nand2_1)
     1    0.0019    0.0651    0.0735    8.5432 v _07214_/Y (sky130_fd_sc_hd__nand2_1)
                    0.0651    0.0000    8.5432 v _07813_/D (sky130_fd_sc_hd__dfrtp_1)
                                        8.5432   data arrival time

                    0.0000    2.5000    2.5000   clock clk (rise edge)
                              0.0000    2.5000   clock network delay (ideal)
                              0.0000    2.5000   clock reconvergence pessimism
                                        2.5000 ^ _07813_/CLK (sky130_fd_sc_hd__dfrtp_1)
                             -0.1334    2.3666   library setup time
                                        2.3666   data required time
-------------------------------------------------------------------------------------
                                        2.3666   data required time
                                       -8.5432   data arrival time
-------------------------------------------------------------------------------------
                                       -6.1766   slack (VIOLATED)


Startpoint: _07807_ (rising edge-triggered flip-flop clocked by clk)
Endpoint: _07814_ (rising edge-triggered flip-flop clocked by clk)
Path Group: clk
Path Type: max

Fanout       Cap      Slew     Delay      Time   Description
-------------------------------------------------------------------------------------
                    0.0000    0.0000    0.0000   clock clk (rise edge)
                              0.0000    0.0000   clock network delay (ideal)
                    0.0000    0.0000    0.0000 ^ _07807_/CLK (sky130_fd_sc_hd__dfrtp_1)
    18    0.0579    0.5014    0.6325    0.6325 ^ _07807_/Q (sky130_fd_sc_hd__dfrtp_1)
    17    0.0370    0.3369    0.4189    1.0514 v _08068_/Y (sky130_fd_sc_hd__clkinv_1)
     1    0.0024    0.3221    0.4345    1.4860 ^ _08268_/Y (sky130_fd_sc_hd__a2111oi_0)
     1    0.0022    0.1004    0.1246    1.6105 v _08273_/Y (sky130_fd_sc_hd__nand4_1)
    50    0.1241    4.6496    3.5106    5.1211 ^ _08274_/Y (sky130_fd_sc_hd__nor4_1)
    47    0.1044    1.5235    1.9250    7.0461 v _08837_/X (sky130_fd_sc_hd__lpflow_isobufsrc_1)
     1    0.0025    0.2277    0.3532    7.3993 ^ _09519_/Y (sky130_fd_sc_hd__nand2_1)
     1    0.0022    0.2800    0.1119    7.5112 v _09522_/Y (sky130_fd_sc_hd__a31oi_1)
     1    0.0024    0.4082    0.2435    7.7547 ^ _09525_/Y (sky130_fd_sc_hd__o221ai_1)
     1    0.0022    0.0906    0.1095    7.8642 v _09528_/Y (sky130_fd_sc_hd__a21oi_1)
     1    0.0024    0.4141    0.1698    8.0340 ^ _09531_/Y (sky130_fd_sc_hd__o221ai_1)
     1    0.0025    0.0721    0.2261    8.2601 ^ _09535_/X (sky130_fd_sc_hd__a41o_1)
     1    0.0023    0.3236    0.0768    8.3369 v _09538_/Y (sky130_fd_sc_hd__a31oi_1)
     1    0.0024    0.2759    0.1329    8.4698 ^ _07206_/Y (sky130_fd_sc_hd__nand2_1)
     1    0.0019    0.0651    0.0735    8.5432 v _07208_/Y (sky130_fd_sc_hd__nand2_1)
                    0.0651    0.0000    8.5432 v _07814_/D (sky130_fd_sc_hd__dfrtp_1)
                                        8.5432   data arrival time

                    0.0000    2.5000    2.5000   clock clk (rise edge)
                              0.0000    2.5000   clock network delay (ideal)
                              0.0000    2.5000   clock reconvergence pessimism
                                        2.5000 ^ _07814_/CLK (sky130_fd_sc_hd__dfrtp_1)
                             -0.1334    2.3666   library setup time
                                        2.3666   data required time
-------------------------------------------------------------------------------------
                                        2.3666   data required time
                                       -8.5432   data arrival time
-------------------------------------------------------------------------------------
                                       -6.1766   slack (VIOLATED)


=== WORST SLACK ===
worst slack max -6.18
=== POWER (activity 0.2) ===
Group                    Internal    Switching      Leakage        Total
                            Power        Power        Power        Power (Watts)
------------------------------------------------------------------------
Sequential           3.793376e-02 4.626961e-04 2.610044e-08 3.839649e-02  94.2%
Combinational        1.276345e-03 1.079322e-03 1.520525e-08 2.355681e-03   5.8%
Clock                0.000000e+00 0.000000e+00 0.000000e+00 0.000000e+00   0.0%
Macro                0.000000e+00 0.000000e+00 0.000000e+00 0.000000e+00   0.0%
Pad                  0.000000e+00 0.000000e+00 0.000000e+00 0.000000e+00   0.0%
------------------------------------------------------------------------
Total                3.921007e-02 1.542026e-03 4.130462e-08 4.075214e-02 100.0%
                            96.2%         3.8%         0.0%

=STDERR=
