Warning: Replacing memory \data_q with list of registers. See /foss/designs/syn/build_nested/cfg5_notag/cfg5_notag.v:62
Warning: Replacing memory \tag_q with list of registers. See /foss/designs/syn/build_nested/cfg5_notag/cfg5_notag.v:61
Warning: Replacing memory \valid_q with list of registers. See /foss/designs/syn/build_nested/cfg5_notag/cfg5_notag.v:60
Warning: Replacing memory \data_q with list of registers. See /foss/designs/syn/build_nested/cfg5_notag/cfg5_notag.v:172
Warning: Replacing memory \subv_q with list of registers. See /foss/designs/syn/build_nested/cfg5_notag/cfg5_notag.v:168
Warning: Replacing memory \ltag_q with list of registers. See /foss/designs/syn/build_nested/cfg5_notag/cfg5_notag.v:167
Warning: Replacing memory \lvalid_q with list of registers. See /foss/designs/syn/build_nested/cfg5_notag/cfg5_notag.v:166
Warning: Replacing memory \bspa_q with list of registers. See /foss/designs/syn/build_nested/cfg5_notag/cfg5_notag.v:1182
Warning: Replacing memory \bctx_q with list of registers. See /foss/designs/syn/build_nested/cfg5_notag/cfg5_notag.v:1181
Warning: Replacing memory \bvpn_q with list of registers. See /foss/designs/syn/build_nested/cfg5_notag/cfg5_notag.v:1180
Warning: Replacing memory \bs_q with list of registers. See /foss/designs/syn/build_nested/cfg5_notag/cfg5_notag.v:1179
Warning: Replacing memory \wiburst_q with list of registers. See /foss/designs/syn/build_nested/cfg5_notag/cfg5_notag.v:1172
Warning: Replacing memory \wiaddr_q with list of registers. See /foss/designs/syn/build_nested/cfg5_notag/cfg5_notag.v:1171
Warning: Replacing memory \wbeat_q with list of registers. See /foss/designs/syn/build_nested/cfg5_notag/cfg5_notag.v:1170
Warning: Replacing memory \wline_q with list of registers. See /foss/designs/syn/build_nested/cfg5_notag/cfg5_notag.v:1169
Warning: Replacing memory \wdgvpn_q with list of registers. See /foss/designs/syn/build_nested/cfg5_notag/cfg5_notag.v:1168
Warning: Replacing memory \wgpn_q with list of registers. See /foss/designs/syn/build_nested/cfg5_notag/cfg5_notag.v:1167
Warning: Replacing memory \wbase_q with list of registers. See /foss/designs/syn/build_nested/cfg5_notag/cfg5_notag.v:1166
Warning: Replacing memory \wctx_q with list of registers. See /foss/designs/syn/build_nested/cfg5_notag/cfg5_notag.v:1165
Warning: Replacing memory \wvpn_q with list of registers. See /foss/designs/syn/build_nested/cfg5_notag/cfg5_notag.v:1164
Warning: Replacing memory \wpc_q with list of registers. See /foss/designs/syn/build_nested/cfg5_notag/cfg5_notag.v:1163
Warning: Replacing memory \ws_q with list of registers. See /foss/designs/syn/build_nested/cfg5_notag/cfg5_notag.v:1162
Warning: Replacing memory \iburst with list of registers. See /foss/designs/syn/build_nested/cfg5_notag/cfg5_notag.v:1087, /foss/designs/syn/build_nested/cfg5_notag/cfg5_notag.v:1046
Warning: Replacing memory \iaddr with list of registers. See /foss/designs/syn/build_nested/cfg5_notag/cfg5_notag.v:1045
Warning: Replacing memory \iwant with list of registers. See /foss/designs/syn/build_nested/cfg5_notag/cfg5_notag.v:1044
