[INFO] USER_ID: 1000, GROUP_ID: 1000
[INFO] Final PATH variable: /foss/tools/bin:/foss/tools/sak:/usr/local/sbin:/usr/local/sbin:/usr/local/bin:/usr/sbin:/usr/bin:/sbin:/bin:/foss/tools/kactus2:/foss/tools/klayout:/foss/tools/osic-multitool
[INFO] Final PYTHONPATH variable: /usr/lib/python312.zip:/usr/lib/python3.12:/usr/lib/python3.12/lib-dynload:/usr/local/lib/python3.12/dist-packages:/usr/lib/python3/dist-packages:/foss/tools/ngspyce/local/lib/python3.12/dist-packages:/foss/tools/openems/local/lib/python3.12/dist-packages:/foss/tools/pyopus/local/lib/python3.12/dist-packages:/foss/tools/yosys/share/yosys/python3:/foss/tools/klayout/pymod:/foss/tools/vacask/lib/vacask/python
[INFO] SKIPPING UI STARTUP
[INFO] Executing command: 'bash -lc openroad -no_init -exit /foss/designs/syn/fmax_opt/opt.tcl 2>&1'
OpenROAD 26Q2-1164-g08f67ee5e 
Features included (+) or not (-): +GPU +GUI +Python
This program is licensed under the BSD-3 license. See the LICENSE file for details.
Components of this program may be licensed under more restrictive licenses which must be honored.
[INFO ODB-0227] LEF file: /foss/pdks/sky130A/libs.ref/sky130_fd_sc_hd/techlef/sky130_fd_sc_hd__nom.tlef, created 14 layers, 25 vias
[WARNING ODB-0220] WARNING (LEFPARS-2008): NOWIREEXTENSIONATPIN statement is obsolete in version 5.6 or later.
The NOWIREEXTENSIONATPIN statement will be ignored. See file /foss/pdks/sky130A/libs.ref/sky130_fd_sc_hd/lef/sky130_fd_sc_hd.lef at line 2.

[INFO ODB-0227] LEF file: /foss/pdks/sky130A/libs.ref/sky130_fd_sc_hd/lef/sky130_fd_sc_hd.lef, created 437 library cells
[INFO IFP-0107] Defining die area using utilization: 35.00% and aspect ratio: 1.
[WARNING IFP-0028] Core area lower left (5.000, 5.000) snapped to (5.060, 5.440).
[INFO IFP-0001] Added 249 rows of 1475 site unithd.
[INFO IFP-0100] Die BBox:  (  0.000  0.000 ) ( 688.760 688.760 ) um
[INFO IFP-0101] Core BBox: (  5.060  5.440 ) ( 683.560 682.720 ) um
[INFO IFP-0102] Core area:                       459534.480 um^2
[INFO IFP-0103] Total instances area:            161249.651 um^2
[INFO IFP-0104] Effective utilization:                0.351
[INFO IFP-0105] Number of instances:                  14096
Found 0 macro blocks.
Using 2 tracks default min distance between IO pins.
[INFO PPL-0001] Number of available slots 2500
[INFO PPL-0002] Number of I/O             396
[INFO PPL-0003] Number of I/O w/sink      337
[INFO PPL-0004] Number of I/O w/o sink    59
[INFO PPL-0005] Slots per section         200
[INFO PPL-0008] Successfully assigned pins to sections.
[INFO PPL-0012] I/O nets HPWL: 139451.06 um.
[INFO GPL-0001] ---- Initialize GPL Main Data Structures
[INFO GPL-0002] DBU: 1000
[INFO GPL-0003] SiteSize: (  0.460  2.720 ) um
[INFO GPL-0004] CoreBBox: (  5.060  5.440 ) ( 683.560 682.720 ) um
[INFO GPL-0036] Movable instances area:     161249.651 um^2
[INFO GPL-0037] Total instances area:       161249.651 um^2
[INFO GPL-0035] Pin density area adjust:     10915.226 um^2
[INFO GPL-0032] ---- Initialize Region: Top-level
[INFO GPL-0006] Number of instances:             14096
[INFO GPL-0007] Movable instances:               14096
[INFO GPL-0008] Fixed instances:                     0
[INFO GPL-0009] Dummy instances:                     0
[INFO GPL-0010] Number of nets:                  14276
[INFO GPL-0011] Number of pins:                  55810
[INFO GPL-0012] Die BBox:  (  0.000  0.000 ) ( 688.760 688.760 ) um
[INFO GPL-0013] Core BBox: (  5.060  5.440 ) ( 683.560 682.720 ) um
[INFO GPL-0016] Core area:                  459534.480 um^2
[INFO GPL-0014] Region name: top-level.
[INFO GPL-0015] Region area:                459534.480 um^2
[INFO GPL-0017] Fixed instances area:            0.000 um^2
[INFO GPL-0018] Movable instances area:     172164.877 um^2
[INFO GPL-0019] Utilization:                    37.465 %
[INFO GPL-0020] Standard cells area:        172164.877 um^2
[INFO GPL-0021] Large instances area:            0.000 um^2
[INFO GPL-0005] ---- Execute Conjugate Gradient Initial Placement.
[INFO GPL-0051] Source of initial instance position counters:
	Odb location = 0	Core center = 14096	Region center = 0
[InitialPlace]  Iter: 1 conjugate gradient residual: 0.00814814 HPWL: 320282930
[InitialPlace]  Iter: 2 conjugate gradient residual: 0.00878482 HPWL: 255797244
[InitialPlace]  Iter: 3 conjugate gradient residual: 0.00123169 HPWL: 243783153
[InitialPlace]  Iter: 4 conjugate gradient residual: 0.00084015 HPWL: 237748856
[InitialPlace]  Iter: 5 conjugate gradient residual: 0.00587712 HPWL: 229301679
[InitialPlace]  Iter: 6 conjugate gradient residual: 0.00000963 HPWL: 203382646
[INFO GPL-0033] ---- Initialize Nesterov Region: Top-level
[INFO GPL-0023] Placement target density:       0.5500
[INFO GPL-0024] Movable insts average area:     12.214 um^2
[INFO GPL-0025] Ideal bin area:                 22.207 um^2
[INFO GPL-0026] Ideal bin count:                 20693
[INFO GPL-0027] Total bin area:             459534.480 um^2
[INFO GPL-0028] Bin count (X, Y):         128 ,    128
[INFO GPL-0029] Bin size (W * H):       5.301 *  5.291 um
[INFO GPL-0030] Number of bins:                  16384
[INFO GPL-0084] ---- Execute Nesterov Global Placement.
[INFO GPL-0031] HPWL: Half-Perimeter Wirelength
Iteration | Overflow |     HPWL (um) |  HPWL(%) |   Penalty | Group
---------------------------------------------------------------
        0 |   0.9916 |  1.236322e+05 |   +0.00% |  1.24e-16 |      
       10 |   0.9654 |  1.807659e+05 |  +46.21% |  2.01e-16 |      
       20 |   0.9471 |  1.948742e+05 |   +7.80% |  3.27e-16 |      
       30 |   0.9385 |  2.013734e+05 |   +3.34% |  5.33e-16 |      
       40 |   0.9340 |  2.052182e+05 |   +1.91% |  8.67e-16 |      
       50 |   0.9333 |  2.074246e+05 |   +1.08% |  1.41e-15 |      
       60 |   0.9327 |  2.081713e+05 |   +0.36% |  2.30e-15 |      
       70 |   0.9336 |  2.081616e+05 |   -0.00% |  3.75e-15 |      
       80 |   0.9343 |  2.080097e+05 |   -0.07% |  6.10e-15 |      
       90 |   0.9352 |  2.080156e+05 |   +0.00% |  9.94e-15 |      
      100 |   0.9355 |  2.087164e+05 |   +0.34% |  1.62e-14 |      
      110 |   0.9355 |  2.094941e+05 |   +0.37% |  2.64e-14 |      
      120 |   0.9350 |  2.101677e+05 |   +0.32% |  4.30e-14 |      
      130 |   0.9347 |  2.104191e+05 |   +0.12% |  7.00e-14 |      
      140 |   0.9348 |  2.104097e+05 |   -0.00% |  1.14e-13 |      
      150 |   0.9347 |  2.103816e+05 |   -0.01% |  1.86e-13 |      
      160 |   0.9347 |  2.107106e+05 |   +0.16% |  3.02e-13 |      
      170 |   0.9334 |  2.113867e+05 |   +0.32% |  4.93e-13 |      
      180 |   0.9319 |  2.123722e+05 |   +0.47% |  8.02e-13 |      
      190 |   0.9299 |  2.144133e+05 |   +0.96% |  1.31e-12 |      
      200 |   0.9272 |  2.181563e+05 |   +1.75% |  2.13e-12 |      
      210 |   0.9224 |  2.228349e+05 |   +2.14% |  3.46e-12 |      
      220 |   0.9151 |  2.290701e+05 |   +2.80% |  5.64e-12 |      
      230 |   0.9058 |  2.386573e+05 |   +4.19% |  9.17e-12 |      
      240 |   0.8943 |  2.515628e+05 |   +5.41% |  1.49e-11 |      
      250 |   0.8790 |  2.663092e+05 |   +5.86% |  2.43e-11 |      
      260 |   0.8568 |  2.823748e+05 |   +6.03% |  3.95e-11 |      
      270 |   0.8321 |  3.021337e+05 |   +7.00% |  6.42e-11 |      
      280 |   0.8010 |  3.189500e+05 |   +5.57% |  1.04e-10 |      
      290 |   0.7657 |  3.306352e+05 |   +3.66% |  1.70e-10 |      
      300 |   0.7271 |  3.503237e+05 |   +5.95% |  2.76e-10 |      
      310 |   0.6797 |  3.619715e+05 |   +3.32% |  4.49e-10 |      
      320 |   0.6345 |  3.757361e+05 |   +3.80% |  7.30e-10 |      
      330 |   0.5812 |  3.898956e+05 |   +3.77% |  1.19e-09 |      
      340 |   0.5371 |  4.031740e+05 |   +3.41% |  1.93e-09 |      
      350 |   0.4955 |  4.107634e+05 |   +1.88% |  3.14e-09 |      
      360 |   0.4423 |  4.119613e+05 |   +0.29% |  5.12e-09 |      
      370 |   0.3937 |  4.198853e+05 |   +1.92% |  8.33e-09 |      
      380 |   0.3462 |  4.247405e+05 |   +1.16% |  1.36e-08 |      
      390 |   0.3120 |  4.258919e+05 |   +0.27% |  2.02e-08 |      
      400 |   0.2807 |  4.266398e+05 |   +0.18% |  2.97e-08 |      
      410 |   0.2501 |  4.266835e+05 |   +0.01% |  4.38e-08 |      
      420 |   0.2224 |  4.265890e+05 |   -0.02% |  6.45e-08 |      
      430 |   0.1958 |  4.265264e+05 |   -0.01% |  9.50e-08 |      
      440 |   0.1724 |  4.266101e+05 |   +0.02% |  1.40e-07 |      
      450 |   0.1479 |  4.268086e+05 |   +0.05% |  2.06e-07 |      
      460 |   0.1284 |  4.271144e+05 |   +0.07% |  3.04e-07 |      
      470 |   0.1110 |  4.275962e+05 |   +0.11% |  4.47e-07 |      
      478 |   0.0989 |  4.280284e+05 |          |  6.34e-07 |      
---------------------------------------------------------------
[INFO GPL-1001] Global placement finished at iteration 478
[INFO GPL-1002] Placed Cell Area            172164.8770
[INFO GPL-1003] Available Free Area         459534.4800
[INFO GPL-1004] Minimum Feasible Density        0.3800 (cell_area / free_area)
[INFO GPL-1006]   Suggested Target Densities:
[INFO GPL-1007]     - For 90% usage of free space: 0.4163
[INFO GPL-1008]     - For 80% usage of free space: 0.4683
[INFO GPL-1009]     - For 50% usage of free space: 0.7493
[INFO GPL-1014] Final placement area: 172164.88 (+0.00%)
##PRE
worst slack max -67.14
##PREPATH
Startpoint: rst_n (input port clocked by clk)
Endpoint: _13581_ (recovery check against rising-edge clock clk)
Path Group: asynchronous
Path Type: max

Fanout      Slew     Delay      Time   Description
----------------------------------------------------------------------------
          0.0000    0.0000    0.0000   clock clk (rise edge)
                    0.0000    0.0000   clock network delay (ideal)
                    0.7500    0.7500 ^ input external delay
  3425   71.8907   49.6469   50.3969 ^ rst_n (in)
         71.8944    0.0000   50.3969 ^ _13581_/RESET_B (sky130_fd_sc_hd__dfrtp_1)
                             50.3969   data arrival time

          0.0000    2.5000    2.5000   clock clk (rise edge)
                    0.0000    2.5000   clock network delay (ideal)
                    0.0000    2.5000   clock reconvergence pessimism
                              2.5000 ^ _13581_/CLK (sky130_fd_sc_hd__dfrtp_1)
                  -19.2414  -16.7414   library recovery time
                            -16.7414   data required time
----------------------------------------------------------------------------
                            -16.7414   data required time
                            -50.3969   data arrival time
----------------------------------------------------------------------------
                            -67.1383   slack (VIOLATED)


Startpoint: _13690_ (rising edge-triggered flip-flop clocked by clk)
Endpoint: araddr[7] (output port clocked by clk)
Path Group: clk
Path Type: max

Fanout      Slew     Delay      Time   Description
----------------------------------------------------------------------------
          0.0000    0.0000    0.0000   clock clk (rise edge)
                    0.0000    0.0000   clock network delay (ideal)
          0.0000    0.0000    0.0000 ^ _13690_/CLK (sky130_fd_sc_hd__dfrtp_1)
    16    0.2201    0.5040    0.5040 v _13690_/Q (sky130_fd_sc_hd__dfrtp_1)
    12    1.1135    0.9578    1.4618 ^ _10218_/Y (sky130_fd_sc_hd__nor3b_1)
     1    0.0546    0.2676    1.7294 ^ _10221_/X (sky130_fd_sc_hd__a22o_1)
     1    0.0588    0.0887    1.8181 ^ _10222_/X (sky130_fd_sc_hd__a2111o_1)
     6    0.1766    0.1480    1.9661 v _10225_/Y (sky130_fd_sc_hd__nand3_1)
    74    6.2490    4.6536    6.6198 ^ _10323_/Y (sky130_fd_sc_hd__o211ai_1)
    73    7.1717    7.7728   14.3926 v _10324_/Y (sky130_fd_sc_hd__nor3_1)
     2    1.2671    1.8915   16.2841 ^ _10337_/Y (sky130_fd_sc_hd__a22oi_1)
    20    1.2772    1.3577   17.6419 v _10339_/Y (sky130_fd_sc_hd__nand2_1)
    16    0.8057    1.0479   18.6898 ^ _14380_/Y (sky130_fd_sc_hd__clkinv_1)
     1    0.2088    0.1877   18.8775 v _15943_/Y (sky130_fd_sc_hd__o22ai_1)
     1    0.3072    0.2578   19.1353 ^ _15944_/Y (sky130_fd_sc_hd__a221oi_1)
     1    0.1154    0.1353   19.2706 v _15952_/Y (sky130_fd_sc_hd__nand4_1)
     1    0.2176    0.2379   19.5085 ^ _15962_/Y (sky130_fd_sc_hd__nor4_1)
     1    0.0556    0.0768   19.5853 v _15963_/Y (sky130_fd_sc_hd__nand2_1)
    51    9.2639    6.8841   26.4694 ^ _15964_/Y (sky130_fd_sc_hd__nor4_1)
    49    3.9582    5.9883   32.4576 v _16055_/Y (sky130_fd_sc_hd__nor2b_1)
     2    0.9757    1.6893   34.1470 ^ _17289_/Y (sky130_fd_sc_hd__nand4b_1)
     3    0.0981    0.2457   34.3927 ^ _10259_/X (sky130_fd_sc_hd__or3_1)
    99    3.4475    2.5191   36.9118 ^ _10261_/Y (sky130_fd_sc_hd__nand2b_1)
     2    0.5336    0.1626   37.0744 v _10673_/Y (sky130_fd_sc_hd__nor3b_1)
     1    0.2175    0.2526   37.3270 ^ _10674_/Y (sky130_fd_sc_hd__a21oi_1)
     4    0.2437    0.2929   37.6198 ^ _10675_/X (sky130_fd_sc_hd__and2_0)
     3    0.0956    0.1209   37.7407 v _10680_/Y (sky130_fd_sc_hd__nand2_1)
     9    1.8152    1.3768   39.1175 ^ _10696_/Y (sky130_fd_sc_hd__nor2_1)
     1    0.2559    0.1675   39.2849 v _10858_/Y (sky130_fd_sc_hd__a22oi_1)
     1    0.1252    0.2076   39.4925 ^ _10860_/Y (sky130_fd_sc_hd__nand3_1)
     1    0.2113    0.0997   39.5922 v _10861_/Y (sky130_fd_sc_hd__a21oi_1)
     1    0.1187    0.1166   39.7088 ^ _10870_/Y (sky130_fd_sc_hd__o21ai_0)
     1    0.3394    0.3303   40.0391 ^ _10871_/X (sky130_fd_sc_hd__or3_1)
          0.3394    0.0009   40.0400 ^ araddr[7] (out)
                             40.0400   data arrival time

          0.0000    2.5000    2.5000   clock clk (rise edge)
                    0.0000    2.5000   clock network delay (ideal)
                    0.0000    2.5000   clock reconvergence pessimism
                   -0.7500    1.7500   output external delay
                              1.7500   data required time
----------------------------------------------------------------------------
                              1.7500   data required time
                            -40.0400   data arrival time
----------------------------------------------------------------------------
                            -38.2900   slack (VIOLATED)


Iteration |   Area    | Resized | Buffers | Nets repaired | Remaining
---------------------------------------------------------------------
        0 |     +0.0% |       0 |       0 |             0 |     14276
    final |    +13.3% |    1199 |    2745 |           437 |         0
---------------------------------------------------------------------
[INFO RSZ-0034] Found 509 slew violations.
[INFO RSZ-0035] Found 360 fanout violations.
[INFO RSZ-0036] Found 5 capacitance violations.
[INFO RSZ-0039] Resized 1199 instances.
[INFO RSZ-0038] Inserted 2745 buffers in 437 nets.
[INFO RSZ-0100] Repair move sequence: UnbufferMove SizeUpMove SwapPinsMove BufferMove CloneMove SplitLoadMove 
[INFO RSZ-0094] Found 6159 endpoints with setup violations.
[INFO RSZ-0099] Repairing 6159 out of 6159 (100.00%) violating endpoints...
   Iter   | Removed | Resized | Inserted | Cloned |  Pin  |   Area   |    WNS   |   StTNS    |   EnTNS    |  Viol  |  Worst  
          | Buffers |  Gates  | Buffers  |  Gates | Swaps |          |          |            |            | Endpts | St/EnPt 
------------------------------------------------------------------------------------------------------------------------------
       0* |       0 |       0 |        0 |      0 |     0 |    +0.0% |  -12.481 |    -9649.5 |   -10790.1 |   6159 | _14085_/D
    1500* |      24 |     861 |      195 |      7 |   107 |    +1.9% |   -7.097 |    -6837.7 |    -9174.6 |   6159 | _14085_/D
    1500+ |      24 |     861 |      195 |      7 |   107 |    +1.9% |   -7.097 |    -6837.7 |    -9174.6 |   6157 | _14085_/D
    final |      24 |     964 |      195 |      7 |   112 |    +2.0% |   -7.096 |    -6693.6 |    -9070.2 |   6157 | _14085_/D
------------------------------------------------------------------------------------------------------------------------------
[INFO RSZ-0059] Removed 24 buffers.
[INFO RSZ-0045] Inserted 195 buffers, 1 to split loads.
[INFO RSZ-0051] Resized 964 instances: 962 up, 2 up match, 0 down, 0 VT
[INFO RSZ-0043] Swapped pins on 112 instances.
[INFO RSZ-0049] Cloned 7 instances.
[WARNING RSZ-0062] Unable to repair all setup violations.
[INFO DPL-0006] Core area: 459534.48 um^2, Instances area: 186324.95 um^2, Utilization: 40.5%
[INFO DPL-0005] Diamond search max displacement: +/- 500 sites horizontally, +/- 100 rows vertically.
[INFO DPL-1101] Legalizing using diamond search.
Movements Summary
---------------------------------------
Total cells:                   17019
Diamond Move Success:          17019 (100.00%)
Diamond Move Failure:              0
Rip-up and replace Success:        0 (  0.00% of diamond failures)
Rip-up and replace Failure:        0
Total Placement Failures:          0
---------------------------------------
Placement Analysis
---------------------------------
total displacement      37428.4 u
average displacement        2.2 u
max displacement           17.4 u
original HPWL          724755.2 u
legalized HPWL         756816.7 u
delta HPWL                    4 %

##POST
worst slack max -7.21
tns max -9201.48
Design area 186325 um^2 41% utilization.
Group                    Internal    Switching      Leakage        Total
                            Power        Power        Power        Power (Watts)
------------------------------------------------------------------------
Sequential           6.099913e-02 2.968128e-03 3.989635e-08 6.396729e-02  69.7%
Combinational        1.155050e-02 1.622599e-02 3.914014e-08 2.777653e-02  30.3%
Clock                0.000000e+00 0.000000e+00 0.000000e+00 0.000000e+00   0.0%
Macro                0.000000e+00 0.000000e+00 0.000000e+00 0.000000e+00   0.0%
Pad                  0.000000e+00 0.000000e+00 0.000000e+00 0.000000e+00   0.0%
------------------------------------------------------------------------
Total                7.254919e-02 1.919413e-02 7.904274e-08 9.174339e-02 100.0%
                            79.1%        20.9%         0.0%
##PATH
Startpoint: rst_n (input port clocked by clk)
Endpoint: _23981_ (recovery check against rising-edge clock clk)
Path Group: asynchronous
Path Type: max

Fanout       Cap      Slew     Delay      Time   Description
-------------------------------------------------------------------------------------
                    0.0000    0.0000    0.0000   clock clk (rise edge)
                              0.0000    0.0000   clock network delay (ideal)
                              0.7500    0.7500 ^ input external delay
     1    0.0038    0.0309    0.0175    0.7675 ^ rst_n (in)
     6    0.0756    0.3649    0.3269    1.0945 ^ fanout2532/X (sky130_fd_sc_hd__buf_2)
     4    0.0254    0.1308    0.2567    1.3512 ^ fanout2312/X (sky130_fd_sc_hd__buf_2)
     5    0.0602    0.1142    0.2126    1.5638 ^ load_slew2313/X (sky130_fd_sc_hd__clkbuf_8)
     2    0.0118    0.1266    0.5550    2.1188 ^ fanout2129/X (sky130_fd_sc_hd__clkdlybuf4s50_1)
     5    0.0306    0.1533    0.2157    2.3345 ^ wire2130/X (sky130_fd_sc_hd__buf_2)
     2    0.0047    0.0657    0.5162    2.8507 ^ fanout2096/X (sky130_fd_sc_hd__clkdlybuf4s50_1)
     6    0.0254    0.2521    0.6300    3.4808 ^ fanout2095/X (sky130_fd_sc_hd__clkdlybuf4s50_1)
     6    0.0255    0.2529    0.6858    4.1666 ^ fanout2091/X (sky130_fd_sc_hd__clkdlybuf4s50_1)
     7    0.0308    0.3069    0.7216    4.8882 ^ fanout2090/X (sky130_fd_sc_hd__clkdlybuf4s50_1)
                    0.3069    0.0001    4.8883 ^ _23981_/RESET_B (sky130_fd_sc_hd__dfrtp_1)
                                        4.8883   data arrival time

                    0.0000    2.5000    2.5000   clock clk (rise edge)
                              0.0000    2.5000   clock network delay (ideal)
                              0.0000    2.5000   clock reconvergence pessimism
                                        2.5000 ^ _23981_/CLK (sky130_fd_sc_hd__dfrtp_1)
                              0.1483    2.6483   library recovery time
                                        2.6483   data required time
-------------------------------------------------------------------------------------
                                        2.6483   data required time
                                       -4.8883   data arrival time
-------------------------------------------------------------------------------------
                                       -2.2401   slack (VIOLATED)


Startpoint: rst_n (input port clocked by clk)
Endpoint: _23964_ (recovery check against rising-edge clock clk)
Path Group: asynchronous
Path Type: max

Fanout       Cap      Slew     Delay      Time   Description
-------------------------------------------------------------------------------------
                    0.0000    0.0000    0.0000   clock clk (rise edge)
                              0.0000    0.0000   clock network delay (ideal)
                              0.7500    0.7500 ^ input external delay
     1    0.0038    0.0309    0.0175    0.7675 ^ rst_n (in)
     6    0.0756    0.3649    0.3269    1.0945 ^ fanout2532/X (sky130_fd_sc_hd__buf_2)
     4    0.0254    0.1308    0.2567    1.3512 ^ fanout2312/X (sky130_fd_sc_hd__buf_2)
     5    0.0602    0.1142    0.2126    1.5638 ^ load_slew2313/X (sky130_fd_sc_hd__clkbuf_8)
     2    0.0118    0.1266    0.5550    2.1188 ^ fanout2129/X (sky130_fd_sc_hd__clkdlybuf4s50_1)
     5    0.0306    0.1533    0.2157    2.3345 ^ wire2130/X (sky130_fd_sc_hd__buf_2)
     2    0.0047    0.0657    0.5162    2.8507 ^ fanout2096/X (sky130_fd_sc_hd__clkdlybuf4s50_1)
     6    0.0254    0.2521    0.6300    3.4808 ^ fanout2095/X (sky130_fd_sc_hd__clkdlybuf4s50_1)
     6    0.0255    0.2529    0.6858    4.1666 ^ fanout2091/X (sky130_fd_sc_hd__clkdlybuf4s50_1)
     7    0.0308    0.3069    0.7216    4.8882 ^ fanout2090/X (sky130_fd_sc_hd__clkdlybuf4s50_1)
                    0.3069    0.0001    4.8883 ^ _23964_/RESET_B (sky130_fd_sc_hd__dfrtp_1)
                                        4.8883   data arrival time

                    0.0000    2.5000    2.5000   clock clk (rise edge)
                              0.0000    2.5000   clock network delay (ideal)
                              0.0000    2.5000   clock reconvergence pessimism
                                        2.5000 ^ _23964_/CLK (sky130_fd_sc_hd__dfrtp_1)
                              0.1483    2.6483   library recovery time
                                        2.6483   data required time
-------------------------------------------------------------------------------------
                                        2.6483   data required time
                                       -4.8883   data arrival time
-------------------------------------------------------------------------------------
                                       -2.2401   slack (VIOLATED)


Startpoint: _13691_ (rising edge-triggered flip-flop clocked by clk)
Endpoint: _14085_ (rising edge-triggered flip-flop clocked by clk)
Path Group: clk
Path Type: max

Fanout       Cap      Slew     Delay      Time   Description
-------------------------------------------------------------------------------------
                    0.0000    0.0000    0.0000   clock clk (rise edge)
                              0.0000    0.0000   clock network delay (ideal)
                    0.0000    0.0000    0.0000 ^ _13691_/CLK (sky130_fd_sc_hd__dfrtp_2)
     6    0.0397    0.1993    0.4514    0.4514 ^ _13691_/Q (sky130_fd_sc_hd__dfrtp_2)
     5    0.0146    0.0432    0.1398    0.5912 ^ split/X (sky130_fd_sc_hd__buf_6)
     2    0.0127    0.1102    0.1599    0.7511 ^ _10207_/X (sky130_fd_sc_hd__lpflow_isobufsrc_4)
     2    0.0072    0.0578    0.0471    0.7982 v _10213_/Y (sky130_fd_sc_hd__a211oi_4)
     7    0.0208    0.0339    0.1324    0.9307 v load_slew1706/X (sky130_fd_sc_hd__buf_6)
     1    0.0049    0.3207    0.3386    1.2692 ^ _10223_/Y (sky130_fd_sc_hd__a222oi_1)
     4    0.0116    0.1311    0.1535    1.4227 v _10225_/Y (sky130_fd_sc_hd__nand3_2)
     2    0.0056    0.0322    0.1939    1.6166 v _10234_/X (sky130_fd_sc_hd__and2_4)
     3    0.0085    0.0312    0.1223    1.7389 v _10305_/X (sky130_fd_sc_hd__lpflow_isobufsrc_4)
     1    0.0022    0.0383    0.2121    1.9510 v _10321_/X (sky130_fd_sc_hd__a22o_1)
     1    0.0028    0.1063    0.1068    2.0577 ^ _10322_/Y (sky130_fd_sc_hd__a21oi_1)
     1    0.0044    0.0826    0.1107    2.1684 v _10323_/Y (sky130_fd_sc_hd__o211ai_1)
     2    0.0126    0.0355    0.1590    2.3274 v fanout873/X (sky130_fd_sc_hd__buf_4)
     2    0.0116    0.0252    0.1160    2.4434 v fanout870/X (sky130_fd_sc_hd__buf_12)
     1    0.0112    0.1794    0.2076    2.6509 ^ _10324_/Y (sky130_fd_sc_hd__nor3_4)
     3    0.0422    0.0924    0.1744    2.8254 ^ fanout849/X (sky130_fd_sc_hd__buf_6)
     5    0.0450    0.0641    0.1346    2.9600 ^ rebuffer2756/X (sky130_fd_sc_hd__buf_12)
     7    0.0415    0.0765    0.1313    3.0913 ^ fanout846/X (sky130_fd_sc_hd__buf_8)
     2    0.0070    0.1017    0.0884    3.1797 v _10340_/Y (sky130_fd_sc_hd__a22oi_1)
     2    0.0318    0.1739    0.1746    3.3543 ^ _10342_/Y (sky130_fd_sc_hd__nand2_2)
     4    0.0482    0.1516    0.2608    3.6151 ^ fanout776/X (sky130_fd_sc_hd__clkbuf_4)
     6    0.0306    0.1562    0.1999    3.8150 v _14383_/Y (sky130_fd_sc_hd__clkinvlp_4)
     8    0.0551    0.0796    0.2406    4.0555 v fanout477/X (sky130_fd_sc_hd__buf_4)
     5    0.0343    0.0437    0.1534    4.2089 v load_slew478/X (sky130_fd_sc_hd__buf_6)
     1    0.0030    0.1309    0.1576    4.3665 ^ _14961_/Y (sky130_fd_sc_hd__o22ai_1)
     1    0.0034    0.0834    0.0676    4.4342 v _14962_/Y (sky130_fd_sc_hd__a221oi_1)
     1    0.0042    0.0856    0.1092    4.5434 ^ _14963_/Y (sky130_fd_sc_hd__nand4_1)
     2    0.0078    0.0586    0.0742    4.6176 v _14974_/Y (sky130_fd_sc_hd__nor4_1)
     3    0.0381    0.0738    0.2418    4.8594 v _14975_/X (sky130_fd_sc_hd__and4_4)
     6    0.0455    0.0523    0.1588    5.0182 v fanout250/X (sky130_fd_sc_hd__buf_6)
     2    0.0065    0.0674    0.2461    5.2644 v _16346_/X (sky130_fd_sc_hd__lpflow_inputiso1p_1)
     1    0.0039    0.2083    0.2209    5.4852 ^ _17287_/Y (sky130_fd_sc_hd__nor4_2)
     2    0.0222    0.2887    0.2938    5.7790 v _17289_/Y (sky130_fd_sc_hd__nand4b_1)
     2    0.0128    0.0789    0.4920    6.2711 v _10259_/X (sky130_fd_sc_hd__or3_4)
     2    0.0055    0.2602    0.2063    6.4773 ^ _10262_/Y (sky130_fd_sc_hd__a2111oi_4)
     1    0.0298    0.0927    0.2133    6.6906 ^ max_cap68/X (sky130_fd_sc_hd__buf_4)
     3    0.0202    0.0511    0.1231    6.8137 ^ wire65/X (sky130_fd_sc_hd__buf_6)
     2    0.0076    0.0621    0.2259    7.0396 ^ _10264_/X (sky130_fd_sc_hd__and4_4)
     2    0.0071    0.1446    0.1292    7.1688 v _10266_/Y (sky130_fd_sc_hd__nand4_1)
     2    0.0055    0.2428    0.2736    7.4424 ^ _10268_/Y (sky130_fd_sc_hd__nor4_2)
     3    0.0123    0.0702    0.1869    7.6292 ^ load_slew11/X (sky130_fd_sc_hd__buf_2)
     2    0.0147    0.2142    0.1969    7.8261 v _10272_/Y (sky130_fd_sc_hd__nand4_1)
     1    0.0026    0.1848    0.2511    8.0772 ^ _10275_/Y (sky130_fd_sc_hd__nor4_2)
     2    0.0058    0.0431    0.1477    8.2249 ^ wire7/X (sky130_fd_sc_hd__buf_2)
     2    0.0115    0.1969    0.1620    8.3870 v _10278_/Y (sky130_fd_sc_hd__nand4_1)
     2    0.0062    0.2161    0.2712    8.6582 ^ _10280_/Y (sky130_fd_sc_hd__nor4_4)
     2    0.0108    0.0636    0.1741    8.8322 ^ load_slew3/X (sky130_fd_sc_hd__buf_2)
     2    0.0136    0.2202    0.1860    9.0182 v _10283_/Y (sky130_fd_sc_hd__nand4_1)
     4    0.0112    0.1898    0.2613    9.2795 ^ _10285_/Y (sky130_fd_sc_hd__nor3_4)
     1    0.0053    0.1352    0.1397    9.4192 v _10288_/Y (sky130_fd_sc_hd__nand4_1)
     1    0.0025    0.0537    0.1578    9.5770 v _10993_/Y (sky130_fd_sc_hd__xnor2_1)
                    0.0537    0.0000    9.5770 v _14085_/D (sky130_fd_sc_hd__dfrtp_1)
                                        9.5770   data arrival time

                    0.0000    2.5000    2.5000   clock clk (rise edge)
                              0.0000    2.5000   clock network delay (ideal)
                              0.0000    2.5000   clock reconvergence pessimism
                                        2.5000 ^ _14085_/CLK (sky130_fd_sc_hd__dfrtp_1)
                             -0.1284    2.3716   library setup time
                                        2.3716   data required time
-------------------------------------------------------------------------------------
                                        2.3716   data required time
                                       -9.5770   data arrival time
-------------------------------------------------------------------------------------
                                       -7.2054   slack (VIOLATED)


Startpoint: _13691_ (rising edge-triggered flip-flop clocked by clk)
Endpoint: _14084_ (rising edge-triggered flip-flop clocked by clk)
Path Group: clk
Path Type: max

Fanout       Cap      Slew     Delay      Time   Description
-------------------------------------------------------------------------------------
                    0.0000    0.0000    0.0000   clock clk (rise edge)
                              0.0000    0.0000   clock network delay (ideal)
                    0.0000    0.0000    0.0000 ^ _13691_/CLK (sky130_fd_sc_hd__dfrtp_2)
     6    0.0397    0.1993    0.4514    0.4514 ^ _13691_/Q (sky130_fd_sc_hd__dfrtp_2)
     5    0.0146    0.0432    0.1398    0.5912 ^ split/X (sky130_fd_sc_hd__buf_6)
     2    0.0127    0.1102    0.1599    0.7511 ^ _10207_/X (sky130_fd_sc_hd__lpflow_isobufsrc_4)
     2    0.0072    0.0578    0.0471    0.7982 v _10213_/Y (sky130_fd_sc_hd__a211oi_4)
     7    0.0208    0.0339    0.1324    0.9307 v load_slew1706/X (sky130_fd_sc_hd__buf_6)
     1    0.0049    0.3207    0.3386    1.2692 ^ _10223_/Y (sky130_fd_sc_hd__a222oi_1)
     4    0.0116    0.1311    0.1535    1.4227 v _10225_/Y (sky130_fd_sc_hd__nand3_2)
     2    0.0056    0.0322    0.1939    1.6166 v _10234_/X (sky130_fd_sc_hd__and2_4)
     3    0.0085    0.0312    0.1223    1.7389 v _10305_/X (sky130_fd_sc_hd__lpflow_isobufsrc_4)
     1    0.0022    0.0383    0.2121    1.9510 v _10321_/X (sky130_fd_sc_hd__a22o_1)
     1    0.0028    0.1063    0.1068    2.0577 ^ _10322_/Y (sky130_fd_sc_hd__a21oi_1)
     1    0.0044    0.0826    0.1107    2.1684 v _10323_/Y (sky130_fd_sc_hd__o211ai_1)
     2    0.0126    0.0355    0.1590    2.3274 v fanout873/X (sky130_fd_sc_hd__buf_4)
     2    0.0116    0.0252    0.1160    2.4434 v fanout870/X (sky130_fd_sc_hd__buf_12)
     1    0.0112    0.1794    0.2076    2.6509 ^ _10324_/Y (sky130_fd_sc_hd__nor3_4)
     3    0.0422    0.0924    0.1744    2.8254 ^ fanout849/X (sky130_fd_sc_hd__buf_6)
     5    0.0450    0.0641    0.1346    2.9600 ^ rebuffer2756/X (sky130_fd_sc_hd__buf_12)
     7    0.0415    0.0765    0.1313    3.0913 ^ fanout846/X (sky130_fd_sc_hd__buf_8)
     2    0.0070    0.1017    0.0884    3.1797 v _10340_/Y (sky130_fd_sc_hd__a22oi_1)
     2    0.0318    0.1739    0.1746    3.3543 ^ _10342_/Y (sky130_fd_sc_hd__nand2_2)
     4    0.0482    0.1516    0.2608    3.6151 ^ fanout776/X (sky130_fd_sc_hd__clkbuf_4)
     6    0.0306    0.1562    0.1999    3.8150 v _14383_/Y (sky130_fd_sc_hd__clkinvlp_4)
     8    0.0551    0.0796    0.2406    4.0555 v fanout477/X (sky130_fd_sc_hd__buf_4)
     5    0.0343    0.0437    0.1534    4.2089 v load_slew478/X (sky130_fd_sc_hd__buf_6)
     1    0.0030    0.1309    0.1576    4.3665 ^ _14961_/Y (sky130_fd_sc_hd__o22ai_1)
     1    0.0034    0.0834    0.0676    4.4342 v _14962_/Y (sky130_fd_sc_hd__a221oi_1)
     1    0.0042    0.0856    0.1092    4.5434 ^ _14963_/Y (sky130_fd_sc_hd__nand4_1)
     2    0.0078    0.0586    0.0742    4.6176 v _14974_/Y (sky130_fd_sc_hd__nor4_1)
     3    0.0381    0.0738    0.2418    4.8594 v _14975_/X (sky130_fd_sc_hd__and4_4)
     6    0.0455    0.0523    0.1588    5.0182 v fanout250/X (sky130_fd_sc_hd__buf_6)
     2    0.0065    0.0674    0.2461    5.2644 v _16346_/X (sky130_fd_sc_hd__lpflow_inputiso1p_1)
     1    0.0039    0.2083    0.2209    5.4852 ^ _17287_/Y (sky130_fd_sc_hd__nor4_2)
     2    0.0222    0.2887    0.2938    5.7790 v _17289_/Y (sky130_fd_sc_hd__nand4b_1)
     2    0.0128    0.0789    0.4920    6.2711 v _10259_/X (sky130_fd_sc_hd__or3_4)
     2    0.0055    0.2602    0.2063    6.4773 ^ _10262_/Y (sky130_fd_sc_hd__a2111oi_4)
     1    0.0298    0.0927    0.2133    6.6906 ^ max_cap68/X (sky130_fd_sc_hd__buf_4)
     3    0.0202    0.0511    0.1231    6.8137 ^ wire65/X (sky130_fd_sc_hd__buf_6)
     2    0.0076    0.0621    0.2259    7.0396 ^ _10264_/X (sky130_fd_sc_hd__and4_4)
     2    0.0071    0.1446    0.1292    7.1688 v _10266_/Y (sky130_fd_sc_hd__nand4_1)
     2    0.0055    0.2428    0.2736    7.4424 ^ _10268_/Y (sky130_fd_sc_hd__nor4_2)
     3    0.0123    0.0702    0.1869    7.6292 ^ load_slew11/X (sky130_fd_sc_hd__buf_2)
     2    0.0147    0.2142    0.1969    7.8261 v _10272_/Y (sky130_fd_sc_hd__nand4_1)
     1    0.0026    0.1848    0.2511    8.0772 ^ _10275_/Y (sky130_fd_sc_hd__nor4_2)
     2    0.0058    0.0431    0.1477    8.2249 ^ wire7/X (sky130_fd_sc_hd__buf_2)
     2    0.0115    0.1969    0.1620    8.3870 v _10278_/Y (sky130_fd_sc_hd__nand4_1)
     2    0.0062    0.2161    0.2712    8.6582 ^ _10280_/Y (sky130_fd_sc_hd__nor4_4)
     2    0.0108    0.0636    0.1741    8.8322 ^ load_slew3/X (sky130_fd_sc_hd__buf_2)
     2    0.0136    0.2202    0.1860    9.0182 v _10283_/Y (sky130_fd_sc_hd__nand4_1)
     4    0.0112    0.1898    0.2613    9.2795 ^ _10285_/Y (sky130_fd_sc_hd__nor3_4)
     1    0.0050    0.1165    0.1175    9.3970 v _10287_/Y (sky130_fd_sc_hd__nand3_1)
     1    0.0024    0.0571    0.1492    9.5463 v _10289_/Y (sky130_fd_sc_hd__xnor2_1)
                    0.0571    0.0000    9.5463 v _14084_/D (sky130_fd_sc_hd__dfrtp_1)
                                        9.5463   data arrival time

                    0.0000    2.5000    2.5000   clock clk (rise edge)
                              0.0000    2.5000   clock network delay (ideal)
                              0.0000    2.5000   clock reconvergence pessimism
                                        2.5000 ^ _14084_/CLK (sky130_fd_sc_hd__dfrtp_1)
                             -0.1299    2.3701   library setup time
                                        2.3701   data required time
-------------------------------------------------------------------------------------
                                        2.3701   data required time
                                       -9.5463   data arrival time
-------------------------------------------------------------------------------------
                                       -7.1762   slack (VIOLATED)


