[INFO] USER_ID: 1000, GROUP_ID: 1000
[INFO] Final PATH variable: /foss/tools/bin:/foss/tools/sak:/usr/local/sbin:/usr/local/sbin:/usr/local/bin:/usr/sbin:/usr/bin:/sbin:/bin:/foss/tools/kactus2:/foss/tools/klayout:/foss/tools/osic-multitool
[INFO] Final PYTHONPATH variable: /usr/lib/python312.zip:/usr/lib/python3.12:/usr/lib/python3.12/lib-dynload:/usr/local/lib/python3.12/dist-packages:/usr/lib/python3/dist-packages:/foss/tools/ngspyce/local/lib/python3.12/dist-packages:/foss/tools/openems/local/lib/python3.12/dist-packages:/foss/tools/pyopus/local/lib/python3.12/dist-packages:/foss/tools/yosys/share/yosys/python3:/foss/tools/klayout/pymod:/foss/tools/vacask/lib/vacask/python
[INFO] SKIPPING UI STARTUP
[INFO] Executing command: 'bash -lc openroad -no_init -exit /foss/designs/syn/fmax_opt/opt.tcl 2>&1'
OpenROAD 26Q2-1164-g08f67ee5e 
Features included (+) or not (-): +GPU +GUI +Python
This program is licensed under the BSD-3 license. See the LICENSE file for details.
Components of this program may be licensed under more restrictive licenses which must be honored.
[INFO ODB-0227] LEF file: /foss/pdks/sky130A/libs.ref/sky130_fd_sc_hd/techlef/sky130_fd_sc_hd__nom.tlef, created 14 layers, 25 vias
[WARNING ODB-0220] WARNING (LEFPARS-2008): NOWIREEXTENSIONATPIN statement is obsolete in version 5.6 or later.
The NOWIREEXTENSIONATPIN statement will be ignored. See file /foss/pdks/sky130A/libs.ref/sky130_fd_sc_hd/lef/sky130_fd_sc_hd.lef at line 2.

[INFO ODB-0227] LEF file: /foss/pdks/sky130A/libs.ref/sky130_fd_sc_hd/lef/sky130_fd_sc_hd.lef, created 437 library cells
[INFO IFP-0107] Defining die area using utilization: 35.00% and aspect ratio: 1.
[WARNING IFP-0028] Core area lower left (5.000, 5.000) snapped to (5.060, 5.440).
[INFO IFP-0001] Added 466 rows of 2760 site unithd.
[INFO IFP-0100] Die BBox:  (  0.000  0.000 ) ( 1279.845 1279.845 ) um
[INFO IFP-0101] Core BBox: (  5.060  5.440 ) ( 1274.660 1272.960 ) um
[INFO IFP-0102] Core area:                      1609243.392 um^2
[INFO IFP-0103] Total instances area:            564376.282 um^2
[INFO IFP-0104] Effective utilization:                0.351
[INFO IFP-0105] Number of instances:                  57725
Found 0 macro blocks.
Using 2 tracks default min distance between IO pins.
[INFO PPL-0001] Number of available slots 4652
[INFO PPL-0002] Number of I/O             396
[INFO PPL-0003] Number of I/O w/sink      315
[INFO PPL-0004] Number of I/O w/o sink    81
[INFO PPL-0005] Slots per section         200
[INFO PPL-0008] Successfully assigned pins to sections.
[INFO PPL-0012] I/O nets HPWL: 213852.50 um.
[INFO GPL-0001] ---- Initialize GPL Main Data Structures
[INFO GPL-0002] DBU: 1000
[INFO GPL-0003] SiteSize: (  0.460  2.720 ) um
[INFO GPL-0004] CoreBBox: (  5.060  5.440 ) ( 1274.660 1272.960 ) um
[INFO GPL-0036] Movable instances area:     564376.282 um^2
[INFO GPL-0037] Total instances area:       564376.282 um^2
[INFO GPL-0035] Pin density area adjust:     75806.676 um^2
[INFO GPL-0032] ---- Initialize Region: Top-level
[INFO GPL-0006] Number of instances:             57725
[INFO GPL-0007] Movable instances:               57725
[INFO GPL-0008] Fixed instances:                     0
[INFO GPL-0009] Dummy instances:                     0
[INFO GPL-0010] Number of nets:                  57905
[INFO GPL-0011] Number of pins:                 247280
[INFO GPL-0012] Die BBox:  (  0.000  0.000 ) ( 1279.845 1279.845 ) um
[INFO GPL-0013] Core BBox: (  5.060  5.440 ) ( 1274.660 1272.960 ) um
[INFO GPL-0016] Core area:                  1609243.392 um^2
[INFO GPL-0014] Region name: top-level.
[INFO GPL-0015] Region area:                1609243.392 um^2
[INFO GPL-0017] Fixed instances area:            0.000 um^2
[INFO GPL-0018] Movable instances area:     640182.957 um^2
[INFO GPL-0019] Utilization:                    39.782 %
[INFO GPL-0020] Standard cells area:        640182.957 um^2
[INFO GPL-0021] Large instances area:            0.000 um^2
[INFO GPL-0005] ---- Execute Conjugate Gradient Initial Placement.
[INFO GPL-0051] Source of initial instance position counters:
	Odb location = 0	Core center = 57725	Region center = 0
[InitialPlace]  Iter: 1 conjugate gradient residual: 0.00530449 HPWL: 790425500
[InitialPlace]  Iter: 2 conjugate gradient residual: 0.00655069 HPWL: 679056973
[InitialPlace]  Iter: 3 conjugate gradient residual: 0.00110752 HPWL: 667905197
[InitialPlace]  Iter: 4 conjugate gradient residual: 0.00081615 HPWL: 663009322
[InitialPlace]  Iter: 5 conjugate gradient residual: 0.00073802 HPWL: 656842123
[InitialPlace]  Iter: 6 conjugate gradient residual: 0.00067537 HPWL: 653720647
[InitialPlace]  Iter: 7 conjugate gradient residual: 0.00072869 HPWL: 650131532
[InitialPlace]  Iter: 8 conjugate gradient residual: 0.00196929 HPWL: 649420355
[InitialPlace]  Iter: 9 conjugate gradient residual: 0.00057439 HPWL: 642178322
[InitialPlace]  Iter: 10 conjugate gradient residual: 0.00135430 HPWL: 639494378
[InitialPlace]  Iter: 11 conjugate gradient residual: 0.00066938 HPWL: 636085070
[InitialPlace]  Iter: 12 conjugate gradient residual: 0.00065276 HPWL: 633934834
[InitialPlace]  Iter: 13 conjugate gradient residual: 0.00050839 HPWL: 630950708
[InitialPlace]  Iter: 14 conjugate gradient residual: 0.00058934 HPWL: 626095230
[InitialPlace]  Iter: 15 conjugate gradient residual: 0.00109191 HPWL: 621619245
[InitialPlace]  Iter: 16 conjugate gradient residual: 0.00069931 HPWL: 618087786
[InitialPlace]  Iter: 17 conjugate gradient residual: 0.00050813 HPWL: 614673310
[InitialPlace]  Iter: 18 conjugate gradient residual: 0.00077207 HPWL: 609933825
[InitialPlace]  Iter: 19 conjugate gradient residual: 0.00093195 HPWL: 606228757
[InitialPlace]  Iter: 20 conjugate gradient residual: 0.00260228 HPWL: 602118042
[INFO GPL-0033] ---- Initialize Nesterov Region: Top-level
[INFO GPL-0023] Placement target density:       0.5500
[INFO GPL-0024] Movable insts average area:     11.090 um^2
[INFO GPL-0025] Ideal bin area:                 20.164 um^2
[INFO GPL-0026] Ideal bin count:                 79807
[INFO GPL-0027] Total bin area:             1609243.392 um^2
[INFO GPL-0028] Bin count (X, Y):         256 ,    256
[INFO GPL-0029] Bin size (W * H):       4.959 *  4.951 um
[INFO GPL-0030] Number of bins:                  65536
[INFO GPL-0084] ---- Execute Nesterov Global Placement.
[INFO GPL-0031] HPWL: Half-Perimeter Wirelength
Iteration | Overflow |     HPWL (um) |  HPWL(%) |   Penalty | Group
---------------------------------------------------------------
        0 |   0.9973 |  2.419310e+05 |   +0.00% |  5.23e-17 |      
       10 |   0.9929 |  3.046602e+05 |  +25.93% |  8.46e-17 |      
       20 |   0.9913 |  3.311826e+05 |   +8.71% |  1.37e-16 |      
       30 |   0.9909 |  3.432449e+05 |   +3.64% |  2.23e-16 |      
       40 |   0.9907 |  3.512157e+05 |   +2.32% |  3.64e-16 |      
       50 |   0.9907 |  3.594804e+05 |   +2.35% |  5.92e-16 |      
       60 |   0.9906 |  3.686288e+05 |   +2.54% |  9.63e-16 |      
       70 |   0.9903 |  3.785139e+05 |   +2.68% |  1.57e-15 |      
       80 |   0.9901 |  3.876391e+05 |   +2.41% |  2.55e-15 |      
       90 |   0.9898 |  3.948104e+05 |   +1.85% |  4.15e-15 |      
      100 |   0.9896 |  4.001474e+05 |   +1.35% |  6.76e-15 |      
      110 |   0.9894 |  4.042110e+05 |   +1.02% |  1.10e-14 |      
      120 |   0.9892 |  4.073160e+05 |   +0.77% |  1.79e-14 |      
      130 |   0.9891 |  4.099639e+05 |   +0.65% |  2.92e-14 |      
      140 |   0.9887 |  4.127630e+05 |   +0.68% |  4.75e-14 |      
      150 |   0.9885 |  4.164336e+05 |   +0.89% |  7.73e-14 |      
      160 |   0.9883 |  4.225539e+05 |   +1.47% |  1.26e-13 |      
      170 |   0.9880 |  4.330719e+05 |   +2.49% |  2.05e-13 |      
      180 |   0.9873 |  4.508897e+05 |   +4.11% |  3.33e-13 |      
      190 |   0.9861 |  4.814531e+05 |   +6.78% |  5.41e-13 |      
      200 |   0.9842 |  5.306182e+05 |  +10.21% |  8.76e-13 |      
      210 |   0.9813 |  5.989898e+05 |  +12.89% |  1.42e-12 |      
      220 |   0.9773 |  6.859783e+05 |  +14.52% |  2.29e-12 |      
      230 |   0.9720 |  7.957660e+05 |  +16.00% |  3.68e-12 |      
      240 |   0.9646 |  9.318461e+05 |  +17.10% |  5.91e-12 |      
      250 |   0.9544 |  1.088702e+06 |  +16.83% |  9.47e-12 |      
      260 |   0.9413 |  1.253171e+06 |  +15.11% |  1.51e-11 |      
      270 |   0.9240 |  1.420719e+06 |  +13.37% |  2.42e-11 |      
      280 |   0.9021 |  1.611521e+06 |  +13.43% |  3.87e-11 |      
      290 |   0.8763 |  1.842706e+06 |  +14.35% |  6.14e-11 |      
      300 |   0.8453 |  2.108376e+06 |  +14.42% |  9.73e-11 |      
      310 |   0.8105 |  2.517105e+06 |  +19.39% |  1.52e-10 |      
      320 |   0.7715 |  2.693444e+06 |   +7.01% |  2.41e-10 |      
      330 |   0.7235 |  2.859692e+06 |   +6.17% |  3.86e-10 |      
      340 |   0.6726 |  3.032696e+06 |   +6.05% |  6.18e-10 |      
      350 |   0.6124 |  3.202334e+06 |   +5.59% |  9.88e-10 |      
      360 |   0.5418 |  3.448226e+06 |   +7.68% |  1.57e-09 |      
      370 |   0.4794 |  3.560808e+06 |   +3.26% |  2.52e-09 |      
      380 |   0.4299 |  3.629926e+06 |   +1.94% |  4.07e-09 |      
      390 |   0.3841 |  3.665185e+06 |   +0.97% |  6.60e-09 |      
      400 |   0.3425 |  3.691230e+06 |   +0.71% |  1.07e-08 |      
      410 |   0.3178 |  3.678766e+06 |   -0.34% |  1.58e-08 |      
      420 |   0.2887 |  3.673242e+06 |   -0.15% |  2.32e-08 |      
      430 |   0.2625 |  3.671360e+06 |   -0.05% |  3.42e-08 |      
      440 |   0.2356 |  3.665971e+06 |   -0.15% |  5.04e-08 |      
      450 |   0.2086 |  3.659712e+06 |   -0.17% |  7.43e-08 |      
      460 |   0.1855 |  3.654619e+06 |   -0.14% |  1.09e-07 |      
      470 |   0.1615 |  3.650574e+06 |   -0.11% |  1.61e-07 |      
      480 |   0.1406 |  3.647026e+06 |   -0.10% |  2.38e-07 |      
      490 |   0.1233 |  3.644953e+06 |   -0.06% |  3.50e-07 |      
      500 |   0.1086 |  3.643621e+06 |   -0.04% |  5.15e-07 |      
      507 |   0.0992 |  3.643121e+06 |          |  7.03e-07 |      
---------------------------------------------------------------
[INFO GPL-1001] Global placement finished at iteration 507
[INFO GPL-1002] Placed Cell Area            640182.9573
[INFO GPL-1003] Available Free Area         1609243.3920
[INFO GPL-1004] Minimum Feasible Density        0.4000 (cell_area / free_area)
[INFO GPL-1006]   Suggested Target Densities:
[INFO GPL-1007]     - For 90% usage of free space: 0.4420
[INFO GPL-1008]     - For 80% usage of free space: 0.4973
[INFO GPL-1009]     - For 50% usage of free space: 0.7956
[INFO GPL-1014] Final placement area: 640182.96 (+0.00%)
##PRE
worst slack max -196.14
##PREPATH
Startpoint: rst_n (input port clocked by clk)
Endpoint: _103384_ (recovery check against rising-edge clock clk)
Path Group: asynchronous
Path Type: max

Fanout      Slew     Delay      Time   Description
----------------------------------------------------------------------------
          0.0000    0.0000    0.0000   clock clk (rise edge)
                    0.0000    0.0000   clock network delay (ideal)
                    0.7500    0.7500 ^ input external delay
  9758  205.8393  142.3615  143.1115 ^ rst_n (in)
        205.8557    0.0000  143.1115 ^ _103384_/RESET_B (sky130_fd_sc_hd__dfrtp_1)
                            143.1115   data arrival time

          0.0000    2.5000    2.5000   clock clk (rise edge)
                    0.0000    2.5000   clock network delay (ideal)
                    0.0000    2.5000   clock reconvergence pessimism
                              2.5000 ^ _103384_/CLK (sky130_fd_sc_hd__dfrtp_1)
                  -55.5288  -53.0288   library recovery time
                            -53.0288   data required time
----------------------------------------------------------------------------
                            -53.0288   data required time
                           -143.1115   data arrival time
----------------------------------------------------------------------------
                           -196.1403   slack (VIOLATED)


Startpoint: _095775_ (rising edge-triggered flip-flop clocked by clk)
Endpoint: araddr[7] (output port clocked by clk)
Path Group: clk
Path Type: max

Fanout      Slew     Delay      Time   Description
----------------------------------------------------------------------------
          0.0000    0.0000    0.0000   clock clk (rise edge)
                    0.0000    0.0000   clock network delay (ideal)
          0.0000    0.0000    0.0000 ^ _095775_/CLK (sky130_fd_sc_hd__dfrtp_1)
    56    1.4951    1.3351    1.3351 ^ _095775_/Q (sky130_fd_sc_hd__dfrtp_1)
    14    0.6016    0.7999    2.1350 v _046654_/Y (sky130_fd_sc_hd__clkinv_1)
    20    1.8244    1.5938    3.7288 ^ _047206_/Y (sky130_fd_sc_hd__o21ai_0)
    75    2.4834    2.6785    6.4073 v _047240_/Y (sky130_fd_sc_hd__nor3_1)
     3    0.7065    1.2011    7.6084 ^ _047248_/Y (sky130_fd_sc_hd__nor4_1)
     3    0.2400    0.2604    7.8688 v _047264_/Y (sky130_fd_sc_hd__nand4_1)
    77   10.7080    8.1960   16.0648 ^ _047290_/Y (sky130_fd_sc_hd__nor4b_1)
     9    2.2246    3.5543   19.6191 v _047436_/Y (sky130_fd_sc_hd__a2111oi_0)
    11    0.2419    1.2716   20.8907 v _047525_/X (sky130_fd_sc_hd__or4b_1)
     8    0.2621    0.4845   21.3751 ^ _047652_/X (sky130_fd_sc_hd__and4b_1)
    12    0.2685    0.6715   22.0466 v _047785_/X (sky130_fd_sc_hd__or4b_1)
    10    0.3685    0.5671   22.6137 ^ _047916_/X (sky130_fd_sc_hd__and4b_1)
    10    0.2730    0.6873   23.3010 v _048040_/X (sky130_fd_sc_hd__or4b_1)
     9    0.3710    0.5738   23.8748 ^ _048173_/X (sky130_fd_sc_hd__and4b_1)
    11    0.2796    0.6906   24.5654 v _048303_/X (sky130_fd_sc_hd__or4b_1)
    10    0.3572    0.5666   25.1320 ^ _048435_/X (sky130_fd_sc_hd__and4b_1)
    11    0.2544    0.6645   25.7965 v _048562_/X (sky130_fd_sc_hd__or4b_1)
    11    0.2870    0.5036   26.3001 ^ _048689_/X (sky130_fd_sc_hd__and4b_1)
    11    0.3812    0.3766   26.6767 v _048819_/Y (sky130_fd_sc_hd__nand4b_1)
     2    0.3272    0.4531   27.1298 ^ _049217_/Y (sky130_fd_sc_hd__nor4b_1)
     8    0.2158    0.3027   27.4325 ^ _049453_/X (sky130_fd_sc_hd__or4_1)
     6    0.3263    0.2448   27.6774 v _049857_/Y (sky130_fd_sc_hd__nand4_1)
    73   15.0925   11.2559   38.9333 ^ _049858_/Y (sky130_fd_sc_hd__nor4_1)
    36    8.6163   20.4199   59.3532 v _051597_/Y (sky130_fd_sc_hd__a2111oi_0)
    25    1.6270    5.0833   64.4365 ^ _051600_/Y (sky130_fd_sc_hd__nand3_1)
     1    0.2498    0.3067   64.7432 v _054917_/Y (sky130_fd_sc_hd__a2111oi_0)
     1    0.1054    0.2335   64.9767 v _054918_/Y (sky130_fd_sc_hd__nor4b_1)
     1    0.0641    0.0995   65.0762 ^ _054953_/Y (sky130_fd_sc_hd__nand4_1)
     1    0.1780    0.2003   65.2765 ^ _054954_/X (sky130_fd_sc_hd__or4_1)
     1    0.1520    0.1695   65.4459 v _055352_/Y (sky130_fd_sc_hd__nand4_1)
     4    1.6275    1.3573   66.8032 ^ _056934_/Y (sky130_fd_sc_hd__nor4_1)
    19    0.7576    0.7089   67.5121 v _057389_/Y (sky130_fd_sc_hd__nand4_1)
   169   38.8200   29.0625   96.5746 ^ _057517_/Y (sky130_fd_sc_hd__nor4_1)
    18   10.2433   11.7005  108.2751 v _057518_/Y (sky130_fd_sc_hd__nor3_1)
     1    1.4767    2.7272  111.0023 ^ _057881_/Y (sky130_fd_sc_hd__o22ai_1)
     1    0.2446    0.1432  111.1455 v _057888_/Y (sky130_fd_sc_hd__nor4_1)
     2    0.1916    0.2461  111.3916 ^ _057889_/Y (sky130_fd_sc_hd__nand4_1)
    11    0.1802    0.1931  111.5847 v _057890_/Y (sky130_fd_sc_hd__nor4_1)
    12    0.3964    0.3344  111.9191 ^ _057978_/Y (sky130_fd_sc_hd__nand4_1)
     3    0.1563    0.1943  112.1135 ^ _058060_/Y (sky130_fd_sc_hd__nand4b_1)
    13    0.3767    0.3764  112.4899 ^ _058142_/X (sky130_fd_sc_hd__or4_1)
    11    0.1715    0.3679  112.8578 v _058224_/X (sky130_fd_sc_hd__and4b_1)
    11    0.3642    0.3171  113.1749 ^ _058305_/Y (sky130_fd_sc_hd__nand4_1)
    11    0.2167    0.2598  113.4347 v _058383_/Y (sky130_fd_sc_hd__nor4bb_1)
    11    0.3607    0.3348  113.7695 ^ _058464_/Y (sky130_fd_sc_hd__nand4_1)
    11    0.1528    0.3500  114.1195 v _058546_/X (sky130_fd_sc_hd__and4b_1)
    12    0.4393    0.3583  114.4777 ^ _058627_/Y (sky130_fd_sc_hd__nand4_1)
     1    0.0397    0.2416  114.7193 v _058837_/X (sky130_fd_sc_hd__and4b_1)
     1    0.4744    0.3735  115.0928 ^ _059032_/Y (sky130_fd_sc_hd__a2111oi_0)
     1    0.1048    0.1550  115.2478 v _059033_/Y (sky130_fd_sc_hd__nand4_1)
    18    1.9203    1.5190  116.7668 ^ _059034_/Y (sky130_fd_sc_hd__a211oi_1)
    17    0.8306    1.1966  117.9633 v _059035_/Y (sky130_fd_sc_hd__clkinv_1)
    39    3.4831    2.6597  120.6230 ^ _062823_/Y (sky130_fd_sc_hd__nand3_1)
     1    0.4020    0.2947  120.9178 v _078096_/Y (sky130_fd_sc_hd__o22ai_1)
     1    0.0821    0.6184  121.5362 v _078229_/X (sky130_fd_sc_hd__or4_1)
     1    0.3893    0.3910  121.9272 ^ _078385_/Y (sky130_fd_sc_hd__nor4_1)
     1    0.8648    0.7663  122.6935 v _078870_/Y (sky130_fd_sc_hd__nand4_1)
          0.8649    0.0045  122.6980 v araddr[7] (out)
                            122.6980   data arrival time

          0.0000    2.5000    2.5000   clock clk (rise edge)
                    0.0000    2.5000   clock network delay (ideal)
                    0.0000    2.5000   clock reconvergence pessimism
                   -0.7500    1.7500   output external delay
                              1.7500   data required time
----------------------------------------------------------------------------
                              1.7500   data required time
                           -122.6980   data arrival time
----------------------------------------------------------------------------
                           -120.9480   slack (VIOLATED)


Iteration |   Area    | Resized | Buffers | Nets repaired | Remaining
---------------------------------------------------------------------
        0 |     +0.0% |       0 |       0 |             0 |     57905
