[INFO] USER_ID: 1000, GROUP_ID: 1000
[INFO] Final PATH variable: /foss/tools/bin:/foss/tools/sak:/usr/local/sbin:/usr/local/sbin:/usr/local/bin:/usr/sbin:/usr/bin:/sbin:/bin:/foss/tools/kactus2:/foss/tools/klayout:/foss/tools/osic-multitool
[INFO] Final PYTHONPATH variable: /usr/lib/python312.zip:/usr/lib/python3.12:/usr/lib/python3.12/lib-dynload:/usr/local/lib/python3.12/dist-packages:/usr/lib/python3/dist-packages:/foss/tools/ngspyce/local/lib/python3.12/dist-packages:/foss/tools/openems/local/lib/python3.12/dist-packages:/foss/tools/pyopus/local/lib/python3.12/dist-packages:/foss/tools/yosys/share/yosys/python3:/foss/tools/klayout/pymod:/foss/tools/vacask/lib/vacask/python
[INFO] SKIPPING UI STARTUP
[INFO] Executing command: 'bash -lc openroad -no_init -exit /foss/designs/syn/fmax_opt/opt.tcl 2>&1'
OpenROAD 26Q2-1164-g08f67ee5e 
Features included (+) or not (-): +GPU +GUI +Python
This program is licensed under the BSD-3 license. See the LICENSE file for details.
Components of this program may be licensed under more restrictive licenses which must be honored.
[INFO ODB-0227] LEF file: /foss/pdks/sky130A/libs.ref/sky130_fd_sc_hd/techlef/sky130_fd_sc_hd__nom.tlef, created 14 layers, 25 vias
[WARNING ODB-0220] WARNING (LEFPARS-2008): NOWIREEXTENSIONATPIN statement is obsolete in version 5.6 or later.
The NOWIREEXTENSIONATPIN statement will be ignored. See file /foss/pdks/sky130A/libs.ref/sky130_fd_sc_hd/lef/sky130_fd_sc_hd.lef at line 2.

[INFO ODB-0227] LEF file: /foss/pdks/sky130A/libs.ref/sky130_fd_sc_hd/lef/sky130_fd_sc_hd.lef, created 437 library cells
[INFO IFP-0107] Defining die area using utilization: 35.00% and aspect ratio: 1.
[WARNING IFP-0028] Core area lower left (5.000, 5.000) snapped to (5.060, 5.440).
[INFO IFP-0001] Added 191 rows of 1133 site unithd.
[INFO IFP-0100] Die BBox:  (  0.000  0.000 ) ( 531.520 531.520 ) um
[INFO IFP-0101] Core BBox: (  5.060  5.440 ) ( 526.240 524.960 ) um
[INFO IFP-0102] Core area:                       270763.434 um^2
[INFO IFP-0103] Total instances area:             95195.050 um^2
[INFO IFP-0104] Effective utilization:                0.352
[INFO IFP-0105] Number of instances:                   8394
Found 0 macro blocks.
Using 2 tracks default min distance between IO pins.
[INFO PPL-0001] Number of available slots 1926
[INFO PPL-0002] Number of I/O             396
[INFO PPL-0003] Number of I/O w/sink      337
[INFO PPL-0004] Number of I/O w/o sink    59
[INFO PPL-0005] Slots per section         200
[INFO PPL-0008] Successfully assigned pins to sections.
[INFO PPL-0012] I/O nets HPWL: 103230.73 um.
[INFO GPL-0001] ---- Initialize GPL Main Data Structures
[INFO GPL-0002] DBU: 1000
[INFO GPL-0003] SiteSize: (  0.460  2.720 ) um
[INFO GPL-0004] CoreBBox: (  5.060  5.440 ) ( 526.240 524.960 ) um
[INFO GPL-0036] Movable instances area:      95195.050 um^2
[INFO GPL-0037] Total instances area:        95195.050 um^2
[INFO GPL-0035] Pin density area adjust:      5704.832 um^2
[INFO GPL-0032] ---- Initialize Region: Top-level
[INFO GPL-0006] Number of instances:              8394
[INFO GPL-0007] Movable instances:                8394
[INFO GPL-0008] Fixed instances:                     0
[INFO GPL-0009] Dummy instances:                     0
[INFO GPL-0010] Number of nets:                   8574
[INFO GPL-0011] Number of pins:                  32860
[INFO GPL-0012] Die BBox:  (  0.000  0.000 ) ( 531.520 531.520 ) um
[INFO GPL-0013] Core BBox: (  5.060  5.440 ) ( 526.240 524.960 ) um
[INFO GPL-0016] Core area:                  270763.434 um^2
[INFO GPL-0014] Region name: top-level.
[INFO GPL-0015] Region area:                270763.434 um^2
[INFO GPL-0017] Fixed instances area:            0.000 um^2
[INFO GPL-0018] Movable instances area:     100899.882 um^2
[INFO GPL-0019] Utilization:                    37.265 %
[INFO GPL-0020] Standard cells area:        100899.882 um^2
[INFO GPL-0021] Large instances area:            0.000 um^2
[INFO GPL-0005] ---- Execute Conjugate Gradient Initial Placement.
[INFO GPL-0051] Source of initial instance position counters:
	Odb location = 0	Core center = 8394	Region center = 0
[InitialPlace]  Iter: 1 conjugate gradient residual: 0.01994453 HPWL: 235464110
[InitialPlace]  Iter: 2 conjugate gradient residual: 0.02652152 HPWL: 167613477
[InitialPlace]  Iter: 3 conjugate gradient residual: 0.00124446 HPWL: 154359934
[InitialPlace]  Iter: 4 conjugate gradient residual: 0.00067611 HPWL: 141223824
[InitialPlace]  Iter: 5 conjugate gradient residual: 0.00021610 HPWL: 132191348
[InitialPlace]  Iter: 6 conjugate gradient residual: 0.00002704 HPWL: 128647145
[InitialPlace]  Iter: 7 conjugate gradient residual: 0.00001414 HPWL: 127022892
[InitialPlace]  Iter: 8 conjugate gradient residual: 0.00001757 HPWL: 125949996
[InitialPlace]  Iter: 9 conjugate gradient residual: 0.00000410 HPWL: 125699938
[INFO GPL-0033] ---- Initialize Nesterov Region: Top-level
[INFO GPL-0023] Placement target density:       0.5500
[INFO GPL-0024] Movable insts average area:     12.020 um^2
[INFO GPL-0025] Ideal bin area:                 21.855 um^2
[INFO GPL-0026] Ideal bin count:                 12388
[INFO GPL-0027] Total bin area:             270763.434 um^2
[INFO GPL-0028] Bin count (X, Y):          64 ,     64
[INFO GPL-0029] Bin size (W * H):       8.143 *  8.117 um
[INFO GPL-0030] Number of bins:                   4096
[INFO GPL-0084] ---- Execute Nesterov Global Placement.
[INFO GPL-0031] HPWL: Half-Perimeter Wirelength
Iteration | Overflow |     HPWL (um) |  HPWL(%) |   Penalty | Group
---------------------------------------------------------------
        0 |   0.9765 |  7.298625e+04 |   +0.00% |  3.01e-16 |      
       10 |   0.9374 |  1.055323e+05 |  +44.59% |  4.89e-16 |      
       20 |   0.9243 |  1.103710e+05 |   +4.59% |  7.96e-16 |      
       30 |   0.9163 |  1.144486e+05 |   +3.69% |  1.30e-15 |      
       40 |   0.9123 |  1.169104e+05 |   +2.15% |  2.11e-15 |      
       50 |   0.9100 |  1.189902e+05 |   +1.78% |  3.44e-15 |      
       60 |   0.9096 |  1.212541e+05 |   +1.90% |  5.60e-15 |      
       70 |   0.9093 |  1.234129e+05 |   +1.78% |  9.12e-15 |      
       80 |   0.9089 |  1.251473e+05 |   +1.41% |  1.48e-14 |      
       90 |   0.9076 |  1.262323e+05 |   +0.87% |  2.42e-14 |      
      100 |   0.9070 |  1.267216e+05 |   +0.39% |  3.94e-14 |      
      110 |   0.9063 |  1.268278e+05 |   +0.08% |  6.42e-14 |      
      120 |   0.9061 |  1.268100e+05 |   -0.01% |  1.05e-13 |      
      130 |   0.9064 |  1.265383e+05 |   -0.21% |  1.70e-13 |      
      140 |   0.9060 |  1.259780e+05 |   -0.44% |  2.77e-13 |      
      150 |   0.9062 |  1.252897e+05 |   -0.55% |  4.52e-13 |      
      160 |   0.9066 |  1.247055e+05 |   -0.47% |  7.36e-13 |      
      170 |   0.9059 |  1.245141e+05 |   -0.15% |  1.20e-12 |      
      180 |   0.9037 |  1.249612e+05 |   +0.36% |  1.95e-12 |      
      190 |   0.9007 |  1.261916e+05 |   +0.98% |  3.18e-12 |      
      200 |   0.8933 |  1.283648e+05 |   +1.72% |  5.18e-12 |      
      210 |   0.8842 |  1.315255e+05 |   +2.46% |  8.43e-12 |      
      220 |   0.8728 |  1.355678e+05 |   +3.07% |  1.37e-11 |      
      230 |   0.8567 |  1.398796e+05 |   +3.18% |  2.23e-11 |      
      240 |   0.8370 |  1.445337e+05 |   +3.33% |  3.64e-11 |      
      250 |   0.8116 |  1.498218e+05 |   +3.66% |  5.92e-11 |      
      260 |   0.7811 |  1.554812e+05 |   +3.78% |  9.64e-11 |      
      270 |   0.7446 |  1.586792e+05 |   +2.06% |  1.57e-10 |      
      280 |   0.7063 |  1.624784e+05 |   +2.39% |  2.56e-10 |      
      290 |   0.6675 |  1.647968e+05 |   +1.43% |  4.16e-10 |      
      300 |   0.6176 |  1.681763e+05 |   +2.05% |  6.78e-10 |      
      310 |   0.5667 |  1.696715e+05 |   +0.89% |  1.10e-09 |      
      320 |   0.5134 |  1.723811e+05 |   +1.60% |  1.80e-09 |      
      330 |   0.4572 |  1.759941e+05 |   +2.10% |  2.93e-09 |      
      340 |   0.4102 |  1.770495e+05 |   +0.60% |  4.77e-09 |      
      350 |   0.3687 |  1.787306e+05 |   +0.95% |  7.76e-09 |      
      360 |   0.3249 |  1.788659e+05 |   +0.08% |  1.21e-08 |      
      370 |   0.2945 |  1.782232e+05 |   -0.36% |  1.79e-08 |      
      380 |   0.2613 |  1.784683e+05 |   +0.14% |  2.64e-08 |      
      390 |   0.2294 |  1.787155e+05 |   +0.14% |  3.88e-08 |      
      400 |   0.2027 |  1.793049e+05 |   +0.33% |  5.72e-08 |      
      410 |   0.1778 |  1.793407e+05 |   +0.02% |  8.43e-08 |      
      420 |   0.1519 |  1.794350e+05 |   +0.05% |  1.24e-07 |      
      430 |   0.1307 |  1.794658e+05 |   +0.02% |  1.83e-07 |      
      440 |   0.1119 |  1.796288e+05 |   +0.09% |  2.69e-07 |      
      447 |   0.0986 |  1.795425e+05 |          |  3.67e-07 |      
---------------------------------------------------------------
[INFO GPL-1001] Global placement finished at iteration 447
[INFO GPL-1002] Placed Cell Area            100899.8819
[INFO GPL-1003] Available Free Area         270763.4336
[INFO GPL-1004] Minimum Feasible Density        0.3800 (cell_area / free_area)
[INFO GPL-1006]   Suggested Target Densities:
[INFO GPL-1007]     - For 90% usage of free space: 0.4141
[INFO GPL-1008]     - For 80% usage of free space: 0.4658
[INFO GPL-1009]     - For 50% usage of free space: 0.7453
[INFO GPL-1014] Final placement area: 100899.88 (+0.00%)
##PRE
worst slack max -38.77
##PREPATH
Startpoint: rst_n (input port clocked by clk)
Endpoint: _07758_ (recovery check against rising-edge clock clk)
Path Group: asynchronous
Path Type: max

Fanout      Slew     Delay      Time   Description
----------------------------------------------------------------------------
          0.0000    0.0000    0.0000   clock clk (rise edge)
                    0.0000    0.0000   clock network delay (ideal)
                    0.7500    0.7500 ^ input external delay
  2078   42.4050   29.2635   30.0135 ^ rst_n (in)
         42.4063    0.0000   30.0135 ^ _07758_/RESET_B (sky130_fd_sc_hd__dfrtp_1)
                             30.0135   data arrival time

          0.0000    2.5000    2.5000   clock clk (rise edge)
                    0.0000    2.5000   clock network delay (ideal)
                    0.0000    2.5000   clock reconvergence pessimism
                              2.5000 ^ _07758_/CLK (sky130_fd_sc_hd__dfrtp_1)
                  -11.2537   -8.7537   library recovery time
                             -8.7537   data required time
----------------------------------------------------------------------------
                             -8.7537   data required time
                            -30.0135   data arrival time
----------------------------------------------------------------------------
                            -38.7672   slack (VIOLATED)


Startpoint: _07993_ (rising edge-triggered flip-flop clocked by clk)
Endpoint: _07808_ (rising edge-triggered flip-flop clocked by clk)
Path Group: clk
Path Type: max

Fanout      Slew     Delay      Time   Description
----------------------------------------------------------------------------
          0.0000    0.0000    0.0000   clock clk (rise edge)
                    0.0000    0.0000   clock network delay (ideal)
          0.0000    0.0000    0.0000 ^ _07993_/CLK (sky130_fd_sc_hd__dfrtp_1)
    26    1.5605    1.3796    1.3796 ^ _07993_/Q (sky130_fd_sc_hd__dfrtp_1)
    17    0.8399    1.1265    2.5061 v _08158_/Y (sky130_fd_sc_hd__clkinv_1)
     1    0.4004    0.6354    3.1415 ^ _08358_/Y (sky130_fd_sc_hd__a2111oi_0)
     1    0.1091    0.1369    3.2784 v _08363_/Y (sky130_fd_sc_hd__nand4_1)
    50    9.4873    7.0663   10.3447 ^ _08364_/Y (sky130_fd_sc_hd__nor4_1)
    47    5.6539    6.3914   16.7361 v _08927_/X (sky130_fd_sc_hd__lpflow_isobufsrc_1)
     1    0.6877    1.0194   17.7555 ^ _09089_/Y (sky130_fd_sc_hd__nand2_1)
     1    0.5304    0.1833   17.9388 v _09092_/Y (sky130_fd_sc_hd__a31oi_1)
     1    0.6036    0.3406   18.2794 ^ _09095_/Y (sky130_fd_sc_hd__o221ai_1)
     1    0.1235    0.1341   18.4136 v _09098_/Y (sky130_fd_sc_hd__a21oi_1)
     1    0.7572    0.1979   18.6115 ^ _09101_/Y (sky130_fd_sc_hd__o221ai_1)
     1    0.1019    0.2791   18.8906 ^ _09105_/X (sky130_fd_sc_hd__a41o_1)
     1    0.7928    0.1253   19.0159 v _09108_/Y (sky130_fd_sc_hd__a31oi_1)
     1    0.2752    0.3534   19.3693 ^ _06947_/Y (sky130_fd_sc_hd__mux2i_1)
     1    0.2379    0.1116   19.4809 v _06949_/Y (sky130_fd_sc_hd__o21ai_0)
          0.2379    0.0000   19.4809 v _07808_/D (sky130_fd_sc_hd__dfrtp_1)
                             19.4809   data arrival time

          0.0000    2.5000    2.5000   clock clk (rise edge)
                    0.0000    2.5000   clock network delay (ideal)
                    0.0000    2.5000   clock reconvergence pessimism
                              2.5000 ^ _07808_/CLK (sky130_fd_sc_hd__dfrtp_1)
                   -0.2090    2.2910   library setup time
                              2.2910   data required time
----------------------------------------------------------------------------
                              2.2910   data required time
                            -19.4809   data arrival time
----------------------------------------------------------------------------
                            -17.1898   slack (VIOLATED)


Iteration |   Area    | Resized | Buffers | Nets repaired | Remaining
---------------------------------------------------------------------
        0 |     +0.0% |       0 |       0 |             0 |      8574
    final |    +13.7% |     597 |    1683 |           258 |         0
---------------------------------------------------------------------
[INFO RSZ-0034] Found 271 slew violations.
[INFO RSZ-0035] Found 225 fanout violations.
[INFO RSZ-0036] Found 1 capacitance violations.
[INFO RSZ-0039] Resized 597 instances.
[INFO RSZ-0038] Inserted 1683 buffers in 258 nets.
[INFO RSZ-0100] Repair move sequence: UnbufferMove SizeUpMove SwapPinsMove BufferMove CloneMove SplitLoadMove 
[INFO RSZ-0094] Found 3405 endpoints with setup violations.
[INFO RSZ-0099] Repairing 3405 out of 3405 (100.00%) violating endpoints...
   Iter   | Removed | Resized | Inserted | Cloned |  Pin  |   Area   |    WNS   |   StTNS    |   EnTNS    |  Viol  |  Worst  
          | Buffers |  Gates  | Buffers  |  Gates | Swaps |          |          |            |            | Endpts | St/EnPt 
------------------------------------------------------------------------------------------------------------------------------
       0* |       0 |       0 |        0 |      0 |     0 |    +0.0% |   -9.198 |    -4253.9 |    -4207.9 |   3405 | araddr[9]
    2100* |      20 |     975 |      160 |      6 |   153 |    +2.9% |   -3.906 |    -2037.0 |    -3546.8 |   3405 | _07733_/D
    2100+ |      20 |     975 |      160 |      6 |   153 |    +2.9% |   -3.906 |    -2037.0 |    -3546.8 |   3405 | _07733_/D
    final |      20 |    1088 |      160 |      6 |   160 |    +3.0% |   -3.906 |    -1885.4 |    -3394.7 |   3404 | _07733_/D
------------------------------------------------------------------------------------------------------------------------------
[INFO RSZ-0059] Removed 20 buffers.
[INFO RSZ-0040] Inserted 160 buffers.
[INFO RSZ-0051] Resized 1088 instances: 1087 up, 1 up match, 0 down, 0 VT
[INFO RSZ-0043] Swapped pins on 160 instances.
[INFO RSZ-0049] Cloned 6 instances.
[WARNING RSZ-0062] Unable to repair all setup violations.
[INFO DPL-0006] Core area: 270763.43 um^2, Instances area: 111489.43 um^2, Utilization: 41.2%
[INFO DPL-0005] Diamond search max displacement: +/- 500 sites horizontally, +/- 100 rows vertically.
[INFO DPL-1101] Legalizing using diamond search.
Movements Summary
---------------------------------------
Total cells:                   10223
Diamond Move Success:          10223 (100.00%)
Diamond Move Failure:              0
Rip-up and replace Success:        0 (  0.00% of diamond failures)
Rip-up and replace Failure:        0
Total Placement Failures:          0
---------------------------------------
Placement Analysis
---------------------------------
total displacement      31420.2 u
average displacement        3.1 u
max displacement           13.6 u
original HPWL          317948.1 u
legalized HPWL         348876.0 u
delta HPWL                   10 %

##POST
worst slack max -3.95
tns max -3474.64
Design area 111489 um^2 41% utilization.
Group                    Internal    Switching      Leakage        Total
                            Power        Power        Power        Power (Watts)
------------------------------------------------------------------------
Sequential           3.518970e-02 5.523632e-04 2.419861e-08 3.574209e-02  87.7%
Combinational        2.211033e-03 2.794577e-03 2.395990e-08 5.005633e-03  12.3%
Clock                0.000000e+00 0.000000e+00 0.000000e+00 0.000000e+00   0.0%
Macro                0.000000e+00 0.000000e+00 0.000000e+00 0.000000e+00   0.0%
Pad                  0.000000e+00 0.000000e+00 0.000000e+00 0.000000e+00   0.0%
------------------------------------------------------------------------
Total                3.740061e-02 3.346939e-03 4.815652e-08 4.074760e-02 100.0%
                            91.8%         8.2%         0.0%
##PATH
Startpoint: rst_n (input port clocked by clk)
Endpoint: _11840_ (recovery check against rising-edge clock clk)
Path Group: asynchronous
Path Type: max

Fanout       Cap      Slew     Delay      Time   Description
-------------------------------------------------------------------------------------
                    0.0000    0.0000    0.0000   clock clk (rise edge)
                              0.0000    0.0000   clock network delay (ideal)
                              0.7500    0.7500 ^ input external delay
     2    0.0269    0.1355    0.0962    0.8462 ^ rst_n (in)
     6    0.0459    0.4444    0.7888    1.6350 ^ fanout1502/X (sky130_fd_sc_hd__clkdlybuf4s50_1)
     9    0.0657    0.3186    0.3992    2.0342 ^ fanout1423/X (sky130_fd_sc_hd__buf_2)
     6    0.0293    0.2886    0.7260    2.7601 ^ fanout1422/X (sky130_fd_sc_hd__clkdlybuf4s50_1)
     8    0.0284    0.2806    0.7149    3.4751 ^ fanout1411/X (sky130_fd_sc_hd__clkdlybuf4s50_1)
     4    0.0157    0.1665    0.6286    4.1037 ^ fanout1406/X (sky130_fd_sc_hd__clkdlybuf4s50_1)
     5    0.0216    0.1262    0.2010    4.3047 ^ load_slew1407/X (sky130_fd_sc_hd__clkbuf_2)
                    0.1262    0.0000    4.3047 ^ _11840_/RESET_B (sky130_fd_sc_hd__dfrtp_1)
                                        4.3047   data arrival time

                    0.0000    2.5000    2.5000   clock clk (rise edge)
                              0.0000    2.5000   clock network delay (ideal)
                              0.0000    2.5000   clock reconvergence pessimism
                                        2.5000 ^ _11840_/CLK (sky130_fd_sc_hd__dfrtp_1)
                              0.1954    2.6954   library recovery time
                                        2.6954   data required time
-------------------------------------------------------------------------------------
                                        2.6954   data required time
                                       -4.3047   data arrival time
-------------------------------------------------------------------------------------
                                       -1.6093   slack (VIOLATED)


Startpoint: rst_n (input port clocked by clk)
Endpoint: _12425_ (recovery check against rising-edge clock clk)
Path Group: asynchronous
Path Type: max

Fanout       Cap      Slew     Delay      Time   Description
-------------------------------------------------------------------------------------
                    0.0000    0.0000    0.0000   clock clk (rise edge)
                              0.0000    0.0000   clock network delay (ideal)
                              0.7500    0.7500 ^ input external delay
     2    0.0269    0.1355    0.0962    0.8462 ^ rst_n (in)
     6    0.0459    0.4444    0.7888    1.6350 ^ fanout1502/X (sky130_fd_sc_hd__clkdlybuf4s50_1)
     9    0.0657    0.3186    0.3992    2.0342 ^ fanout1423/X (sky130_fd_sc_hd__buf_2)
     6    0.0293    0.2886    0.7260    2.7601 ^ fanout1422/X (sky130_fd_sc_hd__clkdlybuf4s50_1)
     8    0.0284    0.2806    0.7149    3.4751 ^ fanout1411/X (sky130_fd_sc_hd__clkdlybuf4s50_1)
     4    0.0157    0.1665    0.6286    4.1037 ^ fanout1406/X (sky130_fd_sc_hd__clkdlybuf4s50_1)
     5    0.0216    0.1262    0.2010    4.3047 ^ load_slew1407/X (sky130_fd_sc_hd__clkbuf_2)
                    0.1262    0.0000    4.3047 ^ _12425_/RESET_B (sky130_fd_sc_hd__dfrtp_1)
                                        4.3047   data arrival time

                    0.0000    2.5000    2.5000   clock clk (rise edge)
                              0.0000    2.5000   clock network delay (ideal)
                              0.0000    2.5000   clock reconvergence pessimism
                                        2.5000 ^ _12425_/CLK (sky130_fd_sc_hd__dfrtp_1)
                              0.1954    2.6954   library recovery time
                                        2.6954   data required time
-------------------------------------------------------------------------------------
                                        2.6954   data required time
                                       -4.3047   data arrival time
-------------------------------------------------------------------------------------
                                       -1.6093   slack (VIOLATED)


Startpoint: _07978_ (rising edge-triggered flip-flop clocked by clk)
Endpoint: _07733_ (rising edge-triggered flip-flop clocked by clk)
Path Group: clk
Path Type: max

Fanout       Cap      Slew     Delay      Time   Description
-------------------------------------------------------------------------------------
                    0.0000    0.0000    0.0000   clock clk (rise edge)
                              0.0000    0.0000   clock network delay (ideal)
                    0.0000    0.0000    0.0000 ^ _07978_/CLK (sky130_fd_sc_hd__dfrtp_1)
     1    0.0093    0.0694    0.3724    0.3724 v _07978_/Q (sky130_fd_sc_hd__dfrtp_1)
     7    0.1015    0.0635    0.1709    0.5433 v fanout1181/X (sky130_fd_sc_hd__buf_12)
     2    0.0111    0.0262    0.1247    0.6680 v fanout1179/X (sky130_fd_sc_hd__buf_6)
     2    0.0183    0.0296    0.1144    0.7824 v wire1180/X (sky130_fd_sc_hd__buf_8)
     2    0.0084    0.0242    0.1068    0.8891 v fanout1177/X (sky130_fd_sc_hd__buf_6)
     2    0.0167    0.0309    0.1135    1.0026 v load_slew1178/X (sky130_fd_sc_hd__buf_6)
     2    0.0118    0.0571    0.0733    1.0759 ^ _08146_/Y (sky130_fd_sc_hd__clkinvlp_4)
     1    0.0165    0.0446    0.1048    1.1807 ^ rebuffer1703/X (sky130_fd_sc_hd__buf_6)
     4    0.0256    0.0608    0.1136    1.2943 ^ fanout961/X (sky130_fd_sc_hd__buf_6)
     1    0.0030    0.0907    0.0973    1.3916 ^ _08907_/Y (sky130_fd_sc_hd__o2bb2ai_2)
     1    0.0029    0.0410    0.0473    1.4389 v _08908_/Y (sky130_fd_sc_hd__nor2_1)
     1    0.0050    0.0932    0.0954    1.5344 ^ _08909_/Y (sky130_fd_sc_hd__nand4_1)
     2    0.0046    0.0357    0.0546    1.5890 v _08920_/Y (sky130_fd_sc_hd__nor3_2)
     1    0.0121    0.0435    0.1347    1.7237 v load_slew267/X (sky130_fd_sc_hd__buf_2)
     2    0.0089    0.1487    0.1535    1.8771 ^ _08924_/Y (sky130_fd_sc_hd__a31oi_4)
     2    0.0166    0.0458    0.1323    2.0094 ^ load_slew134/X (sky130_fd_sc_hd__buf_6)
     2    0.0084    0.0313    0.0884    2.0978 ^ fanout131/X (sky130_fd_sc_hd__buf_6)
     1    0.0047    0.0599    0.0673    2.1651 v _09869_/Y (sky130_fd_sc_hd__nand3_2)
     1    0.0058    0.2483    0.3034    2.4685 ^ _09870_/Y (sky130_fd_sc_hd__nor4_2)
     2    0.0142    0.2034    0.2271    2.6956 v _09873_/Y (sky130_fd_sc_hd__nand4_1)
     2    0.0106    0.0341    0.2104    2.9059 v rebuffer1685/X (sky130_fd_sc_hd__buf_4)
     1    0.0043    0.1898    0.2590    3.1650 ^ _05981_/Y (sky130_fd_sc_hd__nor4b_4)
     2    0.0144    0.0535    0.1643    3.3293 ^ fanout105/X (sky130_fd_sc_hd__buf_4)
     2    0.0083    0.0312    0.0910    3.4203 ^ fanout103/X (sky130_fd_sc_hd__buf_6)
     2    0.0081    0.0299    0.0824    3.5026 ^ load_slew104/X (sky130_fd_sc_hd__buf_6)
     3    0.0368    0.1999    0.3028    3.8055 ^ _06677_/X (sky130_fd_sc_hd__o2111a_2)
     2    0.0063    0.0596    0.2515    4.0570 ^ _06679_/X (sky130_fd_sc_hd__and4_4)
     2    0.0101    0.1724    0.1547    4.2116 v _06682_/Y (sky130_fd_sc_hd__nand4_1)
     1    0.0022    0.1760    0.2311    4.4428 ^ _06684_/Y (sky130_fd_sc_hd__nor4_2)
     2    0.0063    0.0449    0.1470    4.5898 ^ wire7/X (sky130_fd_sc_hd__buf_2)
     2    0.0115    0.1876    0.1630    4.7528 v _06687_/Y (sky130_fd_sc_hd__nand4_1)
     2    0.0103    0.2579    0.3050    5.0578 ^ _06689_/Y (sky130_fd_sc_hd__nor4_4)
     2    0.0062    0.0467    0.1686    5.2264 ^ wire1/X (sky130_fd_sc_hd__buf_2)
     2    0.0110    0.1888    0.1587    5.3851 v _06692_/Y (sky130_fd_sc_hd__nand4_1)
     2    0.0079    0.2360    0.2843    5.6694 ^ _06694_/Y (sky130_fd_sc_hd__nor4_4)
     2    0.0067    0.1447    0.1608    5.8302 v _06697_/Y (sky130_fd_sc_hd__nand4_1)
     2    0.0063    0.1002    0.1588    5.9890 ^ _06698_/X (sky130_fd_sc_hd__lpflow_isobufsrc_2)
     2    0.0094    0.1725    0.1580    6.1470 v _06937_/Y (sky130_fd_sc_hd__nand4_1)
     1    0.0022    0.0401    0.1783    6.3253 v _06942_/X (sky130_fd_sc_hd__lpflow_isobufsrc_1)
                    0.0401    0.0000    6.3253 v _07733_/D (sky130_fd_sc_hd__dfrtp_1)
                                        6.3253   data arrival time

                    0.0000    2.5000    2.5000   clock clk (rise edge)
                              0.0000    2.5000   clock network delay (ideal)
                              0.0000    2.5000   clock reconvergence pessimism
                                        2.5000 ^ _07733_/CLK (sky130_fd_sc_hd__dfrtp_1)
                             -0.1224    2.3776   library setup time
                                        2.3776   data required time
-------------------------------------------------------------------------------------
                                        2.3776   data required time
                                       -6.3253   data arrival time
-------------------------------------------------------------------------------------
                                       -3.9478   slack (VIOLATED)


Startpoint: _07978_ (rising edge-triggered flip-flop clocked by clk)
Endpoint: _07732_ (rising edge-triggered flip-flop clocked by clk)
Path Group: clk
Path Type: max

Fanout       Cap      Slew     Delay      Time   Description
-------------------------------------------------------------------------------------
                    0.0000    0.0000    0.0000   clock clk (rise edge)
                              0.0000    0.0000   clock network delay (ideal)
                    0.0000    0.0000    0.0000 ^ _07978_/CLK (sky130_fd_sc_hd__dfrtp_1)
     1    0.0093    0.0694    0.3724    0.3724 v _07978_/Q (sky130_fd_sc_hd__dfrtp_1)
     7    0.1015    0.0635    0.1709    0.5433 v fanout1181/X (sky130_fd_sc_hd__buf_12)
     2    0.0111    0.0262    0.1247    0.6680 v fanout1179/X (sky130_fd_sc_hd__buf_6)
     2    0.0183    0.0296    0.1144    0.7824 v wire1180/X (sky130_fd_sc_hd__buf_8)
     2    0.0084    0.0242    0.1068    0.8891 v fanout1177/X (sky130_fd_sc_hd__buf_6)
     2    0.0167    0.0309    0.1135    1.0026 v load_slew1178/X (sky130_fd_sc_hd__buf_6)
     2    0.0118    0.0571    0.0733    1.0759 ^ _08146_/Y (sky130_fd_sc_hd__clkinvlp_4)
     1    0.0165    0.0446    0.1048    1.1807 ^ rebuffer1703/X (sky130_fd_sc_hd__buf_6)
     4    0.0256    0.0608    0.1136    1.2943 ^ fanout961/X (sky130_fd_sc_hd__buf_6)
     1    0.0030    0.0907    0.0973    1.3916 ^ _08907_/Y (sky130_fd_sc_hd__o2bb2ai_2)
     1    0.0029    0.0410    0.0473    1.4389 v _08908_/Y (sky130_fd_sc_hd__nor2_1)
     1    0.0050    0.0932    0.0954    1.5344 ^ _08909_/Y (sky130_fd_sc_hd__nand4_1)
     2    0.0046    0.0357    0.0546    1.5890 v _08920_/Y (sky130_fd_sc_hd__nor3_2)
     1    0.0121    0.0435    0.1347    1.7237 v load_slew267/X (sky130_fd_sc_hd__buf_2)
     2    0.0089    0.1487    0.1535    1.8771 ^ _08924_/Y (sky130_fd_sc_hd__a31oi_4)
     2    0.0166    0.0458    0.1323    2.0094 ^ load_slew134/X (sky130_fd_sc_hd__buf_6)
     2    0.0084    0.0313    0.0884    2.0978 ^ fanout131/X (sky130_fd_sc_hd__buf_6)
     1    0.0047    0.0599    0.0673    2.1651 v _09869_/Y (sky130_fd_sc_hd__nand3_2)
     1    0.0058    0.2483    0.3034    2.4685 ^ _09870_/Y (sky130_fd_sc_hd__nor4_2)
     2    0.0142    0.2034    0.2271    2.6956 v _09873_/Y (sky130_fd_sc_hd__nand4_1)
     2    0.0106    0.0341    0.2104    2.9059 v rebuffer1685/X (sky130_fd_sc_hd__buf_4)
     1    0.0043    0.1898    0.2590    3.1650 ^ _05981_/Y (sky130_fd_sc_hd__nor4b_4)
     2    0.0144    0.0535    0.1643    3.3293 ^ fanout105/X (sky130_fd_sc_hd__buf_4)
     2    0.0083    0.0312    0.0910    3.4203 ^ fanout103/X (sky130_fd_sc_hd__buf_6)
     2    0.0081    0.0299    0.0824    3.5026 ^ load_slew104/X (sky130_fd_sc_hd__buf_6)
     3    0.0368    0.1999    0.3028    3.8055 ^ _06677_/X (sky130_fd_sc_hd__o2111a_2)
     2    0.0063    0.0596    0.2515    4.0570 ^ _06679_/X (sky130_fd_sc_hd__and4_4)
     2    0.0101    0.1724    0.1547    4.2116 v _06682_/Y (sky130_fd_sc_hd__nand4_1)
     1    0.0022    0.1760    0.2311    4.4428 ^ _06684_/Y (sky130_fd_sc_hd__nor4_2)
     2    0.0063    0.0449    0.1470    4.5898 ^ wire7/X (sky130_fd_sc_hd__buf_2)
     2    0.0115    0.1876    0.1630    4.7528 v _06687_/Y (sky130_fd_sc_hd__nand4_1)
     2    0.0103    0.2579    0.3050    5.0578 ^ _06689_/Y (sky130_fd_sc_hd__nor4_4)
     2    0.0062    0.0467    0.1686    5.2264 ^ wire1/X (sky130_fd_sc_hd__buf_2)
     2    0.0110    0.1888    0.1587    5.3851 v _06692_/Y (sky130_fd_sc_hd__nand4_1)
     2    0.0079    0.2360    0.2843    5.6694 ^ _06694_/Y (sky130_fd_sc_hd__nor4_4)
     2    0.0067    0.1447    0.1608    5.8302 v _06697_/Y (sky130_fd_sc_hd__nand4_1)
     2    0.0063    0.1002    0.1588    5.9890 ^ _06698_/X (sky130_fd_sc_hd__lpflow_isobufsrc_2)
     3    0.0111    0.0455    0.1309    6.1199 ^ rebuffer1698/X (sky130_fd_sc_hd__buf_4)
     1    0.0046    0.0901    0.0574    6.1773 v _06699_/Y (sky130_fd_sc_hd__nand2_1)
     1    0.0024    0.0606    0.1373    6.3146 v _06700_/Y (sky130_fd_sc_hd__xnor2_1)
                    0.0606    0.0000    6.3146 v _07732_/D (sky130_fd_sc_hd__dfrtp_1)
                                        6.3146   data arrival time

                    0.0000    2.5000    2.5000   clock clk (rise edge)
                              0.0000    2.5000   clock network delay (ideal)
                              0.0000    2.5000   clock reconvergence pessimism
                                        2.5000 ^ _07732_/CLK (sky130_fd_sc_hd__dfrtp_1)
                             -0.1314    2.3686   library setup time
                                        2.3686   data required time
-------------------------------------------------------------------------------------
                                        2.3686   data required time
                                       -6.3146   data arrival time
-------------------------------------------------------------------------------------
                                       -3.9460   slack (VIOLATED)


