[INFO] USER_ID: 1000, GROUP_ID: 1000
[INFO] Final PATH variable: /foss/tools/bin:/foss/tools/sak:/usr/local/sbin:/usr/local/sbin:/usr/local/bin:/usr/sbin:/usr/bin:/sbin:/bin:/foss/tools/kactus2:/foss/tools/klayout:/foss/tools/osic-multitool
[INFO] Final PYTHONPATH variable: /usr/lib/python312.zip:/usr/lib/python3.12:/usr/lib/python3.12/lib-dynload:/usr/local/lib/python3.12/dist-packages:/usr/lib/python3/dist-packages:/foss/tools/ngspyce/local/lib/python3.12/dist-packages:/foss/tools/openems/local/lib/python3.12/dist-packages:/foss/tools/pyopus/local/lib/python3.12/dist-packages:/foss/tools/yosys/share/yosys/python3:/foss/tools/klayout/pymod:/foss/tools/vacask/lib/vacask/python
[INFO] SKIPPING UI STARTUP
[INFO] Executing command: 'bash -lc mkdir -p /foss/designs/syn/build_nested/cfg3_iotlb /foss/designs/cfg3_iotlb/results && sv2v /foss/designs/rtl/iommu_pkg.sv /foss/designs/rtl/fa_cache.sv /foss/designs/rtl/mem_master.sv /foss/designs/rtl/prefetch_ctrl.sv /foss/designs/rtl/iommu_top.sv /foss/designs/cfg3_iotlb/cfg3_top.sv > /foss/designs/syn/build_nested/cfg3_iotlb/cfg3_iotlb.v 2>/foss/designs/syn/build_nested/cfg3_iotlb/sv2v.log && cat > /foss/designs/syn/build_nested/cfg3_iotlb/synth.ys <<'YSEOF'

read_verilog /foss/designs/syn/build_nested/cfg3_iotlb/cfg3_iotlb.v
hierarchy -top cfg3_top -check
synth -top cfg3_top
dfflibmap -liberty /foss/pdks/sky130A/libs.ref/sky130_fd_sc_hd/lib/sky130_fd_sc_hd__tt_025C_1v80.lib
abc -liberty /foss/pdks/sky130A/libs.ref/sky130_fd_sc_hd/lib/sky130_fd_sc_hd__tt_025C_1v80.lib -D 2500
clean -purge
tee -o /foss/designs/cfg3_iotlb/results/synth_area.txt stat -liberty /foss/pdks/sky130A/libs.ref/sky130_fd_sc_hd/lib/sky130_fd_sc_hd__tt_025C_1v80.lib
flatten
clean -purge
write_verilog -noattr /foss/designs/cfg3_iotlb/results/netlist.v

YSEOF
cat > /foss/designs/syn/build_nested/cfg3_iotlb/sta.tcl <<'STAEOF'

read_liberty /foss/pdks/sky130A/libs.ref/sky130_fd_sc_hd/lib/sky130_fd_sc_hd__tt_025C_1v80.lib
read_verilog /foss/designs/cfg3_iotlb/results/netlist.v
link_design cfg3_top
create_clock -name clk -period 2.5 [get_ports clk]
set_power_activity -global -activity 0.165 -duty 0.5
puts "=== CRITICAL PATH (reg2reg max) @ 2.5ns ==="
report_checks -path_delay max -fields {slew cap fanout} -digits 4 -group_count 2
puts "=== WORST SLACK ==="
report_worst_slack -max
puts "=== POWER (activity 0.2) ==="
report_power -digits 6
exit

STAEOF
yosys -q /foss/designs/syn/build_nested/cfg3_iotlb/synth.ys 2>&1 | tee /foss/designs/cfg3_iotlb/results/yosys.log ; sta -no_init -exit /foss/designs/syn/build_nested/cfg3_iotlb/sta.tcl 2>&1 | tee /foss/designs/cfg3_iotlb/results/sta.txt'
Warning: Replacing memory \data_q with list of registers. See /foss/designs/syn/build_nested/cfg3_iotlb/cfg3_iotlb.v:62
Warning: Replacing memory \tag_q with list of registers. See /foss/designs/syn/build_nested/cfg3_iotlb/cfg3_iotlb.v:61
Warning: Replacing memory \valid_q with list of registers. See /foss/designs/syn/build_nested/cfg3_iotlb/cfg3_iotlb.v:60
Warning: Replacing memory \bspa_q with list of registers. See /foss/designs/syn/build_nested/cfg3_iotlb/cfg3_iotlb.v:936
Warning: Replacing memory \bctx_q with list of registers. See /foss/designs/syn/build_nested/cfg3_iotlb/cfg3_iotlb.v:935
Warning: Replacing memory \bvpn_q with list of registers. See /foss/designs/syn/build_nested/cfg3_iotlb/cfg3_iotlb.v:934
Warning: Replacing memory \bs_q with list of registers. See /foss/designs/syn/build_nested/cfg3_iotlb/cfg3_iotlb.v:933
Warning: Replacing memory \wbeat_q with list of registers. See /foss/designs/syn/build_nested/cfg3_iotlb/cfg3_iotlb.v:926
Warning: Replacing memory \wline_q with list of registers. See /foss/designs/syn/build_nested/cfg3_iotlb/cfg3_iotlb.v:925
Warning: Replacing memory \wdgvpn_q with list of registers. See /foss/designs/syn/build_nested/cfg3_iotlb/cfg3_iotlb.v:924
Warning: Replacing memory \wgpn_q with list of registers. See /foss/designs/syn/build_nested/cfg3_iotlb/cfg3_iotlb.v:923
Warning: Replacing memory \wbase_q with list of registers. See /foss/designs/syn/build_nested/cfg3_iotlb/cfg3_iotlb.v:922
Warning: Replacing memory \wctx_q with list of registers. See /foss/designs/syn/build_nested/cfg3_iotlb/cfg3_iotlb.v:921
Warning: Replacing memory \wvpn_q with list of registers. See /foss/designs/syn/build_nested/cfg3_iotlb/cfg3_iotlb.v:920
Warning: Replacing memory \wpc_q with list of registers. See /foss/designs/syn/build_nested/cfg3_iotlb/cfg3_iotlb.v:919
Warning: Replacing memory \ws_q with list of registers. See /foss/designs/syn/build_nested/cfg3_iotlb/cfg3_iotlb.v:918
Warning: Replacing memory \iburst with list of registers. See /foss/designs/syn/build_nested/cfg3_iotlb/cfg3_iotlb.v:847, /foss/designs/syn/build_nested/cfg3_iotlb/cfg3_iotlb.v:813
Warning: Replacing memory \iaddr with list of registers. See /foss/designs/syn/build_nested/cfg3_iotlb/cfg3_iotlb.v:812
Warning: Replacing memory \iwant with list of registers. See /foss/designs/syn/build_nested/cfg3_iotlb/cfg3_iotlb.v:811
OpenSTA 3.1.0 76c4d6df35 Copyright (c) 2026, Parallax Software, Inc.
License GPLv3: GNU GPL version 3 <http://gnu.org/licenses/gpl.html>

This is free software, and you are free to change and redistribute it
under certain conditions; type `show_copying' for details. 
This program comes with ABSOLUTELY NO WARRANTY; for details type `show_warranty'.
=== CRITICAL PATH (reg2reg max) @ 2.5ns ===
Warning 503: sta.tcl line 1, report_checks -group_count is deprecated. Use -group_path_count instead.
Startpoint: _13690_ (rising edge-triggered flip-flop clocked by clk)
Endpoint: _24072_ (rising edge-triggered flip-flop clocked by clk)
Path Group: clk
Path Type: max

Fanout       Cap      Slew     Delay      Time   Description
-------------------------------------------------------------------------------------
                    0.0000    0.0000    0.0000   clock clk (rise edge)
                              0.0000    0.0000   clock network delay (ideal)
                    0.0000    0.0000    0.0000 ^ _13690_/CLK (sky130_fd_sc_hd__dfrtp_1)
    16    0.0358    0.1824    0.4739    0.4739 v _13690_/Q (sky130_fd_sc_hd__dfrtp_1)
    12    0.0281    0.8767    0.7697    1.2437 ^ _10218_/Y (sky130_fd_sc_hd__nor3b_1)
     1    0.0026    0.0517    0.2533    1.4970 ^ _10221_/X (sky130_fd_sc_hd__a22o_1)
     1    0.0023    0.0488    0.0814    1.5784 ^ _10222_/X (sky130_fd_sc_hd__a2111o_1)
     6    0.0111    0.1449    0.1187    1.6971 v _10225_/Y (sky130_fd_sc_hd__nand3_1)
     2    0.0037    0.0473    0.1792    1.8763 v _10234_/X (sky130_fd_sc_hd__and2_0)
     3    0.0068    0.0505    0.1439    2.0202 v _10305_/X (sky130_fd_sc_hd__lpflow_isobufsrc_1)
     1    0.0022    0.0380    0.2197    2.2400 v _10321_/X (sky130_fd_sc_hd__a22o_1)
     1    0.0024    0.0993    0.1014    2.3414 ^ _10322_/Y (sky130_fd_sc_hd__a21oi_1)
    74    0.1661    1.5871    1.2341    3.5755 v _10323_/Y (sky130_fd_sc_hd__o211ai_1)
    73    0.1792    4.8150    4.1537    7.7292 ^ _10324_/Y (sky130_fd_sc_hd__nor3_1)
     2    0.0045    0.7143    0.2990    8.0282 v _10337_/Y (sky130_fd_sc_hd__a22oi_1)
    20    0.0517    0.5097    0.6541    8.6823 ^ _10339_/Y (sky130_fd_sc_hd__nand2_1)
    16    0.0353    0.3268    0.4115    9.0938 v _14380_/Y (sky130_fd_sc_hd__clkinv_1)
     1    0.0024    0.3205    0.4302    9.5240 ^ _15072_/Y (sky130_fd_sc_hd__a2111oi_0)
     1    0.0022    0.1009    0.1276    9.6516 v _15073_/Y (sky130_fd_sc_hd__nand4_1)
     1    0.0015    0.1739    0.2317    9.8834 ^ _15109_/Y (sky130_fd_sc_hd__nor4_1)
    96    0.2362    9.4110    7.2177   17.1011 ^ _15110_/Y (sky130_fd_sc_hd__nor4b_1)
     1    0.0022    0.9972    0.3558   17.4569 v _17288_/Y (sky130_fd_sc_hd__nor4_1)
     2    0.0031    0.2920    0.3921   17.8490 ^ _17289_/Y (sky130_fd_sc_hd__nand4b_1)
     3    0.0058    0.0675    0.1727   18.0217 ^ _10259_/X (sky130_fd_sc_hd__or3_1)
   124    0.2479    1.6904    0.8471   18.8688 v _10260_/Y (sky130_fd_sc_hd__a21oi_1)
     3    0.0059    0.1004    0.7155   19.5843 v _10419_/X (sky130_fd_sc_hd__lpflow_inputiso1p_1)
     3    0.0093    0.1268    0.1472   19.7315 ^ _24057_/Y (sky130_fd_sc_hd__nand3b_1)
     3    0.0087    0.0855    0.1114   19.8430 v _24059_/X (sky130_fd_sc_hd__xor2_1)
     2    0.0095    0.2666    0.2768   20.1197 ^ _24063_/Y (sky130_fd_sc_hd__a31oi_1)
     1    0.0047    0.1533    0.2424   20.3621 ^ _24065_/Y (sky130_fd_sc_hd__mux2i_1)
     1    0.0020    0.1022    0.1261   20.4882 ^ _24066_/Y (sky130_fd_sc_hd__xnor2_1)
                    0.1022    0.0000   20.4882 ^ _24072_/D (sky130_fd_sc_hd__dfrtp_1)
                                       20.4882   data arrival time

                    0.0000    2.5000    2.5000   clock clk (rise edge)
                              0.0000    2.5000   clock network delay (ideal)
                              0.0000    2.5000   clock reconvergence pessimism
                                        2.5000 ^ _24072_/CLK (sky130_fd_sc_hd__dfrtp_1)
                             -0.0799    2.4201   library setup time
                                        2.4201   data required time
-------------------------------------------------------------------------------------
                                        2.4201   data required time
                                      -20.4882   data arrival time
-------------------------------------------------------------------------------------
                                      -18.0681   slack (VIOLATED)


Startpoint: _13690_ (rising edge-triggered flip-flop clocked by clk)
Endpoint: _14090_ (rising edge-triggered flip-flop clocked by clk)
Path Group: clk
Path Type: max

Fanout       Cap      Slew     Delay      Time   Description
-------------------------------------------------------------------------------------
                    0.0000    0.0000    0.0000   clock clk (rise edge)
                              0.0000    0.0000   clock network delay (ideal)
                    0.0000    0.0000    0.0000 ^ _13690_/CLK (sky130_fd_sc_hd__dfrtp_1)
    16    0.0358    0.1824    0.4739    0.4739 v _13690_/Q (sky130_fd_sc_hd__dfrtp_1)
    12    0.0281    0.8767    0.7697    1.2437 ^ _10218_/Y (sky130_fd_sc_hd__nor3b_1)
     1    0.0026    0.0517    0.2533    1.4970 ^ _10221_/X (sky130_fd_sc_hd__a22o_1)
     1    0.0023    0.0488    0.0814    1.5784 ^ _10222_/X (sky130_fd_sc_hd__a2111o_1)
     6    0.0111    0.1449    0.1187    1.6971 v _10225_/Y (sky130_fd_sc_hd__nand3_1)
     2    0.0037    0.0473    0.1792    1.8763 v _10234_/X (sky130_fd_sc_hd__and2_0)
     3    0.0068    0.0505    0.1439    2.0202 v _10305_/X (sky130_fd_sc_hd__lpflow_isobufsrc_1)
     1    0.0022    0.0380    0.2197    2.2400 v _10321_/X (sky130_fd_sc_hd__a22o_1)
     1    0.0024    0.0993    0.1014    2.3414 ^ _10322_/Y (sky130_fd_sc_hd__a21oi_1)
    74    0.1661    1.5871    1.2341    3.5755 v _10323_/Y (sky130_fd_sc_hd__o211ai_1)
    73    0.1792    4.8150    4.1537    7.7292 ^ _10324_/Y (sky130_fd_sc_hd__nor3_1)
     2    0.0045    0.7143    0.2990    8.0282 v _10337_/Y (sky130_fd_sc_hd__a22oi_1)
    20    0.0517    0.5097    0.6541    8.6823 ^ _10339_/Y (sky130_fd_sc_hd__nand2_1)
    16    0.0353    0.3268    0.4115    9.0938 v _14380_/Y (sky130_fd_sc_hd__clkinv_1)
     1    0.0024    0.3205    0.4302    9.5240 ^ _15072_/Y (sky130_fd_sc_hd__a2111oi_0)
     1    0.0022    0.1009    0.1276    9.6516 v _15073_/Y (sky130_fd_sc_hd__nand4_1)
     1    0.0015    0.1739    0.2317    9.8834 ^ _15109_/Y (sky130_fd_sc_hd__nor4_1)
    96    0.2362    9.4110    7.2177   17.1011 ^ _15110_/Y (sky130_fd_sc_hd__nor4b_1)
     1    0.0022    0.9972    0.3558   17.4569 v _17288_/Y (sky130_fd_sc_hd__nor4_1)
     2    0.0031    0.2920    0.3921   17.8490 ^ _17289_/Y (sky130_fd_sc_hd__nand4b_1)
     3    0.0058    0.0675    0.1727   18.0217 ^ _10259_/X (sky130_fd_sc_hd__or3_1)
    99    0.2434    2.4175    1.7724   19.7941 ^ _10261_/Y (sky130_fd_sc_hd__nand2b_1)
     2    0.0043    0.3390    0.1293   19.9234 v _10673_/Y (sky130_fd_sc_hd__nor3b_1)
     1    0.0018    0.2372    0.1997   20.1230 ^ _11002_/Y (sky130_fd_sc_hd__a21oi_1)
     1    0.0019    0.2269    0.0998   20.2228 v _11003_/Y (sky130_fd_sc_hd__o21ai_0)
                    0.2269    0.0000   20.2228 v _14090_/D (sky130_fd_sc_hd__dfrtp_1)
                                       20.2228   data arrival time

                    0.0000    2.5000    2.5000   clock clk (rise edge)
                              0.0000    2.5000   clock network delay (ideal)
                              0.0000    2.5000   clock reconvergence pessimism
                                        2.5000 ^ _14090_/CLK (sky130_fd_sc_hd__dfrtp_1)
                             -0.2042    2.2958   library setup time
                                        2.2958   data required time
-------------------------------------------------------------------------------------
                                        2.2958   data required time
                                      -20.2228   data arrival time
-------------------------------------------------------------------------------------
                                      -17.9270   slack (VIOLATED)


=== WORST SLACK ===
worst slack max -18.07
=== POWER (activity 0.2) ===
Group                    Internal    Switching      Leakage        Total
                            Power        Power        Power        Power (Watts)
------------------------------------------------------------------------
Sequential           6.103390e-02 2.547111e-03 3.991027e-08 6.358105e-02  83.0%
Combinational        7.267781e-03 5.792323e-03 2.514050e-08 1.306013e-02  17.0%
Clock                0.000000e+00 0.000000e+00 0.000000e+00 0.000000e+00   0.0%
Macro                0.000000e+00 0.000000e+00 0.000000e+00 0.000000e+00   0.0%
Pad                  0.000000e+00 0.000000e+00 0.000000e+00 0.000000e+00   0.0%
------------------------------------------------------------------------
Total                6.830186e-02 8.339218e-03 6.505226e-08 7.664114e-02 100.0%
                            89.1%        10.9%         0.0%

=STDERR=
