Warning: Replacing memory \data_q with list of registers. See /foss/designs/cache_study/iotlb/iotlb_t0x3.sv:40
Warning: Replacing memory \ltag_q with list of registers. See /foss/designs/cache_study/iotlb/iotlb_t0x3.sv:39
Warning: Replacing memory \subv_q with list of registers. See /foss/designs/cache_study/iotlb/iotlb_t0x3.sv:39
Warning: Replacing memory \lval_q with list of registers. See /foss/designs/cache_study/iotlb/iotlb_t0x3.sv:39
Warning: Wire iotlb_t0x3.$bitselwrite$pos$/foss/designs/cache_study/iotlb/iotlb_t0x3.sv:44$14 [2] is used but has no driver.
Warning: Wire iotlb_t0x3.$bitselwrite$pos$/foss/designs/cache_study/iotlb/iotlb_t0x3.sv:44$14 [1] is used but has no driver.
Warning: Wire iotlb_t0x3.$bitselwrite$pos$/foss/designs/cache_study/iotlb/iotlb_t0x3.sv:44$14 [0] is used but has no driver.
Warning: Wire iotlb_t0x3.$bitselwrite$pos$/foss/designs/cache_study/iotlb/iotlb_t0x3.sv:44$13 [2] is used but has no driver.
Warning: Wire iotlb_t0x3.$bitselwrite$pos$/foss/designs/cache_study/iotlb/iotlb_t0x3.sv:44$13 [1] is used but has no driver.
Warning: Wire iotlb_t0x3.$bitselwrite$pos$/foss/designs/cache_study/iotlb/iotlb_t0x3.sv:44$13 [0] is used but has no driver.
Warning: Wire iotlb_t0x3.$bitselwrite$pos$/foss/designs/cache_study/iotlb/iotlb_t0x3.sv:44$12 [2] is used but has no driver.
Warning: Wire iotlb_t0x3.$bitselwrite$pos$/foss/designs/cache_study/iotlb/iotlb_t0x3.sv:44$12 [1] is used but has no driver.
Warning: Wire iotlb_t0x3.$bitselwrite$pos$/foss/designs/cache_study/iotlb/iotlb_t0x3.sv:44$12 [0] is used but has no driver.
Warning: Wire iotlb_t0x3.$mem2reg_wr$\data_q$/foss/designs/cache_study/iotlb/iotlb_t0x3.sv:47$11_DATA [43] is used but has no driver.
Warning: Wire iotlb_t0x3.$mem2reg_wr$\data_q$/foss/designs/cache_study/iotlb/iotlb_t0x3.sv:47$11_DATA [42] is used but has no driver.
Warning: Wire iotlb_t0x3.$mem2reg_wr$\data_q$/foss/designs/cache_study/iotlb/iotlb_t0x3.sv:47$11_DATA [41] is used but has no driver.
Warning: Wire iotlb_t0x3.$mem2reg_wr$\data_q$/foss/designs/cache_study/iotlb/iotlb_t0x3.sv:47$11_DATA [40] is used but has no driver.
Warning: Wire iotlb_t0x3.$mem2reg_wr$\data_q$/foss/designs/cache_study/iotlb/iotlb_t0x3.sv:47$11_DATA [39] is used but has no driver.
Warning: Wire iotlb_t0x3.$mem2reg_wr$\data_q$/foss/designs/cache_study/iotlb/iotlb_t0x3.sv:47$11_DATA [38] is used but has no driver.
Warning: Wire iotlb_t0x3.$mem2reg_wr$\data_q$/foss/designs/cache_study/iotlb/iotlb_t0x3.sv:47$11_DATA [37] is used but has no driver.
Warning: Wire iotlb_t0x3.$mem2reg_wr$\data_q$/foss/designs/cache_study/iotlb/iotlb_t0x3.sv:47$11_DATA [36] is used but has no driver.
Warning: Wire iotlb_t0x3.$mem2reg_wr$\data_q$/foss/designs/cache_study/iotlb/iotlb_t0x3.sv:47$11_DATA [35] is used but has no driver.
Warning: Wire iotlb_t0x3.$mem2reg_wr$\data_q$/foss/designs/cache_study/iotlb/iotlb_t0x3.sv:47$11_DATA [34] is used but has no driver.
Warning: Wire iotlb_t0x3.$mem2reg_wr$\data_q$/foss/designs/cache_study/iotlb/iotlb_t0x3.sv:47$11_DATA [33] is used but has no driver.
Warning: Wire iotlb_t0x3.$mem2reg_wr$\data_q$/foss/designs/cache_study/iotlb/iotlb_t0x3.sv:47$11_DATA [32] is used but has no driver.
Warning: Wire iotlb_t0x3.$mem2reg_wr$\data_q$/foss/designs/cache_study/iotlb/iotlb_t0x3.sv:47$11_DATA [31] is used but has no driver.
Warning: Wire iotlb_t0x3.$mem2reg_wr$\data_q$/foss/designs/cache_study/iotlb/iotlb_t0x3.sv:47$11_DATA [30] is used but has no driver.
Warning: Wire iotlb_t0x3.$mem2reg_wr$\data_q$/foss/designs/cache_study/iotlb/iotlb_t0x3.sv:47$11_DATA [29] is used but has no driver.
Warning: Wire iotlb_t0x3.$mem2reg_wr$\data_q$/foss/designs/cache_study/iotlb/iotlb_t0x3.sv:47$11_DATA [28] is used but has no driver.
Warning: Wire iotlb_t0x3.$mem2reg_wr$\data_q$/foss/designs/cache_study/iotlb/iotlb_t0x3.sv:47$11_DATA [27] is used but has no driver.
Warning: Wire iotlb_t0x3.$mem2reg_wr$\data_q$/foss/designs/cache_study/iotlb/iotlb_t0x3.sv:47$11_DATA [26] is used but has no driver.
Warning: Wire iotlb_t0x3.$mem2reg_wr$\data_q$/foss/designs/cache_study/iotlb/iotlb_t0x3.sv:47$11_DATA [25] is used but has no driver.
Warning: Wire iotlb_t0x3.$mem2reg_wr$\data_q$/foss/designs/cache_study/iotlb/iotlb_t0x3.sv:47$11_DATA [24] is used but has no driver.
Warning: Wire iotlb_t0x3.$mem2reg_wr$\data_q$/foss/designs/cache_study/iotlb/iotlb_t0x3.sv:47$11_DATA [23] is used but has no driver.
Warning: Wire iotlb_t0x3.$mem2reg_wr$\data_q$/foss/designs/cache_study/iotlb/iotlb_t0x3.sv:47$11_DATA [22] is used but has no driver.
Warning: Wire iotlb_t0x3.$mem2reg_wr$\data_q$/foss/designs/cache_study/iotlb/iotlb_t0x3.sv:47$11_DATA [21] is used but has no driver.
Warning: Wire iotlb_t0x3.$mem2reg_wr$\data_q$/foss/designs/cache_study/iotlb/iotlb_t0x3.sv:47$11_DATA [20] is used but has no driver.
Warning: Wire iotlb_t0x3.$mem2reg_wr$\data_q$/foss/designs/cache_study/iotlb/iotlb_t0x3.sv:47$11_DATA [19] is used but has no driver.
Warning: Wire iotlb_t0x3.$mem2reg_wr$\data_q$/foss/designs/cache_study/iotlb/iotlb_t0x3.sv:47$11_DATA [18] is used but has no driver.
Warning: Wire iotlb_t0x3.$mem2reg_wr$\data_q$/foss/designs/cache_study/iotlb/iotlb_t0x3.sv:47$11_DATA [17] is used but has no driver.
Warning: Wire iotlb_t0x3.$mem2reg_wr$\data_q$/foss/designs/cache_study/iotlb/iotlb_t0x3.sv:47$11_DATA [16] is used but has no driver.
Warning: Wire iotlb_t0x3.$mem2reg_wr$\data_q$/foss/designs/cache_study/iotlb/iotlb_t0x3.sv:47$11_DATA [15] is used but has no driver.
Warning: Wire iotlb_t0x3.$mem2reg_wr$\data_q$/foss/designs/cache_study/iotlb/iotlb_t0x3.sv:47$11_DATA [14] is used but has no driver.
Warning: Wire iotlb_t0x3.$mem2reg_wr$\data_q$/foss/designs/cache_study/iotlb/iotlb_t0x3.sv:47$11_DATA [13] is used but has no driver.
Warning: Wire iotlb_t0x3.$mem2reg_wr$\data_q$/foss/designs/cache_study/iotlb/iotlb_t0x3.sv:47$11_DATA [12] is used but has no driver.
Warning: Wire iotlb_t0x3.$mem2reg_wr$\data_q$/foss/designs/cache_study/iotlb/iotlb_t0x3.sv:47$11_DATA [11] is used but has no driver.
Warning: Wire iotlb_t0x3.$mem2reg_wr$\data_q$/foss/designs/cache_study/iotlb/iotlb_t0x3.sv:47$11_DATA [10] is used but has no driver.
Warning: Wire iotlb_t0x3.$mem2reg_wr$\data_q$/foss/designs/cache_study/iotlb/iotlb_t0x3.sv:47$11_DATA [9] is used but has no driver.
Warning: Wire iotlb_t0x3.$mem2reg_wr$\data_q$/foss/designs/cache_study/iotlb/iotlb_t0x3.sv:47$11_DATA [8] is used but has no driver.
Warning: Wire iotlb_t0x3.$mem2reg_wr$\data_q$/foss/designs/cache_study/iotlb/iotlb_t0x3.sv:47$11_DATA [7] is used but has no driver.
Warning: Wire iotlb_t0x3.$mem2reg_wr$\data_q$/foss/designs/cache_study/iotlb/iotlb_t0x3.sv:47$11_DATA [6] is used but has no driver.
Warning: Wire iotlb_t0x3.$mem2reg_wr$\data_q$/foss/designs/cache_study/iotlb/iotlb_t0x3.sv:47$11_DATA [5] is used but has no driver.
Warning: Wire iotlb_t0x3.$mem2reg_wr$\data_q$/foss/designs/cache_study/iotlb/iotlb_t0x3.sv:47$11_DATA [4] is used but has no driver.
Warning: Wire iotlb_t0x3.$mem2reg_wr$\data_q$/foss/designs/cache_study/iotlb/iotlb_t0x3.sv:47$11_DATA [3] is used but has no driver.
Warning: Wire iotlb_t0x3.$mem2reg_wr$\data_q$/foss/designs/cache_study/iotlb/iotlb_t0x3.sv:47$11_DATA [2] is used but has no driver.
Warning: Wire iotlb_t0x3.$mem2reg_wr$\data_q$/foss/designs/cache_study/iotlb/iotlb_t0x3.sv:47$11_DATA [1] is used but has no driver.
Warning: Wire iotlb_t0x3.$mem2reg_wr$\data_q$/foss/designs/cache_study/iotlb/iotlb_t0x3.sv:47$11_DATA [0] is used but has no driver.
Warning: Wire iotlb_t0x3.$mem2reg_wr$\data_q$/foss/designs/cache_study/iotlb/iotlb_t0x3.sv:47$11_ADDR [4] is used but has no driver.
Warning: Wire iotlb_t0x3.$mem2reg_wr$\data_q$/foss/designs/cache_study/iotlb/iotlb_t0x3.sv:47$11_ADDR [3] is used but has no driver.
Warning: Wire iotlb_t0x3.$mem2reg_wr$\data_q$/foss/designs/cache_study/iotlb/iotlb_t0x3.sv:47$11_ADDR [2] is used but has no driver.
Warning: Wire iotlb_t0x3.$mem2reg_wr$\data_q$/foss/designs/cache_study/iotlb/iotlb_t0x3.sv:47$11_ADDR [1] is used but has no driver.
Warning: Wire iotlb_t0x3.$mem2reg_wr$\data_q$/foss/designs/cache_study/iotlb/iotlb_t0x3.sv:47$11_ADDR [0] is used but has no driver.
Warning: Wire iotlb_t0x3.$mem2reg_wr$\subv_q$/foss/designs/cache_study/iotlb/iotlb_t0x3.sv:47$10_DATA [7] is used but has no driver.
Warning: Wire iotlb_t0x3.$mem2reg_wr$\subv_q$/foss/designs/cache_study/iotlb/iotlb_t0x3.sv:47$10_DATA [6] is used but has no driver.
Warning: Wire iotlb_t0x3.$mem2reg_wr$\subv_q$/foss/designs/cache_study/iotlb/iotlb_t0x3.sv:47$10_DATA [5] is used but has no driver.
Warning: Wire iotlb_t0x3.$mem2reg_wr$\subv_q$/foss/designs/cache_study/iotlb/iotlb_t0x3.sv:47$10_DATA [4] is used but has no driver.
Warning: Wire iotlb_t0x3.$mem2reg_wr$\subv_q$/foss/designs/cache_study/iotlb/iotlb_t0x3.sv:47$10_DATA [3] is used but has no driver.
Warning: Wire iotlb_t0x3.$mem2reg_wr$\subv_q$/foss/designs/cache_study/iotlb/iotlb_t0x3.sv:47$10_DATA [2] is used but has no driver.
Warning: Wire iotlb_t0x3.$mem2reg_wr$\subv_q$/foss/designs/cache_study/iotlb/iotlb_t0x3.sv:47$10_DATA [1] is used but has no driver.
Warning: Wire iotlb_t0x3.$mem2reg_wr$\subv_q$/foss/designs/cache_study/iotlb/iotlb_t0x3.sv:47$10_DATA [0] is used but has no driver.
Warning: Wire iotlb_t0x3.$mem2reg_wr$\subv_q$/foss/designs/cache_study/iotlb/iotlb_t0x3.sv:47$10_ADDR [1] is used but has no driver.
Warning: Wire iotlb_t0x3.$mem2reg_wr$\subv_q$/foss/designs/cache_study/iotlb/iotlb_t0x3.sv:47$10_ADDR [0] is used but has no driver.
Warning: Wire iotlb_t0x3.$mem2reg_wr$\lval_q$/foss/designs/cache_study/iotlb/iotlb_t0x3.sv:46$9_DATA is used but has no driver.
Warning: Wire iotlb_t0x3.$mem2reg_wr$\lval_q$/foss/designs/cache_study/iotlb/iotlb_t0x3.sv:46$9_ADDR [1] is used but has no driver.
Warning: Wire iotlb_t0x3.$mem2reg_wr$\lval_q$/foss/designs/cache_study/iotlb/iotlb_t0x3.sv:46$9_ADDR [0] is used but has no driver.
Warning: Wire iotlb_t0x3.$mem2reg_wr$\ltag_q$/foss/designs/cache_study/iotlb/iotlb_t0x3.sv:46$8_DATA [23] is used but has no driver.
Warning: Wire iotlb_t0x3.$mem2reg_wr$\ltag_q$/foss/designs/cache_study/iotlb/iotlb_t0x3.sv:46$8_DATA [22] is used but has no driver.
Warning: Wire iotlb_t0x3.$mem2reg_wr$\ltag_q$/foss/designs/cache_study/iotlb/iotlb_t0x3.sv:46$8_DATA [21] is used but has no driver.
Warning: Wire iotlb_t0x3.$mem2reg_wr$\ltag_q$/foss/designs/cache_study/iotlb/iotlb_t0x3.sv:46$8_DATA [20] is used but has no driver.
Warning: Wire iotlb_t0x3.$mem2reg_wr$\ltag_q$/foss/designs/cache_study/iotlb/iotlb_t0x3.sv:46$8_DATA [19] is used but has no driver.
Warning: Wire iotlb_t0x3.$mem2reg_wr$\ltag_q$/foss/designs/cache_study/iotlb/iotlb_t0x3.sv:46$8_DATA [18] is used but has no driver.
Warning: Wire iotlb_t0x3.$mem2reg_wr$\ltag_q$/foss/designs/cache_study/iotlb/iotlb_t0x3.sv:46$8_DATA [17] is used but has no driver.
Warning: Wire iotlb_t0x3.$mem2reg_wr$\ltag_q$/foss/designs/cache_study/iotlb/iotlb_t0x3.sv:46$8_DATA [16] is used but has no driver.
Warning: Wire iotlb_t0x3.$mem2reg_wr$\ltag_q$/foss/designs/cache_study/iotlb/iotlb_t0x3.sv:46$8_DATA [15] is used but has no driver.
Warning: Wire iotlb_t0x3.$mem2reg_wr$\ltag_q$/foss/designs/cache_study/iotlb/iotlb_t0x3.sv:46$8_DATA [14] is used but has no driver.
Warning: Wire iotlb_t0x3.$mem2reg_wr$\ltag_q$/foss/designs/cache_study/iotlb/iotlb_t0x3.sv:46$8_DATA [13] is used but has no driver.
Warning: Wire iotlb_t0x3.$mem2reg_wr$\ltag_q$/foss/designs/cache_study/iotlb/iotlb_t0x3.sv:46$8_DATA [12] is used but has no driver.
Warning: Wire iotlb_t0x3.$mem2reg_wr$\ltag_q$/foss/designs/cache_study/iotlb/iotlb_t0x3.sv:46$8_DATA [11] is used but has no driver.
Warning: Wire iotlb_t0x3.$mem2reg_wr$\ltag_q$/foss/designs/cache_study/iotlb/iotlb_t0x3.sv:46$8_DATA [10] is used but has no driver.
Warning: Wire iotlb_t0x3.$mem2reg_wr$\ltag_q$/foss/designs/cache_study/iotlb/iotlb_t0x3.sv:46$8_DATA [9] is used but has no driver.
Warning: Wire iotlb_t0x3.$mem2reg_wr$\ltag_q$/foss/designs/cache_study/iotlb/iotlb_t0x3.sv:46$8_DATA [8] is used but has no driver.
Warning: Wire iotlb_t0x3.$mem2reg_wr$\ltag_q$/foss/designs/cache_study/iotlb/iotlb_t0x3.sv:46$8_DATA [7] is used but has no driver.
Warning: Wire iotlb_t0x3.$mem2reg_wr$\ltag_q$/foss/designs/cache_study/iotlb/iotlb_t0x3.sv:46$8_DATA [6] is used but has no driver.
Warning: Wire iotlb_t0x3.$mem2reg_wr$\ltag_q$/foss/designs/cache_study/iotlb/iotlb_t0x3.sv:46$8_DATA [5] is used but has no driver.
Warning: Wire iotlb_t0x3.$mem2reg_wr$\ltag_q$/foss/designs/cache_study/iotlb/iotlb_t0x3.sv:46$8_DATA [4] is used but has no driver.
Warning: Wire iotlb_t0x3.$mem2reg_wr$\ltag_q$/foss/designs/cache_study/iotlb/iotlb_t0x3.sv:46$8_DATA [3] is used but has no driver.
Warning: Wire iotlb_t0x3.$mem2reg_wr$\ltag_q$/foss/designs/cache_study/iotlb/iotlb_t0x3.sv:46$8_DATA [2] is used but has no driver.
Warning: Wire iotlb_t0x3.$mem2reg_wr$\ltag_q$/foss/designs/cache_study/iotlb/iotlb_t0x3.sv:46$8_DATA [1] is used but has no driver.
Warning: Wire iotlb_t0x3.$mem2reg_wr$\ltag_q$/foss/designs/cache_study/iotlb/iotlb_t0x3.sv:46$8_DATA [0] is used but has no driver.
Warning: Wire iotlb_t0x3.$mem2reg_wr$\ltag_q$/foss/designs/cache_study/iotlb/iotlb_t0x3.sv:46$8_ADDR [1] is used but has no driver.
Warning: Wire iotlb_t0x3.$mem2reg_wr$\ltag_q$/foss/designs/cache_study/iotlb/iotlb_t0x3.sv:46$8_ADDR [0] is used but has no driver.
Warning: Wire iotlb_t0x3.$mem2reg_wr$\subv_q$/foss/designs/cache_study/iotlb/iotlb_t0x3.sv:44$7_DATA [7] is used but has no driver.
Warning: Wire iotlb_t0x3.$mem2reg_wr$\subv_q$/foss/designs/cache_study/iotlb/iotlb_t0x3.sv:44$7_DATA [6] is used but has no driver.
Warning: Wire iotlb_t0x3.$mem2reg_wr$\subv_q$/foss/designs/cache_study/iotlb/iotlb_t0x3.sv:44$7_DATA [5] is used but has no driver.
Warning: Wire iotlb_t0x3.$mem2reg_wr$\subv_q$/foss/designs/cache_study/iotlb/iotlb_t0x3.sv:44$7_DATA [4] is used but has no driver.
Warning: Wire iotlb_t0x3.$mem2reg_wr$\subv_q$/foss/designs/cache_study/iotlb/iotlb_t0x3.sv:44$7_DATA [3] is used but has no driver.
Warning: Wire iotlb_t0x3.$mem2reg_wr$\subv_q$/foss/designs/cache_study/iotlb/iotlb_t0x3.sv:44$7_DATA [2] is used but has no driver.
Warning: Wire iotlb_t0x3.$mem2reg_wr$\subv_q$/foss/designs/cache_study/iotlb/iotlb_t0x3.sv:44$7_DATA [1] is used but has no driver.
Warning: Wire iotlb_t0x3.$mem2reg_wr$\subv_q$/foss/designs/cache_study/iotlb/iotlb_t0x3.sv:44$7_DATA [0] is used but has no driver.
Warning: Wire iotlb_t0x3.$mem2reg_wr$\subv_q$/foss/designs/cache_study/iotlb/iotlb_t0x3.sv:44$7_ADDR [1] is used but has no driver.
Warning: Wire iotlb_t0x3.$mem2reg_wr$\subv_q$/foss/designs/cache_study/iotlb/iotlb_t0x3.sv:44$7_ADDR [0] is used but has no driver.
Warning: Wire iotlb_t0x3.$mem2reg_wr$\data_q$/foss/designs/cache_study/iotlb/iotlb_t0x3.sv:44$6_DATA [43] is used but has no driver.
Warning: Wire iotlb_t0x3.$mem2reg_wr$\data_q$/foss/designs/cache_study/iotlb/iotlb_t0x3.sv:44$6_DATA [42] is used but has no driver.
Warning: Wire iotlb_t0x3.$mem2reg_wr$\data_q$/foss/designs/cache_study/iotlb/iotlb_t0x3.sv:44$6_DATA [41] is used but has no driver.
Warning: Wire iotlb_t0x3.$mem2reg_wr$\data_q$/foss/designs/cache_study/iotlb/iotlb_t0x3.sv:44$6_DATA [40] is used but has no driver.
Warning: Wire iotlb_t0x3.$mem2reg_wr$\data_q$/foss/designs/cache_study/iotlb/iotlb_t0x3.sv:44$6_DATA [39] is used but has no driver.
Warning: Wire iotlb_t0x3.$mem2reg_wr$\data_q$/foss/designs/cache_study/iotlb/iotlb_t0x3.sv:44$6_DATA [38] is used but has no driver.
Warning: Wire iotlb_t0x3.$mem2reg_wr$\data_q$/foss/designs/cache_study/iotlb/iotlb_t0x3.sv:44$6_DATA [37] is used but has no driver.
Warning: Wire iotlb_t0x3.$mem2reg_wr$\data_q$/foss/designs/cache_study/iotlb/iotlb_t0x3.sv:44$6_DATA [36] is used but has no driver.
Warning: Wire iotlb_t0x3.$mem2reg_wr$\data_q$/foss/designs/cache_study/iotlb/iotlb_t0x3.sv:44$6_DATA [35] is used but has no driver.
Warning: Wire iotlb_t0x3.$mem2reg_wr$\data_q$/foss/designs/cache_study/iotlb/iotlb_t0x3.sv:44$6_DATA [34] is used but has no driver.
Warning: Wire iotlb_t0x3.$mem2reg_wr$\data_q$/foss/designs/cache_study/iotlb/iotlb_t0x3.sv:44$6_DATA [33] is used but has no driver.
Warning: Wire iotlb_t0x3.$mem2reg_wr$\data_q$/foss/designs/cache_study/iotlb/iotlb_t0x3.sv:44$6_DATA [32] is used but has no driver.
Warning: Wire iotlb_t0x3.$mem2reg_wr$\data_q$/foss/designs/cache_study/iotlb/iotlb_t0x3.sv:44$6_DATA [31] is used but has no driver.
Warning: Wire iotlb_t0x3.$mem2reg_wr$\data_q$/foss/designs/cache_study/iotlb/iotlb_t0x3.sv:44$6_DATA [30] is used but has no driver.
Warning: Wire iotlb_t0x3.$mem2reg_wr$\data_q$/foss/designs/cache_study/iotlb/iotlb_t0x3.sv:44$6_DATA [29] is used but has no driver.
Warning: Wire iotlb_t0x3.$mem2reg_wr$\data_q$/foss/designs/cache_study/iotlb/iotlb_t0x3.sv:44$6_DATA [28] is used but has no driver.
Warning: Wire iotlb_t0x3.$mem2reg_wr$\data_q$/foss/designs/cache_study/iotlb/iotlb_t0x3.sv:44$6_DATA [27] is used but has no driver.
Warning: Wire iotlb_t0x3.$mem2reg_wr$\data_q$/foss/designs/cache_study/iotlb/iotlb_t0x3.sv:44$6_DATA [26] is used but has no driver.
Warning: Wire iotlb_t0x3.$mem2reg_wr$\data_q$/foss/designs/cache_study/iotlb/iotlb_t0x3.sv:44$6_DATA [25] is used but has no driver.
Warning: Wire iotlb_t0x3.$mem2reg_wr$\data_q$/foss/designs/cache_study/iotlb/iotlb_t0x3.sv:44$6_DATA [24] is used but has no driver.
Warning: Wire iotlb_t0x3.$mem2reg_wr$\data_q$/foss/designs/cache_study/iotlb/iotlb_t0x3.sv:44$6_DATA [23] is used but has no driver.
Warning: Wire iotlb_t0x3.$mem2reg_wr$\data_q$/foss/designs/cache_study/iotlb/iotlb_t0x3.sv:44$6_DATA [22] is used but has no driver.
Warning: Wire iotlb_t0x3.$mem2reg_wr$\data_q$/foss/designs/cache_study/iotlb/iotlb_t0x3.sv:44$6_DATA [21] is used but has no driver.
Warning: Wire iotlb_t0x3.$mem2reg_wr$\data_q$/foss/designs/cache_study/iotlb/iotlb_t0x3.sv:44$6_DATA [20] is used but has no driver.
Warning: Wire iotlb_t0x3.$mem2reg_wr$\data_q$/foss/designs/cache_study/iotlb/iotlb_t0x3.sv:44$6_DATA [19] is used but has no driver.
Warning: Wire iotlb_t0x3.$mem2reg_wr$\data_q$/foss/designs/cache_study/iotlb/iotlb_t0x3.sv:44$6_DATA [18] is used but has no driver.
Warning: Wire iotlb_t0x3.$mem2reg_wr$\data_q$/foss/designs/cache_study/iotlb/iotlb_t0x3.sv:44$6_DATA [17] is used but has no driver.
Warning: Wire iotlb_t0x3.$mem2reg_wr$\data_q$/foss/designs/cache_study/iotlb/iotlb_t0x3.sv:44$6_DATA [16] is used but has no driver.
Warning: Wire iotlb_t0x3.$mem2reg_wr$\data_q$/foss/designs/cache_study/iotlb/iotlb_t0x3.sv:44$6_DATA [15] is used but has no driver.
Warning: Wire iotlb_t0x3.$mem2reg_wr$\data_q$/foss/designs/cache_study/iotlb/iotlb_t0x3.sv:44$6_DATA [14] is used but has no driver.
Warning: Wire iotlb_t0x3.$mem2reg_wr$\data_q$/foss/designs/cache_study/iotlb/iotlb_t0x3.sv:44$6_DATA [13] is used but has no driver.
Warning: Wire iotlb_t0x3.$mem2reg_wr$\data_q$/foss/designs/cache_study/iotlb/iotlb_t0x3.sv:44$6_DATA [12] is used but has no driver.
Warning: Wire iotlb_t0x3.$mem2reg_wr$\data_q$/foss/designs/cache_study/iotlb/iotlb_t0x3.sv:44$6_DATA [11] is used but has no driver.
Warning: Wire iotlb_t0x3.$mem2reg_wr$\data_q$/foss/designs/cache_study/iotlb/iotlb_t0x3.sv:44$6_DATA [10] is used but has no driver.
Warning: Wire iotlb_t0x3.$mem2reg_wr$\data_q$/foss/designs/cache_study/iotlb/iotlb_t0x3.sv:44$6_DATA [9] is used but has no driver.
Warning: Wire iotlb_t0x3.$mem2reg_wr$\data_q$/foss/designs/cache_study/iotlb/iotlb_t0x3.sv:44$6_DATA [8] is used but has no driver.
Warning: Wire iotlb_t0x3.$mem2reg_wr$\data_q$/foss/designs/cache_study/iotlb/iotlb_t0x3.sv:44$6_DATA [7] is used but has no driver.
Warning: Wire iotlb_t0x3.$mem2reg_wr$\data_q$/foss/designs/cache_study/iotlb/iotlb_t0x3.sv:44$6_DATA [6] is used but has no driver.
Warning: Wire iotlb_t0x3.$mem2reg_wr$\data_q$/foss/designs/cache_study/iotlb/iotlb_t0x3.sv:44$6_DATA [5] is used but has no driver.
Warning: Wire iotlb_t0x3.$mem2reg_wr$\data_q$/foss/designs/cache_study/iotlb/iotlb_t0x3.sv:44$6_DATA [4] is used but has no driver.
Warning: Wire iotlb_t0x3.$mem2reg_wr$\data_q$/foss/designs/cache_study/iotlb/iotlb_t0x3.sv:44$6_DATA [3] is used but has no driver.
Warning: Wire iotlb_t0x3.$mem2reg_wr$\data_q$/foss/designs/cache_study/iotlb/iotlb_t0x3.sv:44$6_DATA [2] is used but has no driver.
Warning: Wire iotlb_t0x3.$mem2reg_wr$\data_q$/foss/designs/cache_study/iotlb/iotlb_t0x3.sv:44$6_DATA [1] is used but has no driver.
Warning: Wire iotlb_t0x3.$mem2reg_wr$\data_q$/foss/designs/cache_study/iotlb/iotlb_t0x3.sv:44$6_DATA [0] is used but has no driver.
Warning: Wire iotlb_t0x3.$mem2reg_wr$\data_q$/foss/designs/cache_study/iotlb/iotlb_t0x3.sv:44$6_ADDR [4] is used but has no driver.
Warning: Wire iotlb_t0x3.$mem2reg_wr$\data_q$/foss/designs/cache_study/iotlb/iotlb_t0x3.sv:44$6_ADDR [3] is used but has no driver.
Warning: Wire iotlb_t0x3.$mem2reg_wr$\data_q$/foss/designs/cache_study/iotlb/iotlb_t0x3.sv:44$6_ADDR [2] is used but has no driver.
Warning: Wire iotlb_t0x3.$mem2reg_wr$\data_q$/foss/designs/cache_study/iotlb/iotlb_t0x3.sv:44$6_ADDR [1] is used but has no driver.
Warning: Wire iotlb_t0x3.$mem2reg_wr$\data_q$/foss/designs/cache_study/iotlb/iotlb_t0x3.sv:44$6_ADDR [0] is used but has no driver.
