OpenSTA 3.1.0 76c4d6df35 Copyright (c) 2026, Parallax Software, Inc.
License GPLv3: GNU GPL version 3 <http://gnu.org/licenses/gpl.html>

This is free software, and you are free to change and redistribute it
under certain conditions; type `show_copying' for details. 
This program comes with ABSOLUTELY NO WARRANTY; for details type `show_warranty'.
=== WNS ===
worst slack max -6.58
=== PATH ===
Warning 503: iotlb_t0x3.sta line 1, report_checks -group_count is deprecated. Use -group_path_count instead.
Startpoint: _5948_ (rising edge-triggered flip-flop clocked by clk)
Endpoint: _5978_ (rising edge-triggered flip-flop clocked by clk)
Path Group: clk
Path Type: max

      Cap      Slew     Delay      Time   Description
-------------------------------------------------------------------------------
             0.0000    0.0000    0.0000   clock clk (rise edge)
                       0.0000    0.0000   clock network delay (ideal)
             0.0000    0.0000    0.0000 ^ _5948_/CLK (sky130_fd_sc_hd__dfxtp_1)
   0.0268    0.1283    0.3621    0.3621 v _5948_/Q (sky130_fd_sc_hd__dfxtp_1)
   0.3197    8.5770    6.3922    6.7544 ^ _2486_/Y (sky130_fd_sc_hd__nor3_1)
   0.0022    0.8877    0.9815    7.7359 v _3233_/Y (sky130_fd_sc_hd__a222oi_1)
   0.0024    0.1830    0.3092    8.0451 ^ _3234_/Y (sky130_fd_sc_hd__nand3_1)
   0.0016    0.7749    0.0836    8.1286 v _3235_/Y (sky130_fd_sc_hd__a21oi_1)
   0.0017    0.2064    0.3496    8.4782 ^ _3241_/Y (sky130_fd_sc_hd__o21ai_0)
             0.2064    0.0000    8.4782 ^ _5978_/D (sky130_fd_sc_hd__dfxtp_1)
                                 8.4782   data arrival time

             0.0000    2.0000    2.0000   clock clk (rise edge)
                       0.0000    2.0000   clock network delay (ideal)
                       0.0000    2.0000   clock reconvergence pessimism
                                 2.0000 ^ _5978_/CLK (sky130_fd_sc_hd__dfxtp_1)
                      -0.0981    1.9019   library setup time
                                 1.9019   data required time
-------------------------------------------------------------------------------
                                 1.9019   data required time
                                -8.4782   data arrival time
-------------------------------------------------------------------------------
                                -6.5763   slack (VIOLATED)


