Warning: Replacing memory \data_q with list of registers. See /foss/designs/cache_study/iotlb/iotlb_t0.sv:38
Warning: Replacing memory \ltag_q with list of registers. See /foss/designs/cache_study/iotlb/iotlb_t0.sv:37
Warning: Replacing memory \subv_q with list of registers. See /foss/designs/cache_study/iotlb/iotlb_t0.sv:37
Warning: Replacing memory \lval_q with list of registers. See /foss/designs/cache_study/iotlb/iotlb_t0.sv:37
Warning: Wire iotlb_t0.$bitselwrite$pos$/foss/designs/cache_study/iotlb/iotlb_t0.sv:41$11 [2] is used but has no driver.
Warning: Wire iotlb_t0.$bitselwrite$pos$/foss/designs/cache_study/iotlb/iotlb_t0.sv:41$11 [1] is used but has no driver.
Warning: Wire iotlb_t0.$bitselwrite$pos$/foss/designs/cache_study/iotlb/iotlb_t0.sv:41$11 [0] is used but has no driver.
Warning: Wire iotlb_t0.$bitselwrite$pos$/foss/designs/cache_study/iotlb/iotlb_t0.sv:41$10 [2] is used but has no driver.
Warning: Wire iotlb_t0.$bitselwrite$pos$/foss/designs/cache_study/iotlb/iotlb_t0.sv:41$10 [1] is used but has no driver.
Warning: Wire iotlb_t0.$bitselwrite$pos$/foss/designs/cache_study/iotlb/iotlb_t0.sv:41$10 [0] is used but has no driver.
Warning: Wire iotlb_t0.$mem2reg_wr$\data_q$/foss/designs/cache_study/iotlb/iotlb_t0.sv:44$9_DATA [43] is used but has no driver.
Warning: Wire iotlb_t0.$mem2reg_wr$\data_q$/foss/designs/cache_study/iotlb/iotlb_t0.sv:44$9_DATA [42] is used but has no driver.
Warning: Wire iotlb_t0.$mem2reg_wr$\data_q$/foss/designs/cache_study/iotlb/iotlb_t0.sv:44$9_DATA [41] is used but has no driver.
Warning: Wire iotlb_t0.$mem2reg_wr$\data_q$/foss/designs/cache_study/iotlb/iotlb_t0.sv:44$9_DATA [40] is used but has no driver.
Warning: Wire iotlb_t0.$mem2reg_wr$\data_q$/foss/designs/cache_study/iotlb/iotlb_t0.sv:44$9_DATA [39] is used but has no driver.
Warning: Wire iotlb_t0.$mem2reg_wr$\data_q$/foss/designs/cache_study/iotlb/iotlb_t0.sv:44$9_DATA [38] is used but has no driver.
Warning: Wire iotlb_t0.$mem2reg_wr$\data_q$/foss/designs/cache_study/iotlb/iotlb_t0.sv:44$9_DATA [37] is used but has no driver.
Warning: Wire iotlb_t0.$mem2reg_wr$\data_q$/foss/designs/cache_study/iotlb/iotlb_t0.sv:44$9_DATA [36] is used but has no driver.
Warning: Wire iotlb_t0.$mem2reg_wr$\data_q$/foss/designs/cache_study/iotlb/iotlb_t0.sv:44$9_DATA [35] is used but has no driver.
Warning: Wire iotlb_t0.$mem2reg_wr$\data_q$/foss/designs/cache_study/iotlb/iotlb_t0.sv:44$9_DATA [34] is used but has no driver.
Warning: Wire iotlb_t0.$mem2reg_wr$\data_q$/foss/designs/cache_study/iotlb/iotlb_t0.sv:44$9_DATA [33] is used but has no driver.
Warning: Wire iotlb_t0.$mem2reg_wr$\data_q$/foss/designs/cache_study/iotlb/iotlb_t0.sv:44$9_DATA [32] is used but has no driver.
Warning: Wire iotlb_t0.$mem2reg_wr$\data_q$/foss/designs/cache_study/iotlb/iotlb_t0.sv:44$9_DATA [31] is used but has no driver.
Warning: Wire iotlb_t0.$mem2reg_wr$\data_q$/foss/designs/cache_study/iotlb/iotlb_t0.sv:44$9_DATA [30] is used but has no driver.
Warning: Wire iotlb_t0.$mem2reg_wr$\data_q$/foss/designs/cache_study/iotlb/iotlb_t0.sv:44$9_DATA [29] is used but has no driver.
Warning: Wire iotlb_t0.$mem2reg_wr$\data_q$/foss/designs/cache_study/iotlb/iotlb_t0.sv:44$9_DATA [28] is used but has no driver.
Warning: Wire iotlb_t0.$mem2reg_wr$\data_q$/foss/designs/cache_study/iotlb/iotlb_t0.sv:44$9_DATA [27] is used but has no driver.
Warning: Wire iotlb_t0.$mem2reg_wr$\data_q$/foss/designs/cache_study/iotlb/iotlb_t0.sv:44$9_DATA [26] is used but has no driver.
Warning: Wire iotlb_t0.$mem2reg_wr$\data_q$/foss/designs/cache_study/iotlb/iotlb_t0.sv:44$9_DATA [25] is used but has no driver.
Warning: Wire iotlb_t0.$mem2reg_wr$\data_q$/foss/designs/cache_study/iotlb/iotlb_t0.sv:44$9_DATA [24] is used but has no driver.
Warning: Wire iotlb_t0.$mem2reg_wr$\data_q$/foss/designs/cache_study/iotlb/iotlb_t0.sv:44$9_DATA [23] is used but has no driver.
Warning: Wire iotlb_t0.$mem2reg_wr$\data_q$/foss/designs/cache_study/iotlb/iotlb_t0.sv:44$9_DATA [22] is used but has no driver.
Warning: Wire iotlb_t0.$mem2reg_wr$\data_q$/foss/designs/cache_study/iotlb/iotlb_t0.sv:44$9_DATA [21] is used but has no driver.
Warning: Wire iotlb_t0.$mem2reg_wr$\data_q$/foss/designs/cache_study/iotlb/iotlb_t0.sv:44$9_DATA [20] is used but has no driver.
Warning: Wire iotlb_t0.$mem2reg_wr$\data_q$/foss/designs/cache_study/iotlb/iotlb_t0.sv:44$9_DATA [19] is used but has no driver.
Warning: Wire iotlb_t0.$mem2reg_wr$\data_q$/foss/designs/cache_study/iotlb/iotlb_t0.sv:44$9_DATA [18] is used but has no driver.
Warning: Wire iotlb_t0.$mem2reg_wr$\data_q$/foss/designs/cache_study/iotlb/iotlb_t0.sv:44$9_DATA [17] is used but has no driver.
Warning: Wire iotlb_t0.$mem2reg_wr$\data_q$/foss/designs/cache_study/iotlb/iotlb_t0.sv:44$9_DATA [16] is used but has no driver.
Warning: Wire iotlb_t0.$mem2reg_wr$\data_q$/foss/designs/cache_study/iotlb/iotlb_t0.sv:44$9_DATA [15] is used but has no driver.
Warning: Wire iotlb_t0.$mem2reg_wr$\data_q$/foss/designs/cache_study/iotlb/iotlb_t0.sv:44$9_DATA [14] is used but has no driver.
Warning: Wire iotlb_t0.$mem2reg_wr$\data_q$/foss/designs/cache_study/iotlb/iotlb_t0.sv:44$9_DATA [13] is used but has no driver.
Warning: Wire iotlb_t0.$mem2reg_wr$\data_q$/foss/designs/cache_study/iotlb/iotlb_t0.sv:44$9_DATA [12] is used but has no driver.
Warning: Wire iotlb_t0.$mem2reg_wr$\data_q$/foss/designs/cache_study/iotlb/iotlb_t0.sv:44$9_DATA [11] is used but has no driver.
Warning: Wire iotlb_t0.$mem2reg_wr$\data_q$/foss/designs/cache_study/iotlb/iotlb_t0.sv:44$9_DATA [10] is used but has no driver.
Warning: Wire iotlb_t0.$mem2reg_wr$\data_q$/foss/designs/cache_study/iotlb/iotlb_t0.sv:44$9_DATA [9] is used but has no driver.
Warning: Wire iotlb_t0.$mem2reg_wr$\data_q$/foss/designs/cache_study/iotlb/iotlb_t0.sv:44$9_DATA [8] is used but has no driver.
Warning: Wire iotlb_t0.$mem2reg_wr$\data_q$/foss/designs/cache_study/iotlb/iotlb_t0.sv:44$9_DATA [7] is used but has no driver.
Warning: Wire iotlb_t0.$mem2reg_wr$\data_q$/foss/designs/cache_study/iotlb/iotlb_t0.sv:44$9_DATA [6] is used but has no driver.
Warning: Wire iotlb_t0.$mem2reg_wr$\data_q$/foss/designs/cache_study/iotlb/iotlb_t0.sv:44$9_DATA [5] is used but has no driver.
Warning: Wire iotlb_t0.$mem2reg_wr$\data_q$/foss/designs/cache_study/iotlb/iotlb_t0.sv:44$9_DATA [4] is used but has no driver.
Warning: Wire iotlb_t0.$mem2reg_wr$\data_q$/foss/designs/cache_study/iotlb/iotlb_t0.sv:44$9_DATA [3] is used but has no driver.
Warning: Wire iotlb_t0.$mem2reg_wr$\data_q$/foss/designs/cache_study/iotlb/iotlb_t0.sv:44$9_DATA [2] is used but has no driver.
Warning: Wire iotlb_t0.$mem2reg_wr$\data_q$/foss/designs/cache_study/iotlb/iotlb_t0.sv:44$9_DATA [1] is used but has no driver.
Warning: Wire iotlb_t0.$mem2reg_wr$\data_q$/foss/designs/cache_study/iotlb/iotlb_t0.sv:44$9_DATA [0] is used but has no driver.
Warning: Wire iotlb_t0.$mem2reg_wr$\data_q$/foss/designs/cache_study/iotlb/iotlb_t0.sv:44$9_ADDR [3] is used but has no driver.
Warning: Wire iotlb_t0.$mem2reg_wr$\data_q$/foss/designs/cache_study/iotlb/iotlb_t0.sv:44$9_ADDR [2] is used but has no driver.
Warning: Wire iotlb_t0.$mem2reg_wr$\data_q$/foss/designs/cache_study/iotlb/iotlb_t0.sv:44$9_ADDR [1] is used but has no driver.
Warning: Wire iotlb_t0.$mem2reg_wr$\data_q$/foss/designs/cache_study/iotlb/iotlb_t0.sv:44$9_ADDR [0] is used but has no driver.
Warning: Wire iotlb_t0.$mem2reg_wr$\subv_q$/foss/designs/cache_study/iotlb/iotlb_t0.sv:44$8_DATA [7] is used but has no driver.
Warning: Wire iotlb_t0.$mem2reg_wr$\subv_q$/foss/designs/cache_study/iotlb/iotlb_t0.sv:44$8_DATA [6] is used but has no driver.
Warning: Wire iotlb_t0.$mem2reg_wr$\subv_q$/foss/designs/cache_study/iotlb/iotlb_t0.sv:44$8_DATA [5] is used but has no driver.
Warning: Wire iotlb_t0.$mem2reg_wr$\subv_q$/foss/designs/cache_study/iotlb/iotlb_t0.sv:44$8_DATA [4] is used but has no driver.
Warning: Wire iotlb_t0.$mem2reg_wr$\subv_q$/foss/designs/cache_study/iotlb/iotlb_t0.sv:44$8_DATA [3] is used but has no driver.
Warning: Wire iotlb_t0.$mem2reg_wr$\subv_q$/foss/designs/cache_study/iotlb/iotlb_t0.sv:44$8_DATA [2] is used but has no driver.
Warning: Wire iotlb_t0.$mem2reg_wr$\subv_q$/foss/designs/cache_study/iotlb/iotlb_t0.sv:44$8_DATA [1] is used but has no driver.
Warning: Wire iotlb_t0.$mem2reg_wr$\subv_q$/foss/designs/cache_study/iotlb/iotlb_t0.sv:44$8_DATA [0] is used but has no driver.
Warning: Wire iotlb_t0.$mem2reg_wr$\subv_q$/foss/designs/cache_study/iotlb/iotlb_t0.sv:44$8_ADDR is used but has no driver.
Warning: Wire iotlb_t0.$mem2reg_wr$\lval_q$/foss/designs/cache_study/iotlb/iotlb_t0.sv:43$7_DATA is used but has no driver.
Warning: Wire iotlb_t0.$mem2reg_wr$\lval_q$/foss/designs/cache_study/iotlb/iotlb_t0.sv:43$7_ADDR is used but has no driver.
Warning: Wire iotlb_t0.$mem2reg_wr$\ltag_q$/foss/designs/cache_study/iotlb/iotlb_t0.sv:43$6_DATA [23] is used but has no driver.
Warning: Wire iotlb_t0.$mem2reg_wr$\ltag_q$/foss/designs/cache_study/iotlb/iotlb_t0.sv:43$6_DATA [22] is used but has no driver.
Warning: Wire iotlb_t0.$mem2reg_wr$\ltag_q$/foss/designs/cache_study/iotlb/iotlb_t0.sv:43$6_DATA [21] is used but has no driver.
Warning: Wire iotlb_t0.$mem2reg_wr$\ltag_q$/foss/designs/cache_study/iotlb/iotlb_t0.sv:43$6_DATA [20] is used but has no driver.
Warning: Wire iotlb_t0.$mem2reg_wr$\ltag_q$/foss/designs/cache_study/iotlb/iotlb_t0.sv:43$6_DATA [19] is used but has no driver.
Warning: Wire iotlb_t0.$mem2reg_wr$\ltag_q$/foss/designs/cache_study/iotlb/iotlb_t0.sv:43$6_DATA [18] is used but has no driver.
Warning: Wire iotlb_t0.$mem2reg_wr$\ltag_q$/foss/designs/cache_study/iotlb/iotlb_t0.sv:43$6_DATA [17] is used but has no driver.
Warning: Wire iotlb_t0.$mem2reg_wr$\ltag_q$/foss/designs/cache_study/iotlb/iotlb_t0.sv:43$6_DATA [16] is used but has no driver.
Warning: Wire iotlb_t0.$mem2reg_wr$\ltag_q$/foss/designs/cache_study/iotlb/iotlb_t0.sv:43$6_DATA [15] is used but has no driver.
Warning: Wire iotlb_t0.$mem2reg_wr$\ltag_q$/foss/designs/cache_study/iotlb/iotlb_t0.sv:43$6_DATA [14] is used but has no driver.
Warning: Wire iotlb_t0.$mem2reg_wr$\ltag_q$/foss/designs/cache_study/iotlb/iotlb_t0.sv:43$6_DATA [13] is used but has no driver.
Warning: Wire iotlb_t0.$mem2reg_wr$\ltag_q$/foss/designs/cache_study/iotlb/iotlb_t0.sv:43$6_DATA [12] is used but has no driver.
Warning: Wire iotlb_t0.$mem2reg_wr$\ltag_q$/foss/designs/cache_study/iotlb/iotlb_t0.sv:43$6_DATA [11] is used but has no driver.
Warning: Wire iotlb_t0.$mem2reg_wr$\ltag_q$/foss/designs/cache_study/iotlb/iotlb_t0.sv:43$6_DATA [10] is used but has no driver.
Warning: Wire iotlb_t0.$mem2reg_wr$\ltag_q$/foss/designs/cache_study/iotlb/iotlb_t0.sv:43$6_DATA [9] is used but has no driver.
Warning: Wire iotlb_t0.$mem2reg_wr$\ltag_q$/foss/designs/cache_study/iotlb/iotlb_t0.sv:43$6_DATA [8] is used but has no driver.
Warning: Wire iotlb_t0.$mem2reg_wr$\ltag_q$/foss/designs/cache_study/iotlb/iotlb_t0.sv:43$6_DATA [7] is used but has no driver.
Warning: Wire iotlb_t0.$mem2reg_wr$\ltag_q$/foss/designs/cache_study/iotlb/iotlb_t0.sv:43$6_DATA [6] is used but has no driver.
Warning: Wire iotlb_t0.$mem2reg_wr$\ltag_q$/foss/designs/cache_study/iotlb/iotlb_t0.sv:43$6_DATA [5] is used but has no driver.
Warning: Wire iotlb_t0.$mem2reg_wr$\ltag_q$/foss/designs/cache_study/iotlb/iotlb_t0.sv:43$6_DATA [4] is used but has no driver.
Warning: Wire iotlb_t0.$mem2reg_wr$\ltag_q$/foss/designs/cache_study/iotlb/iotlb_t0.sv:43$6_DATA [3] is used but has no driver.
Warning: Wire iotlb_t0.$mem2reg_wr$\ltag_q$/foss/designs/cache_study/iotlb/iotlb_t0.sv:43$6_DATA [2] is used but has no driver.
Warning: Wire iotlb_t0.$mem2reg_wr$\ltag_q$/foss/designs/cache_study/iotlb/iotlb_t0.sv:43$6_DATA [1] is used but has no driver.
Warning: Wire iotlb_t0.$mem2reg_wr$\ltag_q$/foss/designs/cache_study/iotlb/iotlb_t0.sv:43$6_DATA [0] is used but has no driver.
Warning: Wire iotlb_t0.$mem2reg_wr$\ltag_q$/foss/designs/cache_study/iotlb/iotlb_t0.sv:43$6_ADDR is used but has no driver.
Warning: Wire iotlb_t0.$mem2reg_wr$\subv_q$/foss/designs/cache_study/iotlb/iotlb_t0.sv:41$5_DATA [7] is used but has no driver.
Warning: Wire iotlb_t0.$mem2reg_wr$\subv_q$/foss/designs/cache_study/iotlb/iotlb_t0.sv:41$5_DATA [6] is used but has no driver.
Warning: Wire iotlb_t0.$mem2reg_wr$\subv_q$/foss/designs/cache_study/iotlb/iotlb_t0.sv:41$5_DATA [5] is used but has no driver.
Warning: Wire iotlb_t0.$mem2reg_wr$\subv_q$/foss/designs/cache_study/iotlb/iotlb_t0.sv:41$5_DATA [4] is used but has no driver.
Warning: Wire iotlb_t0.$mem2reg_wr$\subv_q$/foss/designs/cache_study/iotlb/iotlb_t0.sv:41$5_DATA [3] is used but has no driver.
Warning: Wire iotlb_t0.$mem2reg_wr$\subv_q$/foss/designs/cache_study/iotlb/iotlb_t0.sv:41$5_DATA [2] is used but has no driver.
Warning: Wire iotlb_t0.$mem2reg_wr$\subv_q$/foss/designs/cache_study/iotlb/iotlb_t0.sv:41$5_DATA [1] is used but has no driver.
Warning: Wire iotlb_t0.$mem2reg_wr$\subv_q$/foss/designs/cache_study/iotlb/iotlb_t0.sv:41$5_DATA [0] is used but has no driver.
Warning: Wire iotlb_t0.$mem2reg_wr$\subv_q$/foss/designs/cache_study/iotlb/iotlb_t0.sv:41$5_ADDR is used but has no driver.
Warning: Wire iotlb_t0.$mem2reg_wr$\data_q$/foss/designs/cache_study/iotlb/iotlb_t0.sv:41$4_DATA [43] is used but has no driver.
Warning: Wire iotlb_t0.$mem2reg_wr$\data_q$/foss/designs/cache_study/iotlb/iotlb_t0.sv:41$4_DATA [42] is used but has no driver.
Warning: Wire iotlb_t0.$mem2reg_wr$\data_q$/foss/designs/cache_study/iotlb/iotlb_t0.sv:41$4_DATA [41] is used but has no driver.
Warning: Wire iotlb_t0.$mem2reg_wr$\data_q$/foss/designs/cache_study/iotlb/iotlb_t0.sv:41$4_DATA [40] is used but has no driver.
Warning: Wire iotlb_t0.$mem2reg_wr$\data_q$/foss/designs/cache_study/iotlb/iotlb_t0.sv:41$4_DATA [39] is used but has no driver.
Warning: Wire iotlb_t0.$mem2reg_wr$\data_q$/foss/designs/cache_study/iotlb/iotlb_t0.sv:41$4_DATA [38] is used but has no driver.
Warning: Wire iotlb_t0.$mem2reg_wr$\data_q$/foss/designs/cache_study/iotlb/iotlb_t0.sv:41$4_DATA [37] is used but has no driver.
Warning: Wire iotlb_t0.$mem2reg_wr$\data_q$/foss/designs/cache_study/iotlb/iotlb_t0.sv:41$4_DATA [36] is used but has no driver.
Warning: Wire iotlb_t0.$mem2reg_wr$\data_q$/foss/designs/cache_study/iotlb/iotlb_t0.sv:41$4_DATA [35] is used but has no driver.
Warning: Wire iotlb_t0.$mem2reg_wr$\data_q$/foss/designs/cache_study/iotlb/iotlb_t0.sv:41$4_DATA [34] is used but has no driver.
Warning: Wire iotlb_t0.$mem2reg_wr$\data_q$/foss/designs/cache_study/iotlb/iotlb_t0.sv:41$4_DATA [33] is used but has no driver.
Warning: Wire iotlb_t0.$mem2reg_wr$\data_q$/foss/designs/cache_study/iotlb/iotlb_t0.sv:41$4_DATA [32] is used but has no driver.
Warning: Wire iotlb_t0.$mem2reg_wr$\data_q$/foss/designs/cache_study/iotlb/iotlb_t0.sv:41$4_DATA [31] is used but has no driver.
Warning: Wire iotlb_t0.$mem2reg_wr$\data_q$/foss/designs/cache_study/iotlb/iotlb_t0.sv:41$4_DATA [30] is used but has no driver.
Warning: Wire iotlb_t0.$mem2reg_wr$\data_q$/foss/designs/cache_study/iotlb/iotlb_t0.sv:41$4_DATA [29] is used but has no driver.
Warning: Wire iotlb_t0.$mem2reg_wr$\data_q$/foss/designs/cache_study/iotlb/iotlb_t0.sv:41$4_DATA [28] is used but has no driver.
Warning: Wire iotlb_t0.$mem2reg_wr$\data_q$/foss/designs/cache_study/iotlb/iotlb_t0.sv:41$4_DATA [27] is used but has no driver.
Warning: Wire iotlb_t0.$mem2reg_wr$\data_q$/foss/designs/cache_study/iotlb/iotlb_t0.sv:41$4_DATA [26] is used but has no driver.
Warning: Wire iotlb_t0.$mem2reg_wr$\data_q$/foss/designs/cache_study/iotlb/iotlb_t0.sv:41$4_DATA [25] is used but has no driver.
Warning: Wire iotlb_t0.$mem2reg_wr$\data_q$/foss/designs/cache_study/iotlb/iotlb_t0.sv:41$4_DATA [24] is used but has no driver.
Warning: Wire iotlb_t0.$mem2reg_wr$\data_q$/foss/designs/cache_study/iotlb/iotlb_t0.sv:41$4_DATA [23] is used but has no driver.
Warning: Wire iotlb_t0.$mem2reg_wr$\data_q$/foss/designs/cache_study/iotlb/iotlb_t0.sv:41$4_DATA [22] is used but has no driver.
Warning: Wire iotlb_t0.$mem2reg_wr$\data_q$/foss/designs/cache_study/iotlb/iotlb_t0.sv:41$4_DATA [21] is used but has no driver.
Warning: Wire iotlb_t0.$mem2reg_wr$\data_q$/foss/designs/cache_study/iotlb/iotlb_t0.sv:41$4_DATA [20] is used but has no driver.
Warning: Wire iotlb_t0.$mem2reg_wr$\data_q$/foss/designs/cache_study/iotlb/iotlb_t0.sv:41$4_DATA [19] is used but has no driver.
Warning: Wire iotlb_t0.$mem2reg_wr$\data_q$/foss/designs/cache_study/iotlb/iotlb_t0.sv:41$4_DATA [18] is used but has no driver.
Warning: Wire iotlb_t0.$mem2reg_wr$\data_q$/foss/designs/cache_study/iotlb/iotlb_t0.sv:41$4_DATA [17] is used but has no driver.
Warning: Wire iotlb_t0.$mem2reg_wr$\data_q$/foss/designs/cache_study/iotlb/iotlb_t0.sv:41$4_DATA [16] is used but has no driver.
Warning: Wire iotlb_t0.$mem2reg_wr$\data_q$/foss/designs/cache_study/iotlb/iotlb_t0.sv:41$4_DATA [15] is used but has no driver.
Warning: Wire iotlb_t0.$mem2reg_wr$\data_q$/foss/designs/cache_study/iotlb/iotlb_t0.sv:41$4_DATA [14] is used but has no driver.
Warning: Wire iotlb_t0.$mem2reg_wr$\data_q$/foss/designs/cache_study/iotlb/iotlb_t0.sv:41$4_DATA [13] is used but has no driver.
Warning: Wire iotlb_t0.$mem2reg_wr$\data_q$/foss/designs/cache_study/iotlb/iotlb_t0.sv:41$4_DATA [12] is used but has no driver.
Warning: Wire iotlb_t0.$mem2reg_wr$\data_q$/foss/designs/cache_study/iotlb/iotlb_t0.sv:41$4_DATA [11] is used but has no driver.
Warning: Wire iotlb_t0.$mem2reg_wr$\data_q$/foss/designs/cache_study/iotlb/iotlb_t0.sv:41$4_DATA [10] is used but has no driver.
Warning: Wire iotlb_t0.$mem2reg_wr$\data_q$/foss/designs/cache_study/iotlb/iotlb_t0.sv:41$4_DATA [9] is used but has no driver.
Warning: Wire iotlb_t0.$mem2reg_wr$\data_q$/foss/designs/cache_study/iotlb/iotlb_t0.sv:41$4_DATA [8] is used but has no driver.
Warning: Wire iotlb_t0.$mem2reg_wr$\data_q$/foss/designs/cache_study/iotlb/iotlb_t0.sv:41$4_DATA [7] is used but has no driver.
Warning: Wire iotlb_t0.$mem2reg_wr$\data_q$/foss/designs/cache_study/iotlb/iotlb_t0.sv:41$4_DATA [6] is used but has no driver.
Warning: Wire iotlb_t0.$mem2reg_wr$\data_q$/foss/designs/cache_study/iotlb/iotlb_t0.sv:41$4_DATA [5] is used but has no driver.
Warning: Wire iotlb_t0.$mem2reg_wr$\data_q$/foss/designs/cache_study/iotlb/iotlb_t0.sv:41$4_DATA [4] is used but has no driver.
Warning: Wire iotlb_t0.$mem2reg_wr$\data_q$/foss/designs/cache_study/iotlb/iotlb_t0.sv:41$4_DATA [3] is used but has no driver.
Warning: Wire iotlb_t0.$mem2reg_wr$\data_q$/foss/designs/cache_study/iotlb/iotlb_t0.sv:41$4_DATA [2] is used but has no driver.
Warning: Wire iotlb_t0.$mem2reg_wr$\data_q$/foss/designs/cache_study/iotlb/iotlb_t0.sv:41$4_DATA [1] is used but has no driver.
Warning: Wire iotlb_t0.$mem2reg_wr$\data_q$/foss/designs/cache_study/iotlb/iotlb_t0.sv:41$4_DATA [0] is used but has no driver.
Warning: Wire iotlb_t0.$mem2reg_wr$\data_q$/foss/designs/cache_study/iotlb/iotlb_t0.sv:41$4_ADDR [3] is used but has no driver.
Warning: Wire iotlb_t0.$mem2reg_wr$\data_q$/foss/designs/cache_study/iotlb/iotlb_t0.sv:41$4_ADDR [2] is used but has no driver.
Warning: Wire iotlb_t0.$mem2reg_wr$\data_q$/foss/designs/cache_study/iotlb/iotlb_t0.sv:41$4_ADDR [1] is used but has no driver.
Warning: Wire iotlb_t0.$mem2reg_wr$\data_q$/foss/designs/cache_study/iotlb/iotlb_t0.sv:41$4_ADDR [0] is used but has no driver.
