Warning: Replacing memory \data_q with list of registers. See /foss/designs/cache_study/iotlb/iotlb_t2.sv:37
Warning: Replacing memory \ltag_q with list of registers. See /foss/designs/cache_study/iotlb/iotlb_t2.sv:36
Warning: Replacing memory \subv_q with list of registers. See /foss/designs/cache_study/iotlb/iotlb_t2.sv:36
Warning: Replacing memory \lval_q with list of registers. See /foss/designs/cache_study/iotlb/iotlb_t2.sv:36
Warning: Wire iotlb_t2.$bitselwrite$pos$/foss/designs/cache_study/iotlb/iotlb_t2.sv:40$19 [2] is used but has no driver.
Warning: Wire iotlb_t2.$bitselwrite$pos$/foss/designs/cache_study/iotlb/iotlb_t2.sv:40$19 [1] is used but has no driver.
Warning: Wire iotlb_t2.$bitselwrite$pos$/foss/designs/cache_study/iotlb/iotlb_t2.sv:40$19 [0] is used but has no driver.
Warning: Wire iotlb_t2.$bitselwrite$pos$/foss/designs/cache_study/iotlb/iotlb_t2.sv:40$18 [2] is used but has no driver.
Warning: Wire iotlb_t2.$bitselwrite$pos$/foss/designs/cache_study/iotlb/iotlb_t2.sv:40$18 [1] is used but has no driver.
Warning: Wire iotlb_t2.$bitselwrite$pos$/foss/designs/cache_study/iotlb/iotlb_t2.sv:40$18 [0] is used but has no driver.
Warning: Wire iotlb_t2.$mem2reg_wr$\data_q$/foss/designs/cache_study/iotlb/iotlb_t2.sv:43$17_DATA [43] is used but has no driver.
Warning: Wire iotlb_t2.$mem2reg_wr$\data_q$/foss/designs/cache_study/iotlb/iotlb_t2.sv:43$17_DATA [42] is used but has no driver.
Warning: Wire iotlb_t2.$mem2reg_wr$\data_q$/foss/designs/cache_study/iotlb/iotlb_t2.sv:43$17_DATA [41] is used but has no driver.
Warning: Wire iotlb_t2.$mem2reg_wr$\data_q$/foss/designs/cache_study/iotlb/iotlb_t2.sv:43$17_DATA [40] is used but has no driver.
Warning: Wire iotlb_t2.$mem2reg_wr$\data_q$/foss/designs/cache_study/iotlb/iotlb_t2.sv:43$17_DATA [39] is used but has no driver.
Warning: Wire iotlb_t2.$mem2reg_wr$\data_q$/foss/designs/cache_study/iotlb/iotlb_t2.sv:43$17_DATA [38] is used but has no driver.
Warning: Wire iotlb_t2.$mem2reg_wr$\data_q$/foss/designs/cache_study/iotlb/iotlb_t2.sv:43$17_DATA [37] is used but has no driver.
Warning: Wire iotlb_t2.$mem2reg_wr$\data_q$/foss/designs/cache_study/iotlb/iotlb_t2.sv:43$17_DATA [36] is used but has no driver.
Warning: Wire iotlb_t2.$mem2reg_wr$\data_q$/foss/designs/cache_study/iotlb/iotlb_t2.sv:43$17_DATA [35] is used but has no driver.
Warning: Wire iotlb_t2.$mem2reg_wr$\data_q$/foss/designs/cache_study/iotlb/iotlb_t2.sv:43$17_DATA [34] is used but has no driver.
Warning: Wire iotlb_t2.$mem2reg_wr$\data_q$/foss/designs/cache_study/iotlb/iotlb_t2.sv:43$17_DATA [33] is used but has no driver.
Warning: Wire iotlb_t2.$mem2reg_wr$\data_q$/foss/designs/cache_study/iotlb/iotlb_t2.sv:43$17_DATA [32] is used but has no driver.
Warning: Wire iotlb_t2.$mem2reg_wr$\data_q$/foss/designs/cache_study/iotlb/iotlb_t2.sv:43$17_DATA [31] is used but has no driver.
Warning: Wire iotlb_t2.$mem2reg_wr$\data_q$/foss/designs/cache_study/iotlb/iotlb_t2.sv:43$17_DATA [30] is used but has no driver.
Warning: Wire iotlb_t2.$mem2reg_wr$\data_q$/foss/designs/cache_study/iotlb/iotlb_t2.sv:43$17_DATA [29] is used but has no driver.
Warning: Wire iotlb_t2.$mem2reg_wr$\data_q$/foss/designs/cache_study/iotlb/iotlb_t2.sv:43$17_DATA [28] is used but has no driver.
Warning: Wire iotlb_t2.$mem2reg_wr$\data_q$/foss/designs/cache_study/iotlb/iotlb_t2.sv:43$17_DATA [27] is used but has no driver.
Warning: Wire iotlb_t2.$mem2reg_wr$\data_q$/foss/designs/cache_study/iotlb/iotlb_t2.sv:43$17_DATA [26] is used but has no driver.
Warning: Wire iotlb_t2.$mem2reg_wr$\data_q$/foss/designs/cache_study/iotlb/iotlb_t2.sv:43$17_DATA [25] is used but has no driver.
Warning: Wire iotlb_t2.$mem2reg_wr$\data_q$/foss/designs/cache_study/iotlb/iotlb_t2.sv:43$17_DATA [24] is used but has no driver.
Warning: Wire iotlb_t2.$mem2reg_wr$\data_q$/foss/designs/cache_study/iotlb/iotlb_t2.sv:43$17_DATA [23] is used but has no driver.
Warning: Wire iotlb_t2.$mem2reg_wr$\data_q$/foss/designs/cache_study/iotlb/iotlb_t2.sv:43$17_DATA [22] is used but has no driver.
Warning: Wire iotlb_t2.$mem2reg_wr$\data_q$/foss/designs/cache_study/iotlb/iotlb_t2.sv:43$17_DATA [21] is used but has no driver.
Warning: Wire iotlb_t2.$mem2reg_wr$\data_q$/foss/designs/cache_study/iotlb/iotlb_t2.sv:43$17_DATA [20] is used but has no driver.
Warning: Wire iotlb_t2.$mem2reg_wr$\data_q$/foss/designs/cache_study/iotlb/iotlb_t2.sv:43$17_DATA [19] is used but has no driver.
Warning: Wire iotlb_t2.$mem2reg_wr$\data_q$/foss/designs/cache_study/iotlb/iotlb_t2.sv:43$17_DATA [18] is used but has no driver.
Warning: Wire iotlb_t2.$mem2reg_wr$\data_q$/foss/designs/cache_study/iotlb/iotlb_t2.sv:43$17_DATA [17] is used but has no driver.
Warning: Wire iotlb_t2.$mem2reg_wr$\data_q$/foss/designs/cache_study/iotlb/iotlb_t2.sv:43$17_DATA [16] is used but has no driver.
Warning: Wire iotlb_t2.$mem2reg_wr$\data_q$/foss/designs/cache_study/iotlb/iotlb_t2.sv:43$17_DATA [15] is used but has no driver.
Warning: Wire iotlb_t2.$mem2reg_wr$\data_q$/foss/designs/cache_study/iotlb/iotlb_t2.sv:43$17_DATA [14] is used but has no driver.
Warning: Wire iotlb_t2.$mem2reg_wr$\data_q$/foss/designs/cache_study/iotlb/iotlb_t2.sv:43$17_DATA [13] is used but has no driver.
Warning: Wire iotlb_t2.$mem2reg_wr$\data_q$/foss/designs/cache_study/iotlb/iotlb_t2.sv:43$17_DATA [12] is used but has no driver.
Warning: Wire iotlb_t2.$mem2reg_wr$\data_q$/foss/designs/cache_study/iotlb/iotlb_t2.sv:43$17_DATA [11] is used but has no driver.
Warning: Wire iotlb_t2.$mem2reg_wr$\data_q$/foss/designs/cache_study/iotlb/iotlb_t2.sv:43$17_DATA [10] is used but has no driver.
Warning: Wire iotlb_t2.$mem2reg_wr$\data_q$/foss/designs/cache_study/iotlb/iotlb_t2.sv:43$17_DATA [9] is used but has no driver.
Warning: Wire iotlb_t2.$mem2reg_wr$\data_q$/foss/designs/cache_study/iotlb/iotlb_t2.sv:43$17_DATA [8] is used but has no driver.
Warning: Wire iotlb_t2.$mem2reg_wr$\data_q$/foss/designs/cache_study/iotlb/iotlb_t2.sv:43$17_DATA [7] is used but has no driver.
Warning: Wire iotlb_t2.$mem2reg_wr$\data_q$/foss/designs/cache_study/iotlb/iotlb_t2.sv:43$17_DATA [6] is used but has no driver.
Warning: Wire iotlb_t2.$mem2reg_wr$\data_q$/foss/designs/cache_study/iotlb/iotlb_t2.sv:43$17_DATA [5] is used but has no driver.
Warning: Wire iotlb_t2.$mem2reg_wr$\data_q$/foss/designs/cache_study/iotlb/iotlb_t2.sv:43$17_DATA [4] is used but has no driver.
Warning: Wire iotlb_t2.$mem2reg_wr$\data_q$/foss/designs/cache_study/iotlb/iotlb_t2.sv:43$17_DATA [3] is used but has no driver.
Warning: Wire iotlb_t2.$mem2reg_wr$\data_q$/foss/designs/cache_study/iotlb/iotlb_t2.sv:43$17_DATA [2] is used but has no driver.
Warning: Wire iotlb_t2.$mem2reg_wr$\data_q$/foss/designs/cache_study/iotlb/iotlb_t2.sv:43$17_DATA [1] is used but has no driver.
Warning: Wire iotlb_t2.$mem2reg_wr$\data_q$/foss/designs/cache_study/iotlb/iotlb_t2.sv:43$17_DATA [0] is used but has no driver.
Warning: Wire iotlb_t2.$mem2reg_wr$\data_q$/foss/designs/cache_study/iotlb/iotlb_t2.sv:43$17_ADDR [3] is used but has no driver.
Warning: Wire iotlb_t2.$mem2reg_wr$\data_q$/foss/designs/cache_study/iotlb/iotlb_t2.sv:43$17_ADDR [2] is used but has no driver.
Warning: Wire iotlb_t2.$mem2reg_wr$\data_q$/foss/designs/cache_study/iotlb/iotlb_t2.sv:43$17_ADDR [1] is used but has no driver.
Warning: Wire iotlb_t2.$mem2reg_wr$\data_q$/foss/designs/cache_study/iotlb/iotlb_t2.sv:43$17_ADDR [0] is used but has no driver.
Warning: Wire iotlb_t2.$mem2reg_wr$\subv_q$/foss/designs/cache_study/iotlb/iotlb_t2.sv:42$16_DATA [7] is used but has no driver.
Warning: Wire iotlb_t2.$mem2reg_wr$\subv_q$/foss/designs/cache_study/iotlb/iotlb_t2.sv:42$16_DATA [6] is used but has no driver.
Warning: Wire iotlb_t2.$mem2reg_wr$\subv_q$/foss/designs/cache_study/iotlb/iotlb_t2.sv:42$16_DATA [5] is used but has no driver.
Warning: Wire iotlb_t2.$mem2reg_wr$\subv_q$/foss/designs/cache_study/iotlb/iotlb_t2.sv:42$16_DATA [4] is used but has no driver.
Warning: Wire iotlb_t2.$mem2reg_wr$\subv_q$/foss/designs/cache_study/iotlb/iotlb_t2.sv:42$16_DATA [3] is used but has no driver.
Warning: Wire iotlb_t2.$mem2reg_wr$\subv_q$/foss/designs/cache_study/iotlb/iotlb_t2.sv:42$16_DATA [2] is used but has no driver.
Warning: Wire iotlb_t2.$mem2reg_wr$\subv_q$/foss/designs/cache_study/iotlb/iotlb_t2.sv:42$16_DATA [1] is used but has no driver.
Warning: Wire iotlb_t2.$mem2reg_wr$\subv_q$/foss/designs/cache_study/iotlb/iotlb_t2.sv:42$16_DATA [0] is used but has no driver.
Warning: Wire iotlb_t2.$mem2reg_wr$\subv_q$/foss/designs/cache_study/iotlb/iotlb_t2.sv:42$16_ADDR is used but has no driver.
Warning: Wire iotlb_t2.$mem2reg_wr$\lval_q$/foss/designs/cache_study/iotlb/iotlb_t2.sv:42$15_DATA is used but has no driver.
Warning: Wire iotlb_t2.$mem2reg_wr$\lval_q$/foss/designs/cache_study/iotlb/iotlb_t2.sv:42$15_ADDR is used but has no driver.
Warning: Wire iotlb_t2.$mem2reg_wr$\ltag_q$/foss/designs/cache_study/iotlb/iotlb_t2.sv:42$14_DATA [23] is used but has no driver.
Warning: Wire iotlb_t2.$mem2reg_wr$\ltag_q$/foss/designs/cache_study/iotlb/iotlb_t2.sv:42$14_DATA [22] is used but has no driver.
Warning: Wire iotlb_t2.$mem2reg_wr$\ltag_q$/foss/designs/cache_study/iotlb/iotlb_t2.sv:42$14_DATA [21] is used but has no driver.
Warning: Wire iotlb_t2.$mem2reg_wr$\ltag_q$/foss/designs/cache_study/iotlb/iotlb_t2.sv:42$14_DATA [20] is used but has no driver.
Warning: Wire iotlb_t2.$mem2reg_wr$\ltag_q$/foss/designs/cache_study/iotlb/iotlb_t2.sv:42$14_DATA [19] is used but has no driver.
Warning: Wire iotlb_t2.$mem2reg_wr$\ltag_q$/foss/designs/cache_study/iotlb/iotlb_t2.sv:42$14_DATA [18] is used but has no driver.
Warning: Wire iotlb_t2.$mem2reg_wr$\ltag_q$/foss/designs/cache_study/iotlb/iotlb_t2.sv:42$14_DATA [17] is used but has no driver.
Warning: Wire iotlb_t2.$mem2reg_wr$\ltag_q$/foss/designs/cache_study/iotlb/iotlb_t2.sv:42$14_DATA [16] is used but has no driver.
Warning: Wire iotlb_t2.$mem2reg_wr$\ltag_q$/foss/designs/cache_study/iotlb/iotlb_t2.sv:42$14_DATA [15] is used but has no driver.
Warning: Wire iotlb_t2.$mem2reg_wr$\ltag_q$/foss/designs/cache_study/iotlb/iotlb_t2.sv:42$14_DATA [14] is used but has no driver.
Warning: Wire iotlb_t2.$mem2reg_wr$\ltag_q$/foss/designs/cache_study/iotlb/iotlb_t2.sv:42$14_DATA [13] is used but has no driver.
Warning: Wire iotlb_t2.$mem2reg_wr$\ltag_q$/foss/designs/cache_study/iotlb/iotlb_t2.sv:42$14_DATA [12] is used but has no driver.
Warning: Wire iotlb_t2.$mem2reg_wr$\ltag_q$/foss/designs/cache_study/iotlb/iotlb_t2.sv:42$14_DATA [11] is used but has no driver.
Warning: Wire iotlb_t2.$mem2reg_wr$\ltag_q$/foss/designs/cache_study/iotlb/iotlb_t2.sv:42$14_DATA [10] is used but has no driver.
Warning: Wire iotlb_t2.$mem2reg_wr$\ltag_q$/foss/designs/cache_study/iotlb/iotlb_t2.sv:42$14_DATA [9] is used but has no driver.
Warning: Wire iotlb_t2.$mem2reg_wr$\ltag_q$/foss/designs/cache_study/iotlb/iotlb_t2.sv:42$14_DATA [8] is used but has no driver.
Warning: Wire iotlb_t2.$mem2reg_wr$\ltag_q$/foss/designs/cache_study/iotlb/iotlb_t2.sv:42$14_DATA [7] is used but has no driver.
Warning: Wire iotlb_t2.$mem2reg_wr$\ltag_q$/foss/designs/cache_study/iotlb/iotlb_t2.sv:42$14_DATA [6] is used but has no driver.
Warning: Wire iotlb_t2.$mem2reg_wr$\ltag_q$/foss/designs/cache_study/iotlb/iotlb_t2.sv:42$14_DATA [5] is used but has no driver.
Warning: Wire iotlb_t2.$mem2reg_wr$\ltag_q$/foss/designs/cache_study/iotlb/iotlb_t2.sv:42$14_DATA [4] is used but has no driver.
Warning: Wire iotlb_t2.$mem2reg_wr$\ltag_q$/foss/designs/cache_study/iotlb/iotlb_t2.sv:42$14_DATA [3] is used but has no driver.
Warning: Wire iotlb_t2.$mem2reg_wr$\ltag_q$/foss/designs/cache_study/iotlb/iotlb_t2.sv:42$14_DATA [2] is used but has no driver.
Warning: Wire iotlb_t2.$mem2reg_wr$\ltag_q$/foss/designs/cache_study/iotlb/iotlb_t2.sv:42$14_DATA [1] is used but has no driver.
Warning: Wire iotlb_t2.$mem2reg_wr$\ltag_q$/foss/designs/cache_study/iotlb/iotlb_t2.sv:42$14_DATA [0] is used but has no driver.
Warning: Wire iotlb_t2.$mem2reg_wr$\ltag_q$/foss/designs/cache_study/iotlb/iotlb_t2.sv:42$14_ADDR is used but has no driver.
Warning: Wire iotlb_t2.$mem2reg_wr$\subv_q$/foss/designs/cache_study/iotlb/iotlb_t2.sv:40$13_DATA [7] is used but has no driver.
Warning: Wire iotlb_t2.$mem2reg_wr$\subv_q$/foss/designs/cache_study/iotlb/iotlb_t2.sv:40$13_DATA [6] is used but has no driver.
Warning: Wire iotlb_t2.$mem2reg_wr$\subv_q$/foss/designs/cache_study/iotlb/iotlb_t2.sv:40$13_DATA [5] is used but has no driver.
Warning: Wire iotlb_t2.$mem2reg_wr$\subv_q$/foss/designs/cache_study/iotlb/iotlb_t2.sv:40$13_DATA [4] is used but has no driver.
Warning: Wire iotlb_t2.$mem2reg_wr$\subv_q$/foss/designs/cache_study/iotlb/iotlb_t2.sv:40$13_DATA [3] is used but has no driver.
Warning: Wire iotlb_t2.$mem2reg_wr$\subv_q$/foss/designs/cache_study/iotlb/iotlb_t2.sv:40$13_DATA [2] is used but has no driver.
Warning: Wire iotlb_t2.$mem2reg_wr$\subv_q$/foss/designs/cache_study/iotlb/iotlb_t2.sv:40$13_DATA [1] is used but has no driver.
Warning: Wire iotlb_t2.$mem2reg_wr$\subv_q$/foss/designs/cache_study/iotlb/iotlb_t2.sv:40$13_DATA [0] is used but has no driver.
Warning: Wire iotlb_t2.$mem2reg_wr$\subv_q$/foss/designs/cache_study/iotlb/iotlb_t2.sv:40$13_ADDR is used but has no driver.
Warning: Wire iotlb_t2.$mem2reg_wr$\data_q$/foss/designs/cache_study/iotlb/iotlb_t2.sv:40$12_DATA [43] is used but has no driver.
Warning: Wire iotlb_t2.$mem2reg_wr$\data_q$/foss/designs/cache_study/iotlb/iotlb_t2.sv:40$12_DATA [42] is used but has no driver.
Warning: Wire iotlb_t2.$mem2reg_wr$\data_q$/foss/designs/cache_study/iotlb/iotlb_t2.sv:40$12_DATA [41] is used but has no driver.
Warning: Wire iotlb_t2.$mem2reg_wr$\data_q$/foss/designs/cache_study/iotlb/iotlb_t2.sv:40$12_DATA [40] is used but has no driver.
Warning: Wire iotlb_t2.$mem2reg_wr$\data_q$/foss/designs/cache_study/iotlb/iotlb_t2.sv:40$12_DATA [39] is used but has no driver.
Warning: Wire iotlb_t2.$mem2reg_wr$\data_q$/foss/designs/cache_study/iotlb/iotlb_t2.sv:40$12_DATA [38] is used but has no driver.
Warning: Wire iotlb_t2.$mem2reg_wr$\data_q$/foss/designs/cache_study/iotlb/iotlb_t2.sv:40$12_DATA [37] is used but has no driver.
Warning: Wire iotlb_t2.$mem2reg_wr$\data_q$/foss/designs/cache_study/iotlb/iotlb_t2.sv:40$12_DATA [36] is used but has no driver.
Warning: Wire iotlb_t2.$mem2reg_wr$\data_q$/foss/designs/cache_study/iotlb/iotlb_t2.sv:40$12_DATA [35] is used but has no driver.
Warning: Wire iotlb_t2.$mem2reg_wr$\data_q$/foss/designs/cache_study/iotlb/iotlb_t2.sv:40$12_DATA [34] is used but has no driver.
Warning: Wire iotlb_t2.$mem2reg_wr$\data_q$/foss/designs/cache_study/iotlb/iotlb_t2.sv:40$12_DATA [33] is used but has no driver.
Warning: Wire iotlb_t2.$mem2reg_wr$\data_q$/foss/designs/cache_study/iotlb/iotlb_t2.sv:40$12_DATA [32] is used but has no driver.
Warning: Wire iotlb_t2.$mem2reg_wr$\data_q$/foss/designs/cache_study/iotlb/iotlb_t2.sv:40$12_DATA [31] is used but has no driver.
Warning: Wire iotlb_t2.$mem2reg_wr$\data_q$/foss/designs/cache_study/iotlb/iotlb_t2.sv:40$12_DATA [30] is used but has no driver.
Warning: Wire iotlb_t2.$mem2reg_wr$\data_q$/foss/designs/cache_study/iotlb/iotlb_t2.sv:40$12_DATA [29] is used but has no driver.
Warning: Wire iotlb_t2.$mem2reg_wr$\data_q$/foss/designs/cache_study/iotlb/iotlb_t2.sv:40$12_DATA [28] is used but has no driver.
Warning: Wire iotlb_t2.$mem2reg_wr$\data_q$/foss/designs/cache_study/iotlb/iotlb_t2.sv:40$12_DATA [27] is used but has no driver.
Warning: Wire iotlb_t2.$mem2reg_wr$\data_q$/foss/designs/cache_study/iotlb/iotlb_t2.sv:40$12_DATA [26] is used but has no driver.
Warning: Wire iotlb_t2.$mem2reg_wr$\data_q$/foss/designs/cache_study/iotlb/iotlb_t2.sv:40$12_DATA [25] is used but has no driver.
Warning: Wire iotlb_t2.$mem2reg_wr$\data_q$/foss/designs/cache_study/iotlb/iotlb_t2.sv:40$12_DATA [24] is used but has no driver.
Warning: Wire iotlb_t2.$mem2reg_wr$\data_q$/foss/designs/cache_study/iotlb/iotlb_t2.sv:40$12_DATA [23] is used but has no driver.
Warning: Wire iotlb_t2.$mem2reg_wr$\data_q$/foss/designs/cache_study/iotlb/iotlb_t2.sv:40$12_DATA [22] is used but has no driver.
Warning: Wire iotlb_t2.$mem2reg_wr$\data_q$/foss/designs/cache_study/iotlb/iotlb_t2.sv:40$12_DATA [21] is used but has no driver.
Warning: Wire iotlb_t2.$mem2reg_wr$\data_q$/foss/designs/cache_study/iotlb/iotlb_t2.sv:40$12_DATA [20] is used but has no driver.
Warning: Wire iotlb_t2.$mem2reg_wr$\data_q$/foss/designs/cache_study/iotlb/iotlb_t2.sv:40$12_DATA [19] is used but has no driver.
Warning: Wire iotlb_t2.$mem2reg_wr$\data_q$/foss/designs/cache_study/iotlb/iotlb_t2.sv:40$12_DATA [18] is used but has no driver.
Warning: Wire iotlb_t2.$mem2reg_wr$\data_q$/foss/designs/cache_study/iotlb/iotlb_t2.sv:40$12_DATA [17] is used but has no driver.
Warning: Wire iotlb_t2.$mem2reg_wr$\data_q$/foss/designs/cache_study/iotlb/iotlb_t2.sv:40$12_DATA [16] is used but has no driver.
Warning: Wire iotlb_t2.$mem2reg_wr$\data_q$/foss/designs/cache_study/iotlb/iotlb_t2.sv:40$12_DATA [15] is used but has no driver.
Warning: Wire iotlb_t2.$mem2reg_wr$\data_q$/foss/designs/cache_study/iotlb/iotlb_t2.sv:40$12_DATA [14] is used but has no driver.
Warning: Wire iotlb_t2.$mem2reg_wr$\data_q$/foss/designs/cache_study/iotlb/iotlb_t2.sv:40$12_DATA [13] is used but has no driver.
Warning: Wire iotlb_t2.$mem2reg_wr$\data_q$/foss/designs/cache_study/iotlb/iotlb_t2.sv:40$12_DATA [12] is used but has no driver.
Warning: Wire iotlb_t2.$mem2reg_wr$\data_q$/foss/designs/cache_study/iotlb/iotlb_t2.sv:40$12_DATA [11] is used but has no driver.
Warning: Wire iotlb_t2.$mem2reg_wr$\data_q$/foss/designs/cache_study/iotlb/iotlb_t2.sv:40$12_DATA [10] is used but has no driver.
Warning: Wire iotlb_t2.$mem2reg_wr$\data_q$/foss/designs/cache_study/iotlb/iotlb_t2.sv:40$12_DATA [9] is used but has no driver.
Warning: Wire iotlb_t2.$mem2reg_wr$\data_q$/foss/designs/cache_study/iotlb/iotlb_t2.sv:40$12_DATA [8] is used but has no driver.
Warning: Wire iotlb_t2.$mem2reg_wr$\data_q$/foss/designs/cache_study/iotlb/iotlb_t2.sv:40$12_DATA [7] is used but has no driver.
Warning: Wire iotlb_t2.$mem2reg_wr$\data_q$/foss/designs/cache_study/iotlb/iotlb_t2.sv:40$12_DATA [6] is used but has no driver.
Warning: Wire iotlb_t2.$mem2reg_wr$\data_q$/foss/designs/cache_study/iotlb/iotlb_t2.sv:40$12_DATA [5] is used but has no driver.
Warning: Wire iotlb_t2.$mem2reg_wr$\data_q$/foss/designs/cache_study/iotlb/iotlb_t2.sv:40$12_DATA [4] is used but has no driver.
Warning: Wire iotlb_t2.$mem2reg_wr$\data_q$/foss/designs/cache_study/iotlb/iotlb_t2.sv:40$12_DATA [3] is used but has no driver.
Warning: Wire iotlb_t2.$mem2reg_wr$\data_q$/foss/designs/cache_study/iotlb/iotlb_t2.sv:40$12_DATA [2] is used but has no driver.
Warning: Wire iotlb_t2.$mem2reg_wr$\data_q$/foss/designs/cache_study/iotlb/iotlb_t2.sv:40$12_DATA [1] is used but has no driver.
Warning: Wire iotlb_t2.$mem2reg_wr$\data_q$/foss/designs/cache_study/iotlb/iotlb_t2.sv:40$12_DATA [0] is used but has no driver.
Warning: Wire iotlb_t2.$mem2reg_wr$\data_q$/foss/designs/cache_study/iotlb/iotlb_t2.sv:40$12_ADDR [3] is used but has no driver.
Warning: Wire iotlb_t2.$mem2reg_wr$\data_q$/foss/designs/cache_study/iotlb/iotlb_t2.sv:40$12_ADDR [2] is used but has no driver.
Warning: Wire iotlb_t2.$mem2reg_wr$\data_q$/foss/designs/cache_study/iotlb/iotlb_t2.sv:40$12_ADDR [1] is used but has no driver.
Warning: Wire iotlb_t2.$mem2reg_wr$\data_q$/foss/designs/cache_study/iotlb/iotlb_t2.sv:40$12_ADDR [0] is used but has no driver.
