OpenSTA 3.1.0 76c4d6df35 Copyright (c) 2026, Parallax Software, Inc.
License GPLv3: GNU GPL version 3 <http://gnu.org/licenses/gpl.html>

This is free software, and you are free to change and redistribute it
under certain conditions; type `show_copying' for details. 
This program comes with ABSOLUTELY NO WARRANTY; for details type `show_warranty'.
=== WNS ===
worst slack max -5.23
=== PATH ===
Warning 503: iotlb_t8k.sta line 1, report_checks -group_count is deprecated. Use -group_path_count instead.
Startpoint: _5927_ (rising edge-triggered flip-flop clocked by clk)
Endpoint: _5939_ (rising edge-triggered flip-flop clocked by clk)
Path Group: clk
Path Type: max

      Cap      Slew     Delay      Time   Description
-------------------------------------------------------------------------------
             0.0000    0.0000    0.0000   clock clk (rise edge)
                       0.0000    0.0000   clock network delay (ideal)
             0.0000    0.0000    0.0000 ^ _5927_/CLK (sky130_fd_sc_hd__dfxtp_1)
   0.0330    0.3141    0.4786    0.4786 ^ _5927_/Q (sky130_fd_sc_hd__dfxtp_1)
   0.0417    0.3386    0.3781    0.8568 v _3950_/Y (sky130_fd_sc_hd__clkinv_1)
   0.0022    0.0396    0.3007    1.1575 v _4178_/X (sky130_fd_sc_hd__a22o_1)
   0.0025    0.2084    0.2362    1.3937 ^ _4181_/Y (sky130_fd_sc_hd__nor4_1)
   0.0014    0.0733    0.0981    1.4918 v _4186_/Y (sky130_fd_sc_hd__nand4_1)
   0.1468    0.7069    1.1452    2.6370 v _4206_/X (sky130_fd_sc_hd__or4_1)
   0.0018    0.0551    0.5309    3.1680 v _4249_/X (sky130_fd_sc_hd__mux2_1)
   0.0018    0.0551    0.2810    3.4489 v _4326_/X (sky130_fd_sc_hd__mux2_1)
   0.0018    0.0547    0.2810    3.7299 v _4403_/X (sky130_fd_sc_hd__mux2_1)
   0.0018    0.0547    0.2808    4.0107 v _4480_/X (sky130_fd_sc_hd__mux2_1)
   0.0018    0.0686    0.2808    4.2916 v _4558_/X (sky130_fd_sc_hd__mux2_1)
   0.0018    0.0550    0.2858    4.5774 v _4638_/X (sky130_fd_sc_hd__mux2_1)
   0.0018    0.0550    0.2810    4.8583 v _4715_/X (sky130_fd_sc_hd__mux2_1)
   0.0018    0.0551    0.2810    5.1393 v _2062_/X (sky130_fd_sc_hd__mux2_1)
   0.0018    0.0551    0.2810    5.4203 v _2140_/X (sky130_fd_sc_hd__mux2_1)
   0.0018    0.0551    0.2810    5.7012 v _2215_/X (sky130_fd_sc_hd__mux2_1)
   0.0018    0.0551    0.2810    5.9822 v _2293_/X (sky130_fd_sc_hd__mux2_1)
   0.0018    0.0551    0.2810    6.2632 v _2369_/X (sky130_fd_sc_hd__mux2_1)
   0.0018    0.0551    0.2810    6.5441 v _2448_/X (sky130_fd_sc_hd__mux2_1)
   0.0018    0.0551    0.2810    6.8251 v _2525_/X (sky130_fd_sc_hd__mux2_1)
   0.0017    0.0543    0.2798    7.1049 v _2603_/X (sky130_fd_sc_hd__mux2_1)
             0.0543    0.0000    7.1049 v _5939_/D (sky130_fd_sc_hd__dfxtp_1)
                                 7.1049   data arrival time

             0.0000    2.0000    2.0000   clock clk (rise edge)
                       0.0000    2.0000   clock network delay (ideal)
                       0.0000    2.0000   clock reconvergence pessimism
                                 2.0000 ^ _5939_/CLK (sky130_fd_sc_hd__dfxtp_1)
                      -0.1251    1.8749   library setup time
                                 1.8749   data required time
-------------------------------------------------------------------------------
                                 1.8749   data required time
                                -7.1049   data arrival time
-------------------------------------------------------------------------------
                                -5.2300   slack (VIOLATED)


