Warning: Replacing memory \spa_q with list of registers. See /foss/designs/cache_study/iotlb/iotlb_t8.sv:41
Warning: Replacing memory \tag_q with list of registers. See /foss/designs/cache_study/iotlb/iotlb_t8.sv:41
Warning: Replacing memory \v_q with list of registers. See /foss/designs/cache_study/iotlb/iotlb_t8.sv:41
Warning: Wire iotlb_t8.$mem2reg_wr$\spa_q$/foss/designs/cache_study/iotlb/iotlb_t8.sv:44$6_ADDR [3] is used but has no driver.
Warning: Wire iotlb_t8.$mem2reg_wr$\spa_q$/foss/designs/cache_study/iotlb/iotlb_t8.sv:44$6_ADDR [2] is used but has no driver.
Warning: Wire iotlb_t8.$mem2reg_wr$\spa_q$/foss/designs/cache_study/iotlb/iotlb_t8.sv:44$6_ADDR [1] is used but has no driver.
Warning: Wire iotlb_t8.$mem2reg_wr$\spa_q$/foss/designs/cache_study/iotlb/iotlb_t8.sv:44$6_ADDR [0] is used but has no driver.
Warning: Wire iotlb_t8.$mem2reg_wr$\spa_q$/foss/designs/cache_study/iotlb/iotlb_t8.sv:44$6_DATA [43] is used but has no driver.
Warning: Wire iotlb_t8.$mem2reg_wr$\spa_q$/foss/designs/cache_study/iotlb/iotlb_t8.sv:44$6_DATA [42] is used but has no driver.
Warning: Wire iotlb_t8.$mem2reg_wr$\spa_q$/foss/designs/cache_study/iotlb/iotlb_t8.sv:44$6_DATA [41] is used but has no driver.
Warning: Wire iotlb_t8.$mem2reg_wr$\spa_q$/foss/designs/cache_study/iotlb/iotlb_t8.sv:44$6_DATA [40] is used but has no driver.
Warning: Wire iotlb_t8.$mem2reg_wr$\spa_q$/foss/designs/cache_study/iotlb/iotlb_t8.sv:44$6_DATA [39] is used but has no driver.
Warning: Wire iotlb_t8.$mem2reg_wr$\spa_q$/foss/designs/cache_study/iotlb/iotlb_t8.sv:44$6_DATA [38] is used but has no driver.
Warning: Wire iotlb_t8.$mem2reg_wr$\spa_q$/foss/designs/cache_study/iotlb/iotlb_t8.sv:44$6_DATA [37] is used but has no driver.
Warning: Wire iotlb_t8.$mem2reg_wr$\spa_q$/foss/designs/cache_study/iotlb/iotlb_t8.sv:44$6_DATA [36] is used but has no driver.
Warning: Wire iotlb_t8.$mem2reg_wr$\spa_q$/foss/designs/cache_study/iotlb/iotlb_t8.sv:44$6_DATA [35] is used but has no driver.
Warning: Wire iotlb_t8.$mem2reg_wr$\spa_q$/foss/designs/cache_study/iotlb/iotlb_t8.sv:44$6_DATA [34] is used but has no driver.
Warning: Wire iotlb_t8.$mem2reg_wr$\spa_q$/foss/designs/cache_study/iotlb/iotlb_t8.sv:44$6_DATA [33] is used but has no driver.
Warning: Wire iotlb_t8.$mem2reg_wr$\spa_q$/foss/designs/cache_study/iotlb/iotlb_t8.sv:44$6_DATA [32] is used but has no driver.
Warning: Wire iotlb_t8.$mem2reg_wr$\spa_q$/foss/designs/cache_study/iotlb/iotlb_t8.sv:44$6_DATA [31] is used but has no driver.
Warning: Wire iotlb_t8.$mem2reg_wr$\spa_q$/foss/designs/cache_study/iotlb/iotlb_t8.sv:44$6_DATA [30] is used but has no driver.
Warning: Wire iotlb_t8.$mem2reg_wr$\spa_q$/foss/designs/cache_study/iotlb/iotlb_t8.sv:44$6_DATA [29] is used but has no driver.
Warning: Wire iotlb_t8.$mem2reg_wr$\spa_q$/foss/designs/cache_study/iotlb/iotlb_t8.sv:44$6_DATA [28] is used but has no driver.
Warning: Wire iotlb_t8.$mem2reg_wr$\spa_q$/foss/designs/cache_study/iotlb/iotlb_t8.sv:44$6_DATA [27] is used but has no driver.
Warning: Wire iotlb_t8.$mem2reg_wr$\spa_q$/foss/designs/cache_study/iotlb/iotlb_t8.sv:44$6_DATA [26] is used but has no driver.
Warning: Wire iotlb_t8.$mem2reg_wr$\spa_q$/foss/designs/cache_study/iotlb/iotlb_t8.sv:44$6_DATA [25] is used but has no driver.
Warning: Wire iotlb_t8.$mem2reg_wr$\spa_q$/foss/designs/cache_study/iotlb/iotlb_t8.sv:44$6_DATA [24] is used but has no driver.
Warning: Wire iotlb_t8.$mem2reg_wr$\spa_q$/foss/designs/cache_study/iotlb/iotlb_t8.sv:44$6_DATA [23] is used but has no driver.
Warning: Wire iotlb_t8.$mem2reg_wr$\spa_q$/foss/designs/cache_study/iotlb/iotlb_t8.sv:44$6_DATA [22] is used but has no driver.
Warning: Wire iotlb_t8.$mem2reg_wr$\spa_q$/foss/designs/cache_study/iotlb/iotlb_t8.sv:44$6_DATA [21] is used but has no driver.
Warning: Wire iotlb_t8.$mem2reg_wr$\spa_q$/foss/designs/cache_study/iotlb/iotlb_t8.sv:44$6_DATA [20] is used but has no driver.
Warning: Wire iotlb_t8.$mem2reg_wr$\spa_q$/foss/designs/cache_study/iotlb/iotlb_t8.sv:44$6_DATA [19] is used but has no driver.
Warning: Wire iotlb_t8.$mem2reg_wr$\spa_q$/foss/designs/cache_study/iotlb/iotlb_t8.sv:44$6_DATA [18] is used but has no driver.
Warning: Wire iotlb_t8.$mem2reg_wr$\spa_q$/foss/designs/cache_study/iotlb/iotlb_t8.sv:44$6_DATA [17] is used but has no driver.
Warning: Wire iotlb_t8.$mem2reg_wr$\spa_q$/foss/designs/cache_study/iotlb/iotlb_t8.sv:44$6_DATA [16] is used but has no driver.
Warning: Wire iotlb_t8.$mem2reg_wr$\spa_q$/foss/designs/cache_study/iotlb/iotlb_t8.sv:44$6_DATA [15] is used but has no driver.
Warning: Wire iotlb_t8.$mem2reg_wr$\spa_q$/foss/designs/cache_study/iotlb/iotlb_t8.sv:44$6_DATA [14] is used but has no driver.
Warning: Wire iotlb_t8.$mem2reg_wr$\spa_q$/foss/designs/cache_study/iotlb/iotlb_t8.sv:44$6_DATA [13] is used but has no driver.
Warning: Wire iotlb_t8.$mem2reg_wr$\spa_q$/foss/designs/cache_study/iotlb/iotlb_t8.sv:44$6_DATA [12] is used but has no driver.
Warning: Wire iotlb_t8.$mem2reg_wr$\spa_q$/foss/designs/cache_study/iotlb/iotlb_t8.sv:44$6_DATA [11] is used but has no driver.
Warning: Wire iotlb_t8.$mem2reg_wr$\spa_q$/foss/designs/cache_study/iotlb/iotlb_t8.sv:44$6_DATA [10] is used but has no driver.
Warning: Wire iotlb_t8.$mem2reg_wr$\spa_q$/foss/designs/cache_study/iotlb/iotlb_t8.sv:44$6_DATA [9] is used but has no driver.
Warning: Wire iotlb_t8.$mem2reg_wr$\spa_q$/foss/designs/cache_study/iotlb/iotlb_t8.sv:44$6_DATA [8] is used but has no driver.
Warning: Wire iotlb_t8.$mem2reg_wr$\spa_q$/foss/designs/cache_study/iotlb/iotlb_t8.sv:44$6_DATA [7] is used but has no driver.
Warning: Wire iotlb_t8.$mem2reg_wr$\spa_q$/foss/designs/cache_study/iotlb/iotlb_t8.sv:44$6_DATA [6] is used but has no driver.
Warning: Wire iotlb_t8.$mem2reg_wr$\spa_q$/foss/designs/cache_study/iotlb/iotlb_t8.sv:44$6_DATA [5] is used but has no driver.
Warning: Wire iotlb_t8.$mem2reg_wr$\spa_q$/foss/designs/cache_study/iotlb/iotlb_t8.sv:44$6_DATA [4] is used but has no driver.
Warning: Wire iotlb_t8.$mem2reg_wr$\spa_q$/foss/designs/cache_study/iotlb/iotlb_t8.sv:44$6_DATA [3] is used but has no driver.
Warning: Wire iotlb_t8.$mem2reg_wr$\spa_q$/foss/designs/cache_study/iotlb/iotlb_t8.sv:44$6_DATA [2] is used but has no driver.
Warning: Wire iotlb_t8.$mem2reg_wr$\spa_q$/foss/designs/cache_study/iotlb/iotlb_t8.sv:44$6_DATA [1] is used but has no driver.
Warning: Wire iotlb_t8.$mem2reg_wr$\spa_q$/foss/designs/cache_study/iotlb/iotlb_t8.sv:44$6_DATA [0] is used but has no driver.
Warning: Wire iotlb_t8.$mem2reg_wr$\tag_q$/foss/designs/cache_study/iotlb/iotlb_t8.sv:44$5_ADDR [3] is used but has no driver.
Warning: Wire iotlb_t8.$mem2reg_wr$\tag_q$/foss/designs/cache_study/iotlb/iotlb_t8.sv:44$5_ADDR [2] is used but has no driver.
Warning: Wire iotlb_t8.$mem2reg_wr$\tag_q$/foss/designs/cache_study/iotlb/iotlb_t8.sv:44$5_ADDR [1] is used but has no driver.
Warning: Wire iotlb_t8.$mem2reg_wr$\tag_q$/foss/designs/cache_study/iotlb/iotlb_t8.sv:44$5_ADDR [0] is used but has no driver.
Warning: Wire iotlb_t8.$mem2reg_wr$\tag_q$/foss/designs/cache_study/iotlb/iotlb_t8.sv:44$5_DATA [26] is used but has no driver.
Warning: Wire iotlb_t8.$mem2reg_wr$\tag_q$/foss/designs/cache_study/iotlb/iotlb_t8.sv:44$5_DATA [25] is used but has no driver.
Warning: Wire iotlb_t8.$mem2reg_wr$\tag_q$/foss/designs/cache_study/iotlb/iotlb_t8.sv:44$5_DATA [24] is used but has no driver.
Warning: Wire iotlb_t8.$mem2reg_wr$\tag_q$/foss/designs/cache_study/iotlb/iotlb_t8.sv:44$5_DATA [23] is used but has no driver.
Warning: Wire iotlb_t8.$mem2reg_wr$\tag_q$/foss/designs/cache_study/iotlb/iotlb_t8.sv:44$5_DATA [22] is used but has no driver.
Warning: Wire iotlb_t8.$mem2reg_wr$\tag_q$/foss/designs/cache_study/iotlb/iotlb_t8.sv:44$5_DATA [21] is used but has no driver.
Warning: Wire iotlb_t8.$mem2reg_wr$\tag_q$/foss/designs/cache_study/iotlb/iotlb_t8.sv:44$5_DATA [20] is used but has no driver.
Warning: Wire iotlb_t8.$mem2reg_wr$\tag_q$/foss/designs/cache_study/iotlb/iotlb_t8.sv:44$5_DATA [19] is used but has no driver.
Warning: Wire iotlb_t8.$mem2reg_wr$\tag_q$/foss/designs/cache_study/iotlb/iotlb_t8.sv:44$5_DATA [18] is used but has no driver.
Warning: Wire iotlb_t8.$mem2reg_wr$\tag_q$/foss/designs/cache_study/iotlb/iotlb_t8.sv:44$5_DATA [17] is used but has no driver.
Warning: Wire iotlb_t8.$mem2reg_wr$\tag_q$/foss/designs/cache_study/iotlb/iotlb_t8.sv:44$5_DATA [16] is used but has no driver.
Warning: Wire iotlb_t8.$mem2reg_wr$\tag_q$/foss/designs/cache_study/iotlb/iotlb_t8.sv:44$5_DATA [15] is used but has no driver.
Warning: Wire iotlb_t8.$mem2reg_wr$\tag_q$/foss/designs/cache_study/iotlb/iotlb_t8.sv:44$5_DATA [14] is used but has no driver.
Warning: Wire iotlb_t8.$mem2reg_wr$\tag_q$/foss/designs/cache_study/iotlb/iotlb_t8.sv:44$5_DATA [13] is used but has no driver.
Warning: Wire iotlb_t8.$mem2reg_wr$\tag_q$/foss/designs/cache_study/iotlb/iotlb_t8.sv:44$5_DATA [12] is used but has no driver.
Warning: Wire iotlb_t8.$mem2reg_wr$\tag_q$/foss/designs/cache_study/iotlb/iotlb_t8.sv:44$5_DATA [11] is used but has no driver.
Warning: Wire iotlb_t8.$mem2reg_wr$\tag_q$/foss/designs/cache_study/iotlb/iotlb_t8.sv:44$5_DATA [10] is used but has no driver.
Warning: Wire iotlb_t8.$mem2reg_wr$\tag_q$/foss/designs/cache_study/iotlb/iotlb_t8.sv:44$5_DATA [9] is used but has no driver.
Warning: Wire iotlb_t8.$mem2reg_wr$\tag_q$/foss/designs/cache_study/iotlb/iotlb_t8.sv:44$5_DATA [8] is used but has no driver.
Warning: Wire iotlb_t8.$mem2reg_wr$\tag_q$/foss/designs/cache_study/iotlb/iotlb_t8.sv:44$5_DATA [7] is used but has no driver.
Warning: Wire iotlb_t8.$mem2reg_wr$\tag_q$/foss/designs/cache_study/iotlb/iotlb_t8.sv:44$5_DATA [6] is used but has no driver.
Warning: Wire iotlb_t8.$mem2reg_wr$\tag_q$/foss/designs/cache_study/iotlb/iotlb_t8.sv:44$5_DATA [5] is used but has no driver.
Warning: Wire iotlb_t8.$mem2reg_wr$\tag_q$/foss/designs/cache_study/iotlb/iotlb_t8.sv:44$5_DATA [4] is used but has no driver.
Warning: Wire iotlb_t8.$mem2reg_wr$\tag_q$/foss/designs/cache_study/iotlb/iotlb_t8.sv:44$5_DATA [3] is used but has no driver.
Warning: Wire iotlb_t8.$mem2reg_wr$\tag_q$/foss/designs/cache_study/iotlb/iotlb_t8.sv:44$5_DATA [2] is used but has no driver.
Warning: Wire iotlb_t8.$mem2reg_wr$\tag_q$/foss/designs/cache_study/iotlb/iotlb_t8.sv:44$5_DATA [1] is used but has no driver.
Warning: Wire iotlb_t8.$mem2reg_wr$\tag_q$/foss/designs/cache_study/iotlb/iotlb_t8.sv:44$5_DATA [0] is used but has no driver.
Warning: Wire iotlb_t8.$mem2reg_wr$\v_q$/foss/designs/cache_study/iotlb/iotlb_t8.sv:44$4_ADDR [3] is used but has no driver.
Warning: Wire iotlb_t8.$mem2reg_wr$\v_q$/foss/designs/cache_study/iotlb/iotlb_t8.sv:44$4_ADDR [2] is used but has no driver.
Warning: Wire iotlb_t8.$mem2reg_wr$\v_q$/foss/designs/cache_study/iotlb/iotlb_t8.sv:44$4_ADDR [1] is used but has no driver.
Warning: Wire iotlb_t8.$mem2reg_wr$\v_q$/foss/designs/cache_study/iotlb/iotlb_t8.sv:44$4_ADDR [0] is used but has no driver.
Warning: Wire iotlb_t8.$mem2reg_wr$\v_q$/foss/designs/cache_study/iotlb/iotlb_t8.sv:44$4_DATA is used but has no driver.
