Warning: Replacing memory \nxt_data_q with list of registers. See /foss/designs/cache_study/iotlb/iotlb_t7.sv:40
Warning: Replacing memory \cur_data_q with list of registers. See /foss/designs/cache_study/iotlb/iotlb_t7.sv:40
Warning: Wire iotlb_t7.$mem2reg_wr$\nxt_data_q$/foss/designs/cache_study/iotlb/iotlb_t7.sv:49$9_DATA [43] is used but has no driver.
Warning: Wire iotlb_t7.$mem2reg_wr$\nxt_data_q$/foss/designs/cache_study/iotlb/iotlb_t7.sv:49$9_DATA [42] is used but has no driver.
Warning: Wire iotlb_t7.$mem2reg_wr$\nxt_data_q$/foss/designs/cache_study/iotlb/iotlb_t7.sv:49$9_DATA [41] is used but has no driver.
Warning: Wire iotlb_t7.$mem2reg_wr$\nxt_data_q$/foss/designs/cache_study/iotlb/iotlb_t7.sv:49$9_DATA [40] is used but has no driver.
Warning: Wire iotlb_t7.$mem2reg_wr$\nxt_data_q$/foss/designs/cache_study/iotlb/iotlb_t7.sv:49$9_DATA [39] is used but has no driver.
Warning: Wire iotlb_t7.$mem2reg_wr$\nxt_data_q$/foss/designs/cache_study/iotlb/iotlb_t7.sv:49$9_DATA [38] is used but has no driver.
Warning: Wire iotlb_t7.$mem2reg_wr$\nxt_data_q$/foss/designs/cache_study/iotlb/iotlb_t7.sv:49$9_DATA [37] is used but has no driver.
Warning: Wire iotlb_t7.$mem2reg_wr$\nxt_data_q$/foss/designs/cache_study/iotlb/iotlb_t7.sv:49$9_DATA [36] is used but has no driver.
Warning: Wire iotlb_t7.$mem2reg_wr$\nxt_data_q$/foss/designs/cache_study/iotlb/iotlb_t7.sv:49$9_DATA [35] is used but has no driver.
Warning: Wire iotlb_t7.$mem2reg_wr$\nxt_data_q$/foss/designs/cache_study/iotlb/iotlb_t7.sv:49$9_DATA [34] is used but has no driver.
Warning: Wire iotlb_t7.$mem2reg_wr$\nxt_data_q$/foss/designs/cache_study/iotlb/iotlb_t7.sv:49$9_DATA [33] is used but has no driver.
Warning: Wire iotlb_t7.$mem2reg_wr$\nxt_data_q$/foss/designs/cache_study/iotlb/iotlb_t7.sv:49$9_DATA [32] is used but has no driver.
Warning: Wire iotlb_t7.$mem2reg_wr$\nxt_data_q$/foss/designs/cache_study/iotlb/iotlb_t7.sv:49$9_DATA [31] is used but has no driver.
Warning: Wire iotlb_t7.$mem2reg_wr$\nxt_data_q$/foss/designs/cache_study/iotlb/iotlb_t7.sv:49$9_DATA [30] is used but has no driver.
Warning: Wire iotlb_t7.$mem2reg_wr$\nxt_data_q$/foss/designs/cache_study/iotlb/iotlb_t7.sv:49$9_DATA [29] is used but has no driver.
Warning: Wire iotlb_t7.$mem2reg_wr$\nxt_data_q$/foss/designs/cache_study/iotlb/iotlb_t7.sv:49$9_DATA [28] is used but has no driver.
Warning: Wire iotlb_t7.$mem2reg_wr$\nxt_data_q$/foss/designs/cache_study/iotlb/iotlb_t7.sv:49$9_DATA [27] is used but has no driver.
Warning: Wire iotlb_t7.$mem2reg_wr$\nxt_data_q$/foss/designs/cache_study/iotlb/iotlb_t7.sv:49$9_DATA [26] is used but has no driver.
Warning: Wire iotlb_t7.$mem2reg_wr$\nxt_data_q$/foss/designs/cache_study/iotlb/iotlb_t7.sv:49$9_DATA [25] is used but has no driver.
Warning: Wire iotlb_t7.$mem2reg_wr$\nxt_data_q$/foss/designs/cache_study/iotlb/iotlb_t7.sv:49$9_DATA [24] is used but has no driver.
Warning: Wire iotlb_t7.$mem2reg_wr$\nxt_data_q$/foss/designs/cache_study/iotlb/iotlb_t7.sv:49$9_DATA [23] is used but has no driver.
Warning: Wire iotlb_t7.$mem2reg_wr$\nxt_data_q$/foss/designs/cache_study/iotlb/iotlb_t7.sv:49$9_DATA [22] is used but has no driver.
Warning: Wire iotlb_t7.$mem2reg_wr$\nxt_data_q$/foss/designs/cache_study/iotlb/iotlb_t7.sv:49$9_DATA [21] is used but has no driver.
Warning: Wire iotlb_t7.$mem2reg_wr$\nxt_data_q$/foss/designs/cache_study/iotlb/iotlb_t7.sv:49$9_DATA [20] is used but has no driver.
Warning: Wire iotlb_t7.$mem2reg_wr$\nxt_data_q$/foss/designs/cache_study/iotlb/iotlb_t7.sv:49$9_DATA [19] is used but has no driver.
Warning: Wire iotlb_t7.$mem2reg_wr$\nxt_data_q$/foss/designs/cache_study/iotlb/iotlb_t7.sv:49$9_DATA [18] is used but has no driver.
Warning: Wire iotlb_t7.$mem2reg_wr$\nxt_data_q$/foss/designs/cache_study/iotlb/iotlb_t7.sv:49$9_DATA [17] is used but has no driver.
Warning: Wire iotlb_t7.$mem2reg_wr$\nxt_data_q$/foss/designs/cache_study/iotlb/iotlb_t7.sv:49$9_DATA [16] is used but has no driver.
Warning: Wire iotlb_t7.$mem2reg_wr$\nxt_data_q$/foss/designs/cache_study/iotlb/iotlb_t7.sv:49$9_DATA [15] is used but has no driver.
Warning: Wire iotlb_t7.$mem2reg_wr$\nxt_data_q$/foss/designs/cache_study/iotlb/iotlb_t7.sv:49$9_DATA [14] is used but has no driver.
Warning: Wire iotlb_t7.$mem2reg_wr$\nxt_data_q$/foss/designs/cache_study/iotlb/iotlb_t7.sv:49$9_DATA [13] is used but has no driver.
Warning: Wire iotlb_t7.$mem2reg_wr$\nxt_data_q$/foss/designs/cache_study/iotlb/iotlb_t7.sv:49$9_DATA [12] is used but has no driver.
Warning: Wire iotlb_t7.$mem2reg_wr$\nxt_data_q$/foss/designs/cache_study/iotlb/iotlb_t7.sv:49$9_DATA [11] is used but has no driver.
Warning: Wire iotlb_t7.$mem2reg_wr$\nxt_data_q$/foss/designs/cache_study/iotlb/iotlb_t7.sv:49$9_DATA [10] is used but has no driver.
Warning: Wire iotlb_t7.$mem2reg_wr$\nxt_data_q$/foss/designs/cache_study/iotlb/iotlb_t7.sv:49$9_DATA [9] is used but has no driver.
Warning: Wire iotlb_t7.$mem2reg_wr$\nxt_data_q$/foss/designs/cache_study/iotlb/iotlb_t7.sv:49$9_DATA [8] is used but has no driver.
Warning: Wire iotlb_t7.$mem2reg_wr$\nxt_data_q$/foss/designs/cache_study/iotlb/iotlb_t7.sv:49$9_DATA [7] is used but has no driver.
Warning: Wire iotlb_t7.$mem2reg_wr$\nxt_data_q$/foss/designs/cache_study/iotlb/iotlb_t7.sv:49$9_DATA [6] is used but has no driver.
Warning: Wire iotlb_t7.$mem2reg_wr$\nxt_data_q$/foss/designs/cache_study/iotlb/iotlb_t7.sv:49$9_DATA [5] is used but has no driver.
Warning: Wire iotlb_t7.$mem2reg_wr$\nxt_data_q$/foss/designs/cache_study/iotlb/iotlb_t7.sv:49$9_DATA [4] is used but has no driver.
Warning: Wire iotlb_t7.$mem2reg_wr$\nxt_data_q$/foss/designs/cache_study/iotlb/iotlb_t7.sv:49$9_DATA [3] is used but has no driver.
Warning: Wire iotlb_t7.$mem2reg_wr$\nxt_data_q$/foss/designs/cache_study/iotlb/iotlb_t7.sv:49$9_DATA [2] is used but has no driver.
Warning: Wire iotlb_t7.$mem2reg_wr$\nxt_data_q$/foss/designs/cache_study/iotlb/iotlb_t7.sv:49$9_DATA [1] is used but has no driver.
Warning: Wire iotlb_t7.$mem2reg_wr$\nxt_data_q$/foss/designs/cache_study/iotlb/iotlb_t7.sv:49$9_DATA [0] is used but has no driver.
Warning: Wire iotlb_t7.$mem2reg_wr$\nxt_data_q$/foss/designs/cache_study/iotlb/iotlb_t7.sv:49$9_ADDR [2] is used but has no driver.
Warning: Wire iotlb_t7.$mem2reg_wr$\nxt_data_q$/foss/designs/cache_study/iotlb/iotlb_t7.sv:49$9_ADDR [1] is used but has no driver.
Warning: Wire iotlb_t7.$mem2reg_wr$\nxt_data_q$/foss/designs/cache_study/iotlb/iotlb_t7.sv:49$9_ADDR [0] is used but has no driver.
Warning: Wire iotlb_t7.$mem2reg_wr$\cur_data_q$/foss/designs/cache_study/iotlb/iotlb_t7.sv:43$8_DATA [43] is used but has no driver.
Warning: Wire iotlb_t7.$mem2reg_wr$\cur_data_q$/foss/designs/cache_study/iotlb/iotlb_t7.sv:43$8_DATA [42] is used but has no driver.
Warning: Wire iotlb_t7.$mem2reg_wr$\cur_data_q$/foss/designs/cache_study/iotlb/iotlb_t7.sv:43$8_DATA [41] is used but has no driver.
Warning: Wire iotlb_t7.$mem2reg_wr$\cur_data_q$/foss/designs/cache_study/iotlb/iotlb_t7.sv:43$8_DATA [40] is used but has no driver.
Warning: Wire iotlb_t7.$mem2reg_wr$\cur_data_q$/foss/designs/cache_study/iotlb/iotlb_t7.sv:43$8_DATA [39] is used but has no driver.
Warning: Wire iotlb_t7.$mem2reg_wr$\cur_data_q$/foss/designs/cache_study/iotlb/iotlb_t7.sv:43$8_DATA [38] is used but has no driver.
Warning: Wire iotlb_t7.$mem2reg_wr$\cur_data_q$/foss/designs/cache_study/iotlb/iotlb_t7.sv:43$8_DATA [37] is used but has no driver.
Warning: Wire iotlb_t7.$mem2reg_wr$\cur_data_q$/foss/designs/cache_study/iotlb/iotlb_t7.sv:43$8_DATA [36] is used but has no driver.
Warning: Wire iotlb_t7.$mem2reg_wr$\cur_data_q$/foss/designs/cache_study/iotlb/iotlb_t7.sv:43$8_DATA [35] is used but has no driver.
Warning: Wire iotlb_t7.$mem2reg_wr$\cur_data_q$/foss/designs/cache_study/iotlb/iotlb_t7.sv:43$8_DATA [34] is used but has no driver.
Warning: Wire iotlb_t7.$mem2reg_wr$\cur_data_q$/foss/designs/cache_study/iotlb/iotlb_t7.sv:43$8_DATA [33] is used but has no driver.
Warning: Wire iotlb_t7.$mem2reg_wr$\cur_data_q$/foss/designs/cache_study/iotlb/iotlb_t7.sv:43$8_DATA [32] is used but has no driver.
Warning: Wire iotlb_t7.$mem2reg_wr$\cur_data_q$/foss/designs/cache_study/iotlb/iotlb_t7.sv:43$8_DATA [31] is used but has no driver.
Warning: Wire iotlb_t7.$mem2reg_wr$\cur_data_q$/foss/designs/cache_study/iotlb/iotlb_t7.sv:43$8_DATA [30] is used but has no driver.
Warning: Wire iotlb_t7.$mem2reg_wr$\cur_data_q$/foss/designs/cache_study/iotlb/iotlb_t7.sv:43$8_DATA [29] is used but has no driver.
Warning: Wire iotlb_t7.$mem2reg_wr$\cur_data_q$/foss/designs/cache_study/iotlb/iotlb_t7.sv:43$8_DATA [28] is used but has no driver.
Warning: Wire iotlb_t7.$mem2reg_wr$\cur_data_q$/foss/designs/cache_study/iotlb/iotlb_t7.sv:43$8_DATA [27] is used but has no driver.
Warning: Wire iotlb_t7.$mem2reg_wr$\cur_data_q$/foss/designs/cache_study/iotlb/iotlb_t7.sv:43$8_DATA [26] is used but has no driver.
Warning: Wire iotlb_t7.$mem2reg_wr$\cur_data_q$/foss/designs/cache_study/iotlb/iotlb_t7.sv:43$8_DATA [25] is used but has no driver.
Warning: Wire iotlb_t7.$mem2reg_wr$\cur_data_q$/foss/designs/cache_study/iotlb/iotlb_t7.sv:43$8_DATA [24] is used but has no driver.
Warning: Wire iotlb_t7.$mem2reg_wr$\cur_data_q$/foss/designs/cache_study/iotlb/iotlb_t7.sv:43$8_DATA [23] is used but has no driver.
Warning: Wire iotlb_t7.$mem2reg_wr$\cur_data_q$/foss/designs/cache_study/iotlb/iotlb_t7.sv:43$8_DATA [22] is used but has no driver.
Warning: Wire iotlb_t7.$mem2reg_wr$\cur_data_q$/foss/designs/cache_study/iotlb/iotlb_t7.sv:43$8_DATA [21] is used but has no driver.
Warning: Wire iotlb_t7.$mem2reg_wr$\cur_data_q$/foss/designs/cache_study/iotlb/iotlb_t7.sv:43$8_DATA [20] is used but has no driver.
Warning: Wire iotlb_t7.$mem2reg_wr$\cur_data_q$/foss/designs/cache_study/iotlb/iotlb_t7.sv:43$8_DATA [19] is used but has no driver.
Warning: Wire iotlb_t7.$mem2reg_wr$\cur_data_q$/foss/designs/cache_study/iotlb/iotlb_t7.sv:43$8_DATA [18] is used but has no driver.
Warning: Wire iotlb_t7.$mem2reg_wr$\cur_data_q$/foss/designs/cache_study/iotlb/iotlb_t7.sv:43$8_DATA [17] is used but has no driver.
Warning: Wire iotlb_t7.$mem2reg_wr$\cur_data_q$/foss/designs/cache_study/iotlb/iotlb_t7.sv:43$8_DATA [16] is used but has no driver.
Warning: Wire iotlb_t7.$mem2reg_wr$\cur_data_q$/foss/designs/cache_study/iotlb/iotlb_t7.sv:43$8_DATA [15] is used but has no driver.
Warning: Wire iotlb_t7.$mem2reg_wr$\cur_data_q$/foss/designs/cache_study/iotlb/iotlb_t7.sv:43$8_DATA [14] is used but has no driver.
Warning: Wire iotlb_t7.$mem2reg_wr$\cur_data_q$/foss/designs/cache_study/iotlb/iotlb_t7.sv:43$8_DATA [13] is used but has no driver.
Warning: Wire iotlb_t7.$mem2reg_wr$\cur_data_q$/foss/designs/cache_study/iotlb/iotlb_t7.sv:43$8_DATA [12] is used but has no driver.
Warning: Wire iotlb_t7.$mem2reg_wr$\cur_data_q$/foss/designs/cache_study/iotlb/iotlb_t7.sv:43$8_DATA [11] is used but has no driver.
Warning: Wire iotlb_t7.$mem2reg_wr$\cur_data_q$/foss/designs/cache_study/iotlb/iotlb_t7.sv:43$8_DATA [10] is used but has no driver.
Warning: Wire iotlb_t7.$mem2reg_wr$\cur_data_q$/foss/designs/cache_study/iotlb/iotlb_t7.sv:43$8_DATA [9] is used but has no driver.
Warning: Wire iotlb_t7.$mem2reg_wr$\cur_data_q$/foss/designs/cache_study/iotlb/iotlb_t7.sv:43$8_DATA [8] is used but has no driver.
Warning: Wire iotlb_t7.$mem2reg_wr$\cur_data_q$/foss/designs/cache_study/iotlb/iotlb_t7.sv:43$8_DATA [7] is used but has no driver.
Warning: Wire iotlb_t7.$mem2reg_wr$\cur_data_q$/foss/designs/cache_study/iotlb/iotlb_t7.sv:43$8_DATA [6] is used but has no driver.
Warning: Wire iotlb_t7.$mem2reg_wr$\cur_data_q$/foss/designs/cache_study/iotlb/iotlb_t7.sv:43$8_DATA [5] is used but has no driver.
Warning: Wire iotlb_t7.$mem2reg_wr$\cur_data_q$/foss/designs/cache_study/iotlb/iotlb_t7.sv:43$8_DATA [4] is used but has no driver.
Warning: Wire iotlb_t7.$mem2reg_wr$\cur_data_q$/foss/designs/cache_study/iotlb/iotlb_t7.sv:43$8_DATA [3] is used but has no driver.
Warning: Wire iotlb_t7.$mem2reg_wr$\cur_data_q$/foss/designs/cache_study/iotlb/iotlb_t7.sv:43$8_DATA [2] is used but has no driver.
Warning: Wire iotlb_t7.$mem2reg_wr$\cur_data_q$/foss/designs/cache_study/iotlb/iotlb_t7.sv:43$8_DATA [1] is used but has no driver.
Warning: Wire iotlb_t7.$mem2reg_wr$\cur_data_q$/foss/designs/cache_study/iotlb/iotlb_t7.sv:43$8_DATA [0] is used but has no driver.
Warning: Wire iotlb_t7.$mem2reg_wr$\cur_data_q$/foss/designs/cache_study/iotlb/iotlb_t7.sv:43$8_ADDR [2] is used but has no driver.
Warning: Wire iotlb_t7.$mem2reg_wr$\cur_data_q$/foss/designs/cache_study/iotlb/iotlb_t7.sv:43$8_ADDR [1] is used but has no driver.
Warning: Wire iotlb_t7.$mem2reg_wr$\cur_data_q$/foss/designs/cache_study/iotlb/iotlb_t7.sv:43$8_ADDR [0] is used but has no driver.
Warning: Wire iotlb_t7.$bitselwrite$pos$/foss/designs/cache_study/iotlb/iotlb_t7.sv:49$6 [2] is used but has no driver.
Warning: Wire iotlb_t7.$bitselwrite$pos$/foss/designs/cache_study/iotlb/iotlb_t7.sv:49$6 [1] is used but has no driver.
Warning: Wire iotlb_t7.$bitselwrite$pos$/foss/designs/cache_study/iotlb/iotlb_t7.sv:49$6 [0] is used but has no driver.
Warning: Wire iotlb_t7.$bitselwrite$pos$/foss/designs/cache_study/iotlb/iotlb_t7.sv:43$5 [2] is used but has no driver.
Warning: Wire iotlb_t7.$bitselwrite$pos$/foss/designs/cache_study/iotlb/iotlb_t7.sv:43$5 [1] is used but has no driver.
Warning: Wire iotlb_t7.$bitselwrite$pos$/foss/designs/cache_study/iotlb/iotlb_t7.sv:43$5 [0] is used but has no driver.
