Warning: Replacing memory \base_q with list of registers. See /foss/designs/cache_study/iotlb/iotlb_t4.sv:44
Warning: Replacing memory \contig_q with list of registers. See /foss/designs/cache_study/iotlb/iotlb_t4.sv:44
Warning: Replacing memory \ltag_q with list of registers. See /foss/designs/cache_study/iotlb/iotlb_t4.sv:43
Warning: Replacing memory \subv_q with list of registers. See /foss/designs/cache_study/iotlb/iotlb_t4.sv:43
Warning: Replacing memory \lval_q with list of registers. See /foss/designs/cache_study/iotlb/iotlb_t4.sv:43
Warning: Wire iotlb_t4.$bitselwrite$pos$/foss/designs/cache_study/iotlb/iotlb_t4.sv:47$10 [2] is used but has no driver.
Warning: Wire iotlb_t4.$bitselwrite$pos$/foss/designs/cache_study/iotlb/iotlb_t4.sv:47$10 [1] is used but has no driver.
Warning: Wire iotlb_t4.$bitselwrite$pos$/foss/designs/cache_study/iotlb/iotlb_t4.sv:47$10 [0] is used but has no driver.
Warning: Wire iotlb_t4.$bitselwrite$pos$/foss/designs/cache_study/iotlb/iotlb_t4.sv:47$9 [2] is used but has no driver.
Warning: Wire iotlb_t4.$bitselwrite$pos$/foss/designs/cache_study/iotlb/iotlb_t4.sv:47$9 [1] is used but has no driver.
Warning: Wire iotlb_t4.$bitselwrite$pos$/foss/designs/cache_study/iotlb/iotlb_t4.sv:47$9 [0] is used but has no driver.
Warning: Wire iotlb_t4.$mem2reg_wr$\contig_q$/foss/designs/cache_study/iotlb/iotlb_t4.sv:51$8_DATA is used but has no driver.
Warning: Wire iotlb_t4.$mem2reg_wr$\contig_q$/foss/designs/cache_study/iotlb/iotlb_t4.sv:51$8_ADDR is used but has no driver.
Warning: Wire iotlb_t4.$mem2reg_wr$\base_q$/foss/designs/cache_study/iotlb/iotlb_t4.sv:51$7_DATA [43] is used but has no driver.
Warning: Wire iotlb_t4.$mem2reg_wr$\base_q$/foss/designs/cache_study/iotlb/iotlb_t4.sv:51$7_DATA [42] is used but has no driver.
Warning: Wire iotlb_t4.$mem2reg_wr$\base_q$/foss/designs/cache_study/iotlb/iotlb_t4.sv:51$7_DATA [41] is used but has no driver.
Warning: Wire iotlb_t4.$mem2reg_wr$\base_q$/foss/designs/cache_study/iotlb/iotlb_t4.sv:51$7_DATA [40] is used but has no driver.
Warning: Wire iotlb_t4.$mem2reg_wr$\base_q$/foss/designs/cache_study/iotlb/iotlb_t4.sv:51$7_DATA [39] is used but has no driver.
Warning: Wire iotlb_t4.$mem2reg_wr$\base_q$/foss/designs/cache_study/iotlb/iotlb_t4.sv:51$7_DATA [38] is used but has no driver.
Warning: Wire iotlb_t4.$mem2reg_wr$\base_q$/foss/designs/cache_study/iotlb/iotlb_t4.sv:51$7_DATA [37] is used but has no driver.
Warning: Wire iotlb_t4.$mem2reg_wr$\base_q$/foss/designs/cache_study/iotlb/iotlb_t4.sv:51$7_DATA [36] is used but has no driver.
Warning: Wire iotlb_t4.$mem2reg_wr$\base_q$/foss/designs/cache_study/iotlb/iotlb_t4.sv:51$7_DATA [35] is used but has no driver.
Warning: Wire iotlb_t4.$mem2reg_wr$\base_q$/foss/designs/cache_study/iotlb/iotlb_t4.sv:51$7_DATA [34] is used but has no driver.
Warning: Wire iotlb_t4.$mem2reg_wr$\base_q$/foss/designs/cache_study/iotlb/iotlb_t4.sv:51$7_DATA [33] is used but has no driver.
Warning: Wire iotlb_t4.$mem2reg_wr$\base_q$/foss/designs/cache_study/iotlb/iotlb_t4.sv:51$7_DATA [32] is used but has no driver.
Warning: Wire iotlb_t4.$mem2reg_wr$\base_q$/foss/designs/cache_study/iotlb/iotlb_t4.sv:51$7_DATA [31] is used but has no driver.
Warning: Wire iotlb_t4.$mem2reg_wr$\base_q$/foss/designs/cache_study/iotlb/iotlb_t4.sv:51$7_DATA [30] is used but has no driver.
Warning: Wire iotlb_t4.$mem2reg_wr$\base_q$/foss/designs/cache_study/iotlb/iotlb_t4.sv:51$7_DATA [29] is used but has no driver.
Warning: Wire iotlb_t4.$mem2reg_wr$\base_q$/foss/designs/cache_study/iotlb/iotlb_t4.sv:51$7_DATA [28] is used but has no driver.
Warning: Wire iotlb_t4.$mem2reg_wr$\base_q$/foss/designs/cache_study/iotlb/iotlb_t4.sv:51$7_DATA [27] is used but has no driver.
Warning: Wire iotlb_t4.$mem2reg_wr$\base_q$/foss/designs/cache_study/iotlb/iotlb_t4.sv:51$7_DATA [26] is used but has no driver.
Warning: Wire iotlb_t4.$mem2reg_wr$\base_q$/foss/designs/cache_study/iotlb/iotlb_t4.sv:51$7_DATA [25] is used but has no driver.
Warning: Wire iotlb_t4.$mem2reg_wr$\base_q$/foss/designs/cache_study/iotlb/iotlb_t4.sv:51$7_DATA [24] is used but has no driver.
Warning: Wire iotlb_t4.$mem2reg_wr$\base_q$/foss/designs/cache_study/iotlb/iotlb_t4.sv:51$7_DATA [23] is used but has no driver.
Warning: Wire iotlb_t4.$mem2reg_wr$\base_q$/foss/designs/cache_study/iotlb/iotlb_t4.sv:51$7_DATA [22] is used but has no driver.
Warning: Wire iotlb_t4.$mem2reg_wr$\base_q$/foss/designs/cache_study/iotlb/iotlb_t4.sv:51$7_DATA [21] is used but has no driver.
Warning: Wire iotlb_t4.$mem2reg_wr$\base_q$/foss/designs/cache_study/iotlb/iotlb_t4.sv:51$7_DATA [20] is used but has no driver.
Warning: Wire iotlb_t4.$mem2reg_wr$\base_q$/foss/designs/cache_study/iotlb/iotlb_t4.sv:51$7_DATA [19] is used but has no driver.
Warning: Wire iotlb_t4.$mem2reg_wr$\base_q$/foss/designs/cache_study/iotlb/iotlb_t4.sv:51$7_DATA [18] is used but has no driver.
Warning: Wire iotlb_t4.$mem2reg_wr$\base_q$/foss/designs/cache_study/iotlb/iotlb_t4.sv:51$7_DATA [17] is used but has no driver.
Warning: Wire iotlb_t4.$mem2reg_wr$\base_q$/foss/designs/cache_study/iotlb/iotlb_t4.sv:51$7_DATA [16] is used but has no driver.
Warning: Wire iotlb_t4.$mem2reg_wr$\base_q$/foss/designs/cache_study/iotlb/iotlb_t4.sv:51$7_DATA [15] is used but has no driver.
Warning: Wire iotlb_t4.$mem2reg_wr$\base_q$/foss/designs/cache_study/iotlb/iotlb_t4.sv:51$7_DATA [14] is used but has no driver.
Warning: Wire iotlb_t4.$mem2reg_wr$\base_q$/foss/designs/cache_study/iotlb/iotlb_t4.sv:51$7_DATA [13] is used but has no driver.
Warning: Wire iotlb_t4.$mem2reg_wr$\base_q$/foss/designs/cache_study/iotlb/iotlb_t4.sv:51$7_DATA [12] is used but has no driver.
Warning: Wire iotlb_t4.$mem2reg_wr$\base_q$/foss/designs/cache_study/iotlb/iotlb_t4.sv:51$7_DATA [11] is used but has no driver.
Warning: Wire iotlb_t4.$mem2reg_wr$\base_q$/foss/designs/cache_study/iotlb/iotlb_t4.sv:51$7_DATA [10] is used but has no driver.
Warning: Wire iotlb_t4.$mem2reg_wr$\base_q$/foss/designs/cache_study/iotlb/iotlb_t4.sv:51$7_DATA [9] is used but has no driver.
Warning: Wire iotlb_t4.$mem2reg_wr$\base_q$/foss/designs/cache_study/iotlb/iotlb_t4.sv:51$7_DATA [8] is used but has no driver.
Warning: Wire iotlb_t4.$mem2reg_wr$\base_q$/foss/designs/cache_study/iotlb/iotlb_t4.sv:51$7_DATA [7] is used but has no driver.
Warning: Wire iotlb_t4.$mem2reg_wr$\base_q$/foss/designs/cache_study/iotlb/iotlb_t4.sv:51$7_DATA [6] is used but has no driver.
Warning: Wire iotlb_t4.$mem2reg_wr$\base_q$/foss/designs/cache_study/iotlb/iotlb_t4.sv:51$7_DATA [5] is used but has no driver.
Warning: Wire iotlb_t4.$mem2reg_wr$\base_q$/foss/designs/cache_study/iotlb/iotlb_t4.sv:51$7_DATA [4] is used but has no driver.
Warning: Wire iotlb_t4.$mem2reg_wr$\base_q$/foss/designs/cache_study/iotlb/iotlb_t4.sv:51$7_DATA [3] is used but has no driver.
Warning: Wire iotlb_t4.$mem2reg_wr$\base_q$/foss/designs/cache_study/iotlb/iotlb_t4.sv:51$7_DATA [2] is used but has no driver.
Warning: Wire iotlb_t4.$mem2reg_wr$\base_q$/foss/designs/cache_study/iotlb/iotlb_t4.sv:51$7_DATA [1] is used but has no driver.
Warning: Wire iotlb_t4.$mem2reg_wr$\base_q$/foss/designs/cache_study/iotlb/iotlb_t4.sv:51$7_DATA [0] is used but has no driver.
Warning: Wire iotlb_t4.$mem2reg_wr$\base_q$/foss/designs/cache_study/iotlb/iotlb_t4.sv:51$7_ADDR is used but has no driver.
Warning: Wire iotlb_t4.$mem2reg_wr$\subv_q$/foss/designs/cache_study/iotlb/iotlb_t4.sv:50$6_DATA [7] is used but has no driver.
Warning: Wire iotlb_t4.$mem2reg_wr$\subv_q$/foss/designs/cache_study/iotlb/iotlb_t4.sv:50$6_DATA [6] is used but has no driver.
Warning: Wire iotlb_t4.$mem2reg_wr$\subv_q$/foss/designs/cache_study/iotlb/iotlb_t4.sv:50$6_DATA [5] is used but has no driver.
Warning: Wire iotlb_t4.$mem2reg_wr$\subv_q$/foss/designs/cache_study/iotlb/iotlb_t4.sv:50$6_DATA [4] is used but has no driver.
Warning: Wire iotlb_t4.$mem2reg_wr$\subv_q$/foss/designs/cache_study/iotlb/iotlb_t4.sv:50$6_DATA [3] is used but has no driver.
Warning: Wire iotlb_t4.$mem2reg_wr$\subv_q$/foss/designs/cache_study/iotlb/iotlb_t4.sv:50$6_DATA [2] is used but has no driver.
Warning: Wire iotlb_t4.$mem2reg_wr$\subv_q$/foss/designs/cache_study/iotlb/iotlb_t4.sv:50$6_DATA [1] is used but has no driver.
Warning: Wire iotlb_t4.$mem2reg_wr$\subv_q$/foss/designs/cache_study/iotlb/iotlb_t4.sv:50$6_DATA [0] is used but has no driver.
Warning: Wire iotlb_t4.$mem2reg_wr$\subv_q$/foss/designs/cache_study/iotlb/iotlb_t4.sv:50$6_ADDR is used but has no driver.
Warning: Wire iotlb_t4.$mem2reg_wr$\lval_q$/foss/designs/cache_study/iotlb/iotlb_t4.sv:50$5_DATA is used but has no driver.
Warning: Wire iotlb_t4.$mem2reg_wr$\lval_q$/foss/designs/cache_study/iotlb/iotlb_t4.sv:50$5_ADDR is used but has no driver.
Warning: Wire iotlb_t4.$mem2reg_wr$\ltag_q$/foss/designs/cache_study/iotlb/iotlb_t4.sv:50$4_DATA [23] is used but has no driver.
Warning: Wire iotlb_t4.$mem2reg_wr$\ltag_q$/foss/designs/cache_study/iotlb/iotlb_t4.sv:50$4_DATA [22] is used but has no driver.
Warning: Wire iotlb_t4.$mem2reg_wr$\ltag_q$/foss/designs/cache_study/iotlb/iotlb_t4.sv:50$4_DATA [21] is used but has no driver.
Warning: Wire iotlb_t4.$mem2reg_wr$\ltag_q$/foss/designs/cache_study/iotlb/iotlb_t4.sv:50$4_DATA [20] is used but has no driver.
Warning: Wire iotlb_t4.$mem2reg_wr$\ltag_q$/foss/designs/cache_study/iotlb/iotlb_t4.sv:50$4_DATA [19] is used but has no driver.
Warning: Wire iotlb_t4.$mem2reg_wr$\ltag_q$/foss/designs/cache_study/iotlb/iotlb_t4.sv:50$4_DATA [18] is used but has no driver.
Warning: Wire iotlb_t4.$mem2reg_wr$\ltag_q$/foss/designs/cache_study/iotlb/iotlb_t4.sv:50$4_DATA [17] is used but has no driver.
Warning: Wire iotlb_t4.$mem2reg_wr$\ltag_q$/foss/designs/cache_study/iotlb/iotlb_t4.sv:50$4_DATA [16] is used but has no driver.
Warning: Wire iotlb_t4.$mem2reg_wr$\ltag_q$/foss/designs/cache_study/iotlb/iotlb_t4.sv:50$4_DATA [15] is used but has no driver.
Warning: Wire iotlb_t4.$mem2reg_wr$\ltag_q$/foss/designs/cache_study/iotlb/iotlb_t4.sv:50$4_DATA [14] is used but has no driver.
Warning: Wire iotlb_t4.$mem2reg_wr$\ltag_q$/foss/designs/cache_study/iotlb/iotlb_t4.sv:50$4_DATA [13] is used but has no driver.
Warning: Wire iotlb_t4.$mem2reg_wr$\ltag_q$/foss/designs/cache_study/iotlb/iotlb_t4.sv:50$4_DATA [12] is used but has no driver.
Warning: Wire iotlb_t4.$mem2reg_wr$\ltag_q$/foss/designs/cache_study/iotlb/iotlb_t4.sv:50$4_DATA [11] is used but has no driver.
Warning: Wire iotlb_t4.$mem2reg_wr$\ltag_q$/foss/designs/cache_study/iotlb/iotlb_t4.sv:50$4_DATA [10] is used but has no driver.
Warning: Wire iotlb_t4.$mem2reg_wr$\ltag_q$/foss/designs/cache_study/iotlb/iotlb_t4.sv:50$4_DATA [9] is used but has no driver.
Warning: Wire iotlb_t4.$mem2reg_wr$\ltag_q$/foss/designs/cache_study/iotlb/iotlb_t4.sv:50$4_DATA [8] is used but has no driver.
Warning: Wire iotlb_t4.$mem2reg_wr$\ltag_q$/foss/designs/cache_study/iotlb/iotlb_t4.sv:50$4_DATA [7] is used but has no driver.
Warning: Wire iotlb_t4.$mem2reg_wr$\ltag_q$/foss/designs/cache_study/iotlb/iotlb_t4.sv:50$4_DATA [6] is used but has no driver.
Warning: Wire iotlb_t4.$mem2reg_wr$\ltag_q$/foss/designs/cache_study/iotlb/iotlb_t4.sv:50$4_DATA [5] is used but has no driver.
Warning: Wire iotlb_t4.$mem2reg_wr$\ltag_q$/foss/designs/cache_study/iotlb/iotlb_t4.sv:50$4_DATA [4] is used but has no driver.
Warning: Wire iotlb_t4.$mem2reg_wr$\ltag_q$/foss/designs/cache_study/iotlb/iotlb_t4.sv:50$4_DATA [3] is used but has no driver.
Warning: Wire iotlb_t4.$mem2reg_wr$\ltag_q$/foss/designs/cache_study/iotlb/iotlb_t4.sv:50$4_DATA [2] is used but has no driver.
Warning: Wire iotlb_t4.$mem2reg_wr$\ltag_q$/foss/designs/cache_study/iotlb/iotlb_t4.sv:50$4_DATA [1] is used but has no driver.
Warning: Wire iotlb_t4.$mem2reg_wr$\ltag_q$/foss/designs/cache_study/iotlb/iotlb_t4.sv:50$4_DATA [0] is used but has no driver.
Warning: Wire iotlb_t4.$mem2reg_wr$\ltag_q$/foss/designs/cache_study/iotlb/iotlb_t4.sv:50$4_ADDR is used but has no driver.
Warning: Wire iotlb_t4.$mem2reg_wr$\contig_q$/foss/designs/cache_study/iotlb/iotlb_t4.sv:48$3_DATA is used but has no driver.
Warning: Wire iotlb_t4.$mem2reg_wr$\contig_q$/foss/designs/cache_study/iotlb/iotlb_t4.sv:48$3_ADDR is used but has no driver.
Warning: Wire iotlb_t4.$mem2reg_wr$\subv_q$/foss/designs/cache_study/iotlb/iotlb_t4.sv:47$2_DATA [7] is used but has no driver.
Warning: Wire iotlb_t4.$mem2reg_wr$\subv_q$/foss/designs/cache_study/iotlb/iotlb_t4.sv:47$2_DATA [6] is used but has no driver.
Warning: Wire iotlb_t4.$mem2reg_wr$\subv_q$/foss/designs/cache_study/iotlb/iotlb_t4.sv:47$2_DATA [5] is used but has no driver.
Warning: Wire iotlb_t4.$mem2reg_wr$\subv_q$/foss/designs/cache_study/iotlb/iotlb_t4.sv:47$2_DATA [4] is used but has no driver.
Warning: Wire iotlb_t4.$mem2reg_wr$\subv_q$/foss/designs/cache_study/iotlb/iotlb_t4.sv:47$2_DATA [3] is used but has no driver.
Warning: Wire iotlb_t4.$mem2reg_wr$\subv_q$/foss/designs/cache_study/iotlb/iotlb_t4.sv:47$2_DATA [2] is used but has no driver.
Warning: Wire iotlb_t4.$mem2reg_wr$\subv_q$/foss/designs/cache_study/iotlb/iotlb_t4.sv:47$2_DATA [1] is used but has no driver.
Warning: Wire iotlb_t4.$mem2reg_wr$\subv_q$/foss/designs/cache_study/iotlb/iotlb_t4.sv:47$2_DATA [0] is used but has no driver.
Warning: Wire iotlb_t4.$mem2reg_wr$\subv_q$/foss/designs/cache_study/iotlb/iotlb_t4.sv:47$2_ADDR is used but has no driver.
