Warning: Replacing memory \spa_q with list of registers. See /foss/designs/cache_study/pwc/pwc_p0.sv:32
Warning: Replacing memory \tag_q with list of registers. See /foss/designs/cache_study/pwc/pwc_p0.sv:32
Warning: Replacing memory \v_q with list of registers. See /foss/designs/cache_study/pwc/pwc_p0.sv:31
Warning: Wire pwc_p0.$mem2reg_wr$\spa_q$/foss/designs/cache_study/pwc/pwc_p0.sv:36$3_ADDR is used but has no driver.
Warning: Wire pwc_p0.$mem2reg_wr$\spa_q$/foss/designs/cache_study/pwc/pwc_p0.sv:36$3_DATA [43] is used but has no driver.
Warning: Wire pwc_p0.$mem2reg_wr$\spa_q$/foss/designs/cache_study/pwc/pwc_p0.sv:36$3_DATA [42] is used but has no driver.
Warning: Wire pwc_p0.$mem2reg_wr$\spa_q$/foss/designs/cache_study/pwc/pwc_p0.sv:36$3_DATA [41] is used but has no driver.
Warning: Wire pwc_p0.$mem2reg_wr$\spa_q$/foss/designs/cache_study/pwc/pwc_p0.sv:36$3_DATA [40] is used but has no driver.
Warning: Wire pwc_p0.$mem2reg_wr$\spa_q$/foss/designs/cache_study/pwc/pwc_p0.sv:36$3_DATA [39] is used but has no driver.
Warning: Wire pwc_p0.$mem2reg_wr$\spa_q$/foss/designs/cache_study/pwc/pwc_p0.sv:36$3_DATA [38] is used but has no driver.
Warning: Wire pwc_p0.$mem2reg_wr$\spa_q$/foss/designs/cache_study/pwc/pwc_p0.sv:36$3_DATA [37] is used but has no driver.
Warning: Wire pwc_p0.$mem2reg_wr$\spa_q$/foss/designs/cache_study/pwc/pwc_p0.sv:36$3_DATA [36] is used but has no driver.
Warning: Wire pwc_p0.$mem2reg_wr$\spa_q$/foss/designs/cache_study/pwc/pwc_p0.sv:36$3_DATA [35] is used but has no driver.
Warning: Wire pwc_p0.$mem2reg_wr$\spa_q$/foss/designs/cache_study/pwc/pwc_p0.sv:36$3_DATA [34] is used but has no driver.
Warning: Wire pwc_p0.$mem2reg_wr$\spa_q$/foss/designs/cache_study/pwc/pwc_p0.sv:36$3_DATA [33] is used but has no driver.
Warning: Wire pwc_p0.$mem2reg_wr$\spa_q$/foss/designs/cache_study/pwc/pwc_p0.sv:36$3_DATA [32] is used but has no driver.
Warning: Wire pwc_p0.$mem2reg_wr$\spa_q$/foss/designs/cache_study/pwc/pwc_p0.sv:36$3_DATA [31] is used but has no driver.
Warning: Wire pwc_p0.$mem2reg_wr$\spa_q$/foss/designs/cache_study/pwc/pwc_p0.sv:36$3_DATA [30] is used but has no driver.
Warning: Wire pwc_p0.$mem2reg_wr$\spa_q$/foss/designs/cache_study/pwc/pwc_p0.sv:36$3_DATA [29] is used but has no driver.
Warning: Wire pwc_p0.$mem2reg_wr$\spa_q$/foss/designs/cache_study/pwc/pwc_p0.sv:36$3_DATA [28] is used but has no driver.
Warning: Wire pwc_p0.$mem2reg_wr$\spa_q$/foss/designs/cache_study/pwc/pwc_p0.sv:36$3_DATA [27] is used but has no driver.
Warning: Wire pwc_p0.$mem2reg_wr$\spa_q$/foss/designs/cache_study/pwc/pwc_p0.sv:36$3_DATA [26] is used but has no driver.
Warning: Wire pwc_p0.$mem2reg_wr$\spa_q$/foss/designs/cache_study/pwc/pwc_p0.sv:36$3_DATA [25] is used but has no driver.
Warning: Wire pwc_p0.$mem2reg_wr$\spa_q$/foss/designs/cache_study/pwc/pwc_p0.sv:36$3_DATA [24] is used but has no driver.
Warning: Wire pwc_p0.$mem2reg_wr$\spa_q$/foss/designs/cache_study/pwc/pwc_p0.sv:36$3_DATA [23] is used but has no driver.
Warning: Wire pwc_p0.$mem2reg_wr$\spa_q$/foss/designs/cache_study/pwc/pwc_p0.sv:36$3_DATA [22] is used but has no driver.
Warning: Wire pwc_p0.$mem2reg_wr$\spa_q$/foss/designs/cache_study/pwc/pwc_p0.sv:36$3_DATA [21] is used but has no driver.
Warning: Wire pwc_p0.$mem2reg_wr$\spa_q$/foss/designs/cache_study/pwc/pwc_p0.sv:36$3_DATA [20] is used but has no driver.
Warning: Wire pwc_p0.$mem2reg_wr$\spa_q$/foss/designs/cache_study/pwc/pwc_p0.sv:36$3_DATA [19] is used but has no driver.
Warning: Wire pwc_p0.$mem2reg_wr$\spa_q$/foss/designs/cache_study/pwc/pwc_p0.sv:36$3_DATA [18] is used but has no driver.
Warning: Wire pwc_p0.$mem2reg_wr$\spa_q$/foss/designs/cache_study/pwc/pwc_p0.sv:36$3_DATA [17] is used but has no driver.
Warning: Wire pwc_p0.$mem2reg_wr$\spa_q$/foss/designs/cache_study/pwc/pwc_p0.sv:36$3_DATA [16] is used but has no driver.
Warning: Wire pwc_p0.$mem2reg_wr$\spa_q$/foss/designs/cache_study/pwc/pwc_p0.sv:36$3_DATA [15] is used but has no driver.
Warning: Wire pwc_p0.$mem2reg_wr$\spa_q$/foss/designs/cache_study/pwc/pwc_p0.sv:36$3_DATA [14] is used but has no driver.
Warning: Wire pwc_p0.$mem2reg_wr$\spa_q$/foss/designs/cache_study/pwc/pwc_p0.sv:36$3_DATA [13] is used but has no driver.
Warning: Wire pwc_p0.$mem2reg_wr$\spa_q$/foss/designs/cache_study/pwc/pwc_p0.sv:36$3_DATA [12] is used but has no driver.
Warning: Wire pwc_p0.$mem2reg_wr$\spa_q$/foss/designs/cache_study/pwc/pwc_p0.sv:36$3_DATA [11] is used but has no driver.
Warning: Wire pwc_p0.$mem2reg_wr$\spa_q$/foss/designs/cache_study/pwc/pwc_p0.sv:36$3_DATA [10] is used but has no driver.
Warning: Wire pwc_p0.$mem2reg_wr$\spa_q$/foss/designs/cache_study/pwc/pwc_p0.sv:36$3_DATA [9] is used but has no driver.
Warning: Wire pwc_p0.$mem2reg_wr$\spa_q$/foss/designs/cache_study/pwc/pwc_p0.sv:36$3_DATA [8] is used but has no driver.
Warning: Wire pwc_p0.$mem2reg_wr$\spa_q$/foss/designs/cache_study/pwc/pwc_p0.sv:36$3_DATA [7] is used but has no driver.
Warning: Wire pwc_p0.$mem2reg_wr$\spa_q$/foss/designs/cache_study/pwc/pwc_p0.sv:36$3_DATA [6] is used but has no driver.
Warning: Wire pwc_p0.$mem2reg_wr$\spa_q$/foss/designs/cache_study/pwc/pwc_p0.sv:36$3_DATA [5] is used but has no driver.
Warning: Wire pwc_p0.$mem2reg_wr$\spa_q$/foss/designs/cache_study/pwc/pwc_p0.sv:36$3_DATA [4] is used but has no driver.
Warning: Wire pwc_p0.$mem2reg_wr$\spa_q$/foss/designs/cache_study/pwc/pwc_p0.sv:36$3_DATA [3] is used but has no driver.
Warning: Wire pwc_p0.$mem2reg_wr$\spa_q$/foss/designs/cache_study/pwc/pwc_p0.sv:36$3_DATA [2] is used but has no driver.
Warning: Wire pwc_p0.$mem2reg_wr$\spa_q$/foss/designs/cache_study/pwc/pwc_p0.sv:36$3_DATA [1] is used but has no driver.
Warning: Wire pwc_p0.$mem2reg_wr$\spa_q$/foss/designs/cache_study/pwc/pwc_p0.sv:36$3_DATA [0] is used but has no driver.
Warning: Wire pwc_p0.$mem2reg_wr$\tag_q$/foss/designs/cache_study/pwc/pwc_p0.sv:35$2_ADDR is used but has no driver.
Warning: Wire pwc_p0.$mem2reg_wr$\tag_q$/foss/designs/cache_study/pwc/pwc_p0.sv:35$2_DATA [17] is used but has no driver.
Warning: Wire pwc_p0.$mem2reg_wr$\tag_q$/foss/designs/cache_study/pwc/pwc_p0.sv:35$2_DATA [16] is used but has no driver.
Warning: Wire pwc_p0.$mem2reg_wr$\tag_q$/foss/designs/cache_study/pwc/pwc_p0.sv:35$2_DATA [15] is used but has no driver.
Warning: Wire pwc_p0.$mem2reg_wr$\tag_q$/foss/designs/cache_study/pwc/pwc_p0.sv:35$2_DATA [14] is used but has no driver.
Warning: Wire pwc_p0.$mem2reg_wr$\tag_q$/foss/designs/cache_study/pwc/pwc_p0.sv:35$2_DATA [13] is used but has no driver.
Warning: Wire pwc_p0.$mem2reg_wr$\tag_q$/foss/designs/cache_study/pwc/pwc_p0.sv:35$2_DATA [12] is used but has no driver.
Warning: Wire pwc_p0.$mem2reg_wr$\tag_q$/foss/designs/cache_study/pwc/pwc_p0.sv:35$2_DATA [11] is used but has no driver.
Warning: Wire pwc_p0.$mem2reg_wr$\tag_q$/foss/designs/cache_study/pwc/pwc_p0.sv:35$2_DATA [10] is used but has no driver.
Warning: Wire pwc_p0.$mem2reg_wr$\tag_q$/foss/designs/cache_study/pwc/pwc_p0.sv:35$2_DATA [9] is used but has no driver.
Warning: Wire pwc_p0.$mem2reg_wr$\tag_q$/foss/designs/cache_study/pwc/pwc_p0.sv:35$2_DATA [8] is used but has no driver.
Warning: Wire pwc_p0.$mem2reg_wr$\tag_q$/foss/designs/cache_study/pwc/pwc_p0.sv:35$2_DATA [7] is used but has no driver.
Warning: Wire pwc_p0.$mem2reg_wr$\tag_q$/foss/designs/cache_study/pwc/pwc_p0.sv:35$2_DATA [6] is used but has no driver.
Warning: Wire pwc_p0.$mem2reg_wr$\tag_q$/foss/designs/cache_study/pwc/pwc_p0.sv:35$2_DATA [5] is used but has no driver.
Warning: Wire pwc_p0.$mem2reg_wr$\tag_q$/foss/designs/cache_study/pwc/pwc_p0.sv:35$2_DATA [4] is used but has no driver.
Warning: Wire pwc_p0.$mem2reg_wr$\tag_q$/foss/designs/cache_study/pwc/pwc_p0.sv:35$2_DATA [3] is used but has no driver.
Warning: Wire pwc_p0.$mem2reg_wr$\tag_q$/foss/designs/cache_study/pwc/pwc_p0.sv:35$2_DATA [2] is used but has no driver.
Warning: Wire pwc_p0.$mem2reg_wr$\tag_q$/foss/designs/cache_study/pwc/pwc_p0.sv:35$2_DATA [1] is used but has no driver.
Warning: Wire pwc_p0.$mem2reg_wr$\tag_q$/foss/designs/cache_study/pwc/pwc_p0.sv:35$2_DATA [0] is used but has no driver.
Warning: Wire pwc_p0.$mem2reg_wr$\v_q$/foss/designs/cache_study/pwc/pwc_p0.sv:34$1_ADDR is used but has no driver.
Warning: Wire pwc_p0.$mem2reg_wr$\v_q$/foss/designs/cache_study/pwc/pwc_p0.sv:34$1_DATA is used but has no driver.
