OpenROAD 26Q2-1164-g08f67ee5e 
Features included (+) or not (-): +GPU +GUI +Python
This program is licensed under the BSD-3 license. See the LICENSE file for details.
Components of this program may be licensed under more restrictive licenses which must be honored.
[INFO ODB-0227] LEF file: /foss/pdks/sky130A/libs.ref/sky130_fd_sc_hd/techlef/sky130_fd_sc_hd__nom.tlef, created 14 layers, 25 vias
[WARNING ODB-0220] WARNING (LEFPARS-2008): NOWIREEXTENSIONATPIN statement is obsolete in version 5.6 or later.
The NOWIREEXTENSIONATPIN statement will be ignored. See file /foss/pdks/sky130A/libs.ref/sky130_fd_sc_hd/lef/sky130_fd_sc_hd.lef at line 2.

[INFO ODB-0227] LEF file: /foss/pdks/sky130A/libs.ref/sky130_fd_sc_hd/lef/sky130_fd_sc_hd.lef, created 437 library cells
[WARNING STA-0366] port 'pl_valid' not found.
[WARNING STA-0366] port 'pl_sel' not found.
[WARNING STA-0366] port 'pl_data' not found.
[WARNING STA-0366] port 'req_valid' not found.
[WARNING STA-0366] port 'req_vpn' not found.
[WARNING STA-0366] port 'req_device_id' not found.
[WARNING STA-0366] port 'req_pasid' not found.
[WARNING STA-0366] port 'req_is_write' not found.
[WARNING STA-0366] port 'rsp_ready' not found.
[WARNING STA-0366] port 'arready' not found.
[WARNING STA-0366] port 'rvalid' not found.
[WARNING STA-0366] port 'rdata' not found.
[WARNING STA-0366] port 'rid' not found.
[WARNING STA-0366] port 'rlast' not found.
[WARNING STA-0366] port 'req_ready' not found.
[WARNING STA-0366] port 'rsp_valid' not found.
[WARNING STA-0366] port 'rsp_vpn' not found.
[WARNING STA-0366] port 'rsp_spa' not found.
[WARNING STA-0366] port 'arvalid' not found.
[WARNING STA-0366] port 'araddr' not found.
[WARNING STA-0366] port 'arid' not found.
[WARNING STA-0366] port 'arlen' not found.
[WARNING STA-0366] port 'rready' not found.
[WARNING STA-0366] port 'walks_o' not found.
[WARNING STA-0366] port 'resp_o' not found.
[WARNING STA-0366] port 'outstanding_o' not found.
[INFO IFP-0107] Defining die area using utilization: 40.00% and aspect ratio: 1.
[WARNING IFP-0028] Core area lower left (5.000, 5.000) snapped to (5.060, 5.440).
[INFO IFP-0001] Added 47 rows of 279 site unithd.
[INFO IFP-0100] Die BBox:  (  0.000  0.000 ) ( 138.585 138.585 ) um
[INFO IFP-0101] Core BBox: (  5.060  5.440 ) ( 133.400 133.280 ) um
[INFO IFP-0102] Core area:                        16406.986 um^2
[INFO IFP-0103] Total instances area:              6613.843 um^2
[INFO IFP-0104] Effective utilization:                0.403
[INFO IFP-0105] Number of instances:                    401
Found 0 macro blocks.
Using 2 tracks default min distance between IO pins.
[INFO PPL-0001] Number of available slots 494
[INFO PPL-0002] Number of I/O             128
[INFO PPL-0003] Number of I/O w/sink      128
[INFO PPL-0004] Number of I/O w/o sink    0
[INFO PPL-0005] Slots per section         200
[INFO PPL-0008] Successfully assigned pins to sections.
[INFO PPL-0012] I/O nets HPWL: 12637.70 um.
[INFO GPL-0001] ---- Initialize GPL Main Data Structures
[INFO GPL-0002] DBU: 1000
[INFO GPL-0003] SiteSize: (  0.460  2.720 ) um
[INFO GPL-0004] CoreBBox: (  5.060  5.440 ) ( 133.400 133.280 ) um
[INFO GPL-0036] Movable instances area:       6613.843 um^2
[INFO GPL-0037] Total instances area:         6613.843 um^2
[INFO GPL-0035] Pin density area adjust:       564.341 um^2
[INFO GPL-0032] ---- Initialize Region: Top-level
[INFO GPL-0006] Number of instances:               401
[INFO GPL-0007] Movable instances:                 401
[INFO GPL-0008] Fixed instances:                     0
[INFO GPL-0009] Dummy instances:                     0
[INFO GPL-0010] Number of nets:                    484
[INFO GPL-0011] Number of pins:                   1671
[INFO GPL-0012] Die BBox:  (  0.000  0.000 ) ( 138.585 138.585 ) um
[INFO GPL-0013] Core BBox: (  5.060  5.440 ) ( 133.400 133.280 ) um
[INFO GPL-0016] Core area:                   16406.986 um^2
[INFO GPL-0014] Region name: top-level.
[INFO GPL-0015] Region area:                 16406.986 um^2
[INFO GPL-0017] Fixed instances area:            0.000 um^2
[INFO GPL-0018] Movable instances area:       7178.184 um^2
[INFO GPL-0019] Utilization:                    43.751 %
[INFO GPL-0020] Standard cells area:          7178.184 um^2
[INFO GPL-0021] Large instances area:            0.000 um^2
[INFO GPL-0005] ---- Execute Conjugate Gradient Initial Placement.
[INFO GPL-0051] Source of initial instance position counters:
	Odb location = 0	Core center = 401	Region center = 0
[InitialPlace]  Iter: 1 conjugate gradient residual: 0.00000009 HPWL: 13134560
[InitialPlace]  Iter: 2 conjugate gradient residual: 0.00000012 HPWL: 8576487
[InitialPlace]  Iter: 3 conjugate gradient residual: 0.00000012 HPWL: 8462644
[InitialPlace]  Iter: 4 conjugate gradient residual: 0.00000011 HPWL: 8429371
[InitialPlace]  Iter: 5 conjugate gradient residual: 0.00000012 HPWL: 8399951
[INFO GPL-0033] ---- Initialize Nesterov Region: Top-level
[INFO GPL-0023] Placement target density:       0.5500
[INFO GPL-0024] Movable insts average area:     17.901 um^2
[INFO GPL-0025] Ideal bin area:                 32.547 um^2
[INFO GPL-0026] Ideal bin count:                   504
[INFO GPL-0027] Total bin area:              16406.986 um^2
[INFO GPL-0028] Bin count (X, Y):          16 ,     16
[INFO GPL-0029] Bin size (W * H):       8.021 *  7.990 um
[INFO GPL-0030] Number of bins:                    256
[INFO GPL-0084] ---- Execute Nesterov Global Placement.
[INFO GPL-0031] HPWL: Half-Perimeter Wirelength
Iteration | Overflow |     HPWL (um) |  HPWL(%) |   Penalty | Group
---------------------------------------------------------------
        0 |   0.8963 |  5.640179e+03 |   +0.00% |  9.93e-15 |      
       10 |   0.8889 |  5.710323e+03 |   +1.24% |  1.62e-14 |      
       20 |   0.8873 |  5.717358e+03 |   +0.12% |  2.63e-14 |      
       30 |   0.8888 |  5.707290e+03 |   -0.18% |  4.29e-14 |      
       40 |   0.8880 |  5.711758e+03 |   +0.08% |  6.99e-14 |      
       50 |   0.8882 |  5.710297e+03 |   -0.03% |  1.14e-13 |      
       60 |   0.8882 |  5.710550e+03 |   +0.00% |  1.85e-13 |      
       70 |   0.8881 |  5.711292e+03 |   +0.01% |  3.02e-13 |      
       80 |   0.8881 |  5.711559e+03 |   +0.00% |  4.92e-13 |      
       90 |   0.8879 |  5.713050e+03 |   +0.03% |  8.02e-13 |      
      100 |   0.8877 |  5.715069e+03 |   +0.04% |  1.31e-12 |      
      110 |   0.8874 |  5.718584e+03 |   +0.06% |  2.13e-12 |      
      120 |   0.8869 |  5.724202e+03 |   +0.10% |  3.46e-12 |      
      130 |   0.8864 |  5.736879e+03 |   +0.22% |  5.64e-12 |      
      140 |   0.8859 |  5.757531e+03 |   +0.36% |  9.19e-12 |      
      150 |   0.8851 |  5.798489e+03 |   +0.71% |  1.50e-11 |      
      160 |   0.8825 |  5.864001e+03 |   +1.13% |  2.44e-11 |      
      170 |   0.8762 |  5.988310e+03 |   +2.12% |  3.97e-11 |      
      180 |   0.8688 |  6.180626e+03 |   +3.21% |  6.47e-11 |      
      190 |   0.8638 |  6.440419e+03 |   +4.20% |  1.05e-10 |      
      200 |   0.8191 |  6.892055e+03 |   +7.01% |  1.72e-10 |      
      210 |   0.7750 |  7.210865e+03 |   +4.63% |  2.80e-10 |      
      220 |   0.7371 |  7.810370e+03 |   +8.31% |  4.55e-10 |      
      230 |   0.6962 |  8.282553e+03 |   +6.05% |  7.42e-10 |      
      240 |   0.6477 |  8.876133e+03 |   +7.17% |  1.21e-09 |      
      250 |   0.5925 |  9.432600e+03 |   +6.27% |  1.97e-09 |      
      260 |   0.5353 |  9.960100e+03 |   +5.59% |  3.21e-09 |      
      270 |   0.4715 |  1.045771e+04 |   +5.00% |  5.22e-09 |      
      280 |   0.3977 |  1.090933e+04 |   +4.32% |  8.50e-09 |      
      290 |   0.3405 |  1.132673e+04 |   +3.83% |  1.39e-08 |      
      300 |   0.2847 |  1.140561e+04 |   +0.70% |  2.04e-08 |      
      310 |   0.2454 |  1.152463e+04 |   +1.04% |  3.01e-08 |      
      320 |   0.2161 |  1.170198e+04 |   +1.54% |  4.43e-08 |      
      330 |   0.1977 |  1.175323e+04 |   +0.44% |  6.52e-08 |      
      340 |   0.1637 |  1.178994e+04 |   +0.31% |  9.61e-08 |      
      350 |   0.1397 |  1.179196e+04 |   +0.02% |  1.42e-07 |      
      360 |   0.1083 |  1.180815e+04 |   +0.14% |  2.09e-07 |      
      364 |   0.0998 |  1.180271e+04 |          |  2.53e-07 |      
---------------------------------------------------------------
[INFO GPL-1001] Global placement finished at iteration 364
[INFO GPL-1002] Placed Cell Area             7178.1844
[INFO GPL-1003] Available Free Area         16406.9856
[INFO GPL-1004] Minimum Feasible Density        0.4400 (cell_area / free_area)
[INFO GPL-1006]   Suggested Target Densities:
[INFO GPL-1007]     - For 90% usage of free space: 0.4861
[INFO GPL-1008]     - For 80% usage of free space: 0.5469
[INFO GPL-1009]     - For 50% usage of free space: 0.8750
[INFO GPL-1014] Final placement area: 7178.18 (+0.00%)
##PRE
worst slack max -2.61
##PREPATH
Startpoint: rst_n (input port clocked by clk)
Endpoint: _397_ (recovery check against rising-edge clock clk)
Path Group: asynchronous
Path Type: max

Fanout      Slew     Delay      Time   Description
----------------------------------------------------------------------------
          0.0000    0.0000    0.0000   clock clk (rise edge)
                    0.0000    0.0000   clock network delay (ideal)
                    0.3000    0.3000 ^ input external delay
   124    2.5105    1.7359    2.0359 ^ rst_n (in)
          2.5105    0.0000    2.0359 ^ _397_/RESET_B (sky130_fd_sc_hd__dfrtp_1)
                              2.0359   data arrival time

          0.0000    1.0000    1.0000   clock clk (rise edge)
                    0.0000    1.0000   clock network delay (ideal)
                    0.0000    1.0000   clock reconvergence pessimism
                              1.0000 ^ _397_/CLK (sky130_fd_sc_hd__dfrtp_1)
                   -0.4467    0.5533   library recovery time
                              0.5533   data required time
----------------------------------------------------------------------------
                              0.5533   data required time
                             -2.0359   data arrival time
----------------------------------------------------------------------------
                             -1.4826   slack (VIOLATED)


Startpoint: _507_ (rising edge-triggered flip-flop clocked by clk)
Endpoint: _525_ (rising edge-triggered flip-flop clocked by clk)
Path Group: clk
Path Type: max

Fanout      Slew     Delay      Time   Description
----------------------------------------------------------------------------
          0.0000    0.0000    0.0000   clock clk (rise edge)
                    0.0000    0.0000   clock network delay (ideal)
          0.0000    0.0000    0.0000 ^ _507_/CLK (sky130_fd_sc_hd__dfxtp_1)
    62    2.8932    2.2928    2.2928 ^ _507_/Q (sky130_fd_sc_hd__dfxtp_1)
     2    0.4738    0.4953    2.7881 v _363_/Y (sky130_fd_sc_hd__mux2i_1)
     1    0.0436    0.3235    3.1115 v _365_/X (sky130_fd_sc_hd__a22o_1)
     1    0.1252    0.1155    3.2270 ^ _366_/Y (sky130_fd_sc_hd__nor2_1)
     1    0.0868    0.1011    3.3281 v _370_/Y (sky130_fd_sc_hd__nand4_1)
     1    0.2118    0.1872    3.5153 ^ _371_/Y (sky130_fd_sc_hd__nor3_1)
          0.2118    0.0000    3.5153 ^ _525_/D (sky130_fd_sc_hd__dfxtp_1)
                              3.5153   data arrival time

          0.0000    1.0000    1.0000   clock clk (rise edge)
                    0.0000    1.0000   clock network delay (ideal)
                    0.0000    1.0000   clock reconvergence pessimism
                              1.0000 ^ _525_/CLK (sky130_fd_sc_hd__dfxtp_1)
                   -0.0993    0.9007   library setup time
                              0.9007   data required time
----------------------------------------------------------------------------
                              0.9007   data required time
                             -3.5153   data arrival time
----------------------------------------------------------------------------
                             -2.6147   slack (VIOLATED)


Iteration |   Area    | Resized | Buffers | Nets repaired | Remaining
---------------------------------------------------------------------
        0 |     +0.0% |       0 |       0 |             0 |       484
    final |     +7.5% |       3 |      51 |             4 |         0
---------------------------------------------------------------------
[INFO RSZ-0034] Found 4 slew violations.
[INFO RSZ-0035] Found 4 fanout violations.
[INFO RSZ-0039] Resized 3 instances.
[INFO RSZ-0038] Inserted 51 buffers in 4 nets.
[INFO RSZ-0100] Repair move sequence: UnbufferMove SizeUpMove SwapPinsMove BufferMove CloneMove SplitLoadMove 
[INFO RSZ-0094] Found 166 endpoints with setup violations.
[INFO RSZ-0099] Repairing 166 out of 166 (100.00%) violating endpoints...
   Iter   | Removed | Resized | Inserted | Cloned |  Pin  |   Area   |    WNS   |   StTNS    |   EnTNS    |  Viol  |  Worst  
          | Buffers |  Gates  | Buffers  |  Gates | Swaps |          |          |            |            | Endpts | St/EnPt 
------------------------------------------------------------------------------------------------------------------------------
       0* |       0 |       0 |        0 |      0 |     0 |    +0.0% |   -2.075 |      -10.6 |     -162.1 |    166 | _560_/D
     445* |       0 |     127 |        9 |      0 |     2 |    +3.0% |   -0.608 |       -6.4 |       -7.7 |    166 | _525_/D
    final |       0 |     130 |        9 |      0 |     2 |    +3.1% |   -0.608 |       -6.4 |       -7.7 |     43 | _525_/D
------------------------------------------------------------------------------------------------------------------------------
[INFO RSZ-0040] Inserted 9 buffers.
[INFO RSZ-0051] Resized 130 instances: 130 up, 0 up match, 0 down, 0 VT
[INFO RSZ-0043] Swapped pins on 2 instances.
[WARNING RSZ-0062] Unable to repair all setup violations.
[INFO DPL-0006] Core area: 16406.99 um^2, Instances area: 7329.53 um^2, Utilization: 44.7%
[INFO DPL-0005] Diamond search max displacement: +/- 500 sites horizontally, +/- 100 rows vertically.
[INFO DPL-1101] Legalizing using diamond search.
Movements Summary
---------------------------------------
Total cells:                     461
Diamond Move Success:            461 (100.00%)
Diamond Move Failure:              0
Rip-up and replace Success:        0 (  0.00% of diamond failures)
Rip-up and replace Failure:        0
Total Placement Failures:          0
---------------------------------------
Placement Analysis
---------------------------------
total displacement       1650.3 u
average displacement        3.6 u
max displacement           10.0 u
original HPWL           14870.6 u
legalized HPWL          16896.6 u
delta HPWL                   14 %

##POST
worst slack max -0.62
tns max -7.88
Design area 7330 um^2 45% utilization.
Group                    Internal    Switching      Leakage        Total
                            Power        Power        Power        Power (Watts)
------------------------------------------------------------------------
Sequential           8.067660e-03 1.548662e-04 1.976517e-09 8.222528e-03  89.7%
Combinational        5.408396e-04 4.066074e-04 1.250113e-09 9.474483e-04  10.3%
Clock                0.000000e+00 0.000000e+00 0.000000e+00 0.000000e+00   0.0%
Macro                0.000000e+00 0.000000e+00 0.000000e+00 0.000000e+00   0.0%
Pad                  0.000000e+00 0.000000e+00 0.000000e+00 0.000000e+00   0.0%
------------------------------------------------------------------------
Total                8.608500e-03 5.614734e-04 3.226627e-09 9.169976e-03 100.0%
                            93.9%         6.1%         0.0%
##PATH
Startpoint: rst_n (input port clocked by clk)
Endpoint: _388_ (recovery check against rising-edge clock clk)
Path Group: asynchronous
Path Type: max

Fanout       Cap      Slew     Delay      Time   Description
-------------------------------------------------------------------------------------
                    0.0000    0.0000    0.0000   clock clk (rise edge)
                              0.0000    0.0000   clock network delay (ideal)
                              0.3000    0.3000 ^ input external delay
     3    0.0146    0.0786    0.0559    0.3559 ^ rst_n (in)
     4    0.0164    0.1729    0.5741    0.9300 ^ fanout40/X (sky130_fd_sc_hd__clkdlybuf4s50_1)
     8    0.0358    0.1801    0.2457    1.1757 ^ fanout36/X (sky130_fd_sc_hd__buf_2)
                    0.1801    0.0001    1.1757 ^ _388_/RESET_B (sky130_fd_sc_hd__dfrtp_1)
                                        1.1757   data arrival time

                    0.0000    1.0000    1.0000   clock clk (rise edge)
                              0.0000    1.0000   clock network delay (ideal)
                              0.0000    1.0000   clock reconvergence pessimism
                                        1.0000 ^ _388_/CLK (sky130_fd_sc_hd__dfrtp_1)
                              0.1813    1.1813   library recovery time
                                        1.1813   data required time
-------------------------------------------------------------------------------------
                                        1.1813   data required time
                                       -1.1757   data arrival time
-------------------------------------------------------------------------------------
                                        0.0056   slack (MET)


Startpoint: rst_n (input port clocked by clk)
Endpoint: _389_ (recovery check against rising-edge clock clk)
Path Group: asynchronous
Path Type: max

Fanout       Cap      Slew     Delay      Time   Description
-------------------------------------------------------------------------------------
                    0.0000    0.0000    0.0000   clock clk (rise edge)
                              0.0000    0.0000   clock network delay (ideal)
                              0.3000    0.3000 ^ input external delay
     3    0.0146    0.0786    0.0559    0.3559 ^ rst_n (in)
     4    0.0164    0.1729    0.5741    0.9300 ^ fanout40/X (sky130_fd_sc_hd__clkdlybuf4s50_1)
     8    0.0358    0.1801    0.2457    1.1757 ^ fanout36/X (sky130_fd_sc_hd__buf_2)
                    0.1801    0.0000    1.1757 ^ _389_/RESET_B (sky130_fd_sc_hd__dfrtp_1)
                                        1.1757   data arrival time

                    0.0000    1.0000    1.0000   clock clk (rise edge)
                              0.0000    1.0000   clock network delay (ideal)
                              0.0000    1.0000   clock reconvergence pessimism
                                        1.0000 ^ _389_/CLK (sky130_fd_sc_hd__dfrtp_1)
                              0.1813    1.1813   library recovery time
                                        1.1813   data required time
-------------------------------------------------------------------------------------
                                        1.1813   data required time
                                       -1.1757   data arrival time
-------------------------------------------------------------------------------------
                                        0.0056   slack (MET)


Startpoint: _507_ (rising edge-triggered flip-flop clocked by clk)
Endpoint: _525_ (rising edge-triggered flip-flop clocked by clk)
Path Group: clk
Path Type: max

Fanout       Cap      Slew     Delay      Time   Description
-------------------------------------------------------------------------------------
                    0.0000    0.0000    0.0000   clock clk (rise edge)
                              0.0000    0.0000   clock network delay (ideal)
                    0.0000    0.0000    0.0000 ^ _507_/CLK (sky130_fd_sc_hd__dfxtp_2)
     2    0.0118    0.0695    0.3225    0.3225 ^ _507_/Q (sky130_fd_sc_hd__dfxtp_2)
     3    0.0179    0.0472    0.1111    0.4336 ^ fanout10/X (sky130_fd_sc_hd__buf_6)
     2    0.0149    0.0531    0.1196    0.5532 ^ rebuffer52/X (sky130_fd_sc_hd__buf_4)
     2    0.0109    0.2783    0.2906    0.8438 ^ _354_/Y (sky130_fd_sc_hd__mux2i_1)
     1    0.0028    0.0862    0.1308    0.9746 v _355_/Y (sky130_fd_sc_hd__o22ai_1)
     1    0.0033    0.1980    0.2277    1.2023 ^ _358_/Y (sky130_fd_sc_hd__a211oi_1)
     1    0.0047    0.1064    0.1247    1.3270 v _370_/Y (sky130_fd_sc_hd__nand4_1)
     1    0.0054    0.1543    0.2111    1.5380 ^ _371_/Y (sky130_fd_sc_hd__nor3_2)
                    0.1543    0.0000    1.5381 ^ _525_/D (sky130_fd_sc_hd__dfxtp_1)
                                        1.5381   data arrival time

                    0.0000    1.0000    1.0000   clock clk (rise edge)
                              0.0000    1.0000   clock network delay (ideal)
                              0.0000    1.0000   clock reconvergence pessimism
                                        1.0000 ^ _525_/CLK (sky130_fd_sc_hd__dfxtp_1)
                             -0.0859    0.9141   library setup time
                                        0.9141   data required time
-------------------------------------------------------------------------------------
                                        0.9141   data required time
                                       -1.5381   data arrival time
-------------------------------------------------------------------------------------
                                       -0.6240   slack (VIOLATED)


Startpoint: _507_ (rising edge-triggered flip-flop clocked by clk)
Endpoint: _569_ (rising edge-triggered flip-flop clocked by clk)
Path Group: clk
Path Type: max

Fanout       Cap      Slew     Delay      Time   Description
-------------------------------------------------------------------------------------
                    0.0000    0.0000    0.0000   clock clk (rise edge)
                              0.0000    0.0000   clock network delay (ideal)
                    0.0000    0.0000    0.0000 ^ _507_/CLK (sky130_fd_sc_hd__dfxtp_2)
     2    0.0111    0.0413    0.3081    0.3081 v _507_/Q (sky130_fd_sc_hd__dfxtp_2)
     3    0.0167    0.0309    0.1210    0.4291 v fanout10/X (sky130_fd_sc_hd__buf_6)
     6    0.0320    0.0382    0.1264    0.5555 v fanout9/X (sky130_fd_sc_hd__buf_8)
     7    0.0512    0.0424    0.1403    0.6959 v fanout8/X (sky130_fd_sc_hd__buf_12)
     2    0.0118    0.0344    0.1397    0.8356 v rebuffer54/X (sky130_fd_sc_hd__buf_4)
     1    0.0104    0.0599    0.3067    1.1423 v _327_/X (sky130_fd_sc_hd__mux2_4)
                    0.0599    0.0001    1.1424 v _569_/D (sky130_fd_sc_hd__dfxtp_1)
                                        1.1424   data arrival time

                    0.0000    1.0000    1.0000   clock clk (rise edge)
                              0.0000    1.0000   clock network delay (ideal)
                              0.0000    1.0000   clock reconvergence pessimism
                                        1.0000 ^ _569_/CLK (sky130_fd_sc_hd__dfxtp_1)
                             -0.1276    0.8724   library setup time
                                        0.8724   data required time
-------------------------------------------------------------------------------------
                                        0.8724   data required time
                                       -1.1424   data arrival time
-------------------------------------------------------------------------------------
                                       -0.2700   slack (VIOLATED)


