Warning: Replacing memory \spa_q with list of registers. See /foss/designs/cache_study/pwc/pwc_p3.sv:28
Warning: Replacing memory \tag_q with list of registers. See /foss/designs/cache_study/pwc/pwc_p3.sv:28
Warning: Replacing memory \v_q with list of registers. See /foss/designs/cache_study/pwc/pwc_p3.sv:28
Warning: Wire pwc_p3.$mem2reg_wr$\v_q$/foss/designs/cache_study/pwc/pwc_p3.sv:31$9_ADDR is used but has no driver.
Warning: Wire pwc_p3.$mem2reg_wr$\v_q$/foss/designs/cache_study/pwc/pwc_p3.sv:31$9_DATA is used but has no driver.
Warning: Wire pwc_p3.$mem2reg_wr$\spa_q$/foss/designs/cache_study/pwc/pwc_p3.sv:31$8_ADDR is used but has no driver.
Warning: Wire pwc_p3.$mem2reg_wr$\spa_q$/foss/designs/cache_study/pwc/pwc_p3.sv:31$8_DATA [43] is used but has no driver.
Warning: Wire pwc_p3.$mem2reg_wr$\spa_q$/foss/designs/cache_study/pwc/pwc_p3.sv:31$8_DATA [42] is used but has no driver.
Warning: Wire pwc_p3.$mem2reg_wr$\spa_q$/foss/designs/cache_study/pwc/pwc_p3.sv:31$8_DATA [41] is used but has no driver.
Warning: Wire pwc_p3.$mem2reg_wr$\spa_q$/foss/designs/cache_study/pwc/pwc_p3.sv:31$8_DATA [40] is used but has no driver.
Warning: Wire pwc_p3.$mem2reg_wr$\spa_q$/foss/designs/cache_study/pwc/pwc_p3.sv:31$8_DATA [39] is used but has no driver.
Warning: Wire pwc_p3.$mem2reg_wr$\spa_q$/foss/designs/cache_study/pwc/pwc_p3.sv:31$8_DATA [38] is used but has no driver.
Warning: Wire pwc_p3.$mem2reg_wr$\spa_q$/foss/designs/cache_study/pwc/pwc_p3.sv:31$8_DATA [37] is used but has no driver.
Warning: Wire pwc_p3.$mem2reg_wr$\spa_q$/foss/designs/cache_study/pwc/pwc_p3.sv:31$8_DATA [36] is used but has no driver.
Warning: Wire pwc_p3.$mem2reg_wr$\spa_q$/foss/designs/cache_study/pwc/pwc_p3.sv:31$8_DATA [35] is used but has no driver.
Warning: Wire pwc_p3.$mem2reg_wr$\spa_q$/foss/designs/cache_study/pwc/pwc_p3.sv:31$8_DATA [34] is used but has no driver.
Warning: Wire pwc_p3.$mem2reg_wr$\spa_q$/foss/designs/cache_study/pwc/pwc_p3.sv:31$8_DATA [33] is used but has no driver.
Warning: Wire pwc_p3.$mem2reg_wr$\spa_q$/foss/designs/cache_study/pwc/pwc_p3.sv:31$8_DATA [32] is used but has no driver.
Warning: Wire pwc_p3.$mem2reg_wr$\spa_q$/foss/designs/cache_study/pwc/pwc_p3.sv:31$8_DATA [31] is used but has no driver.
Warning: Wire pwc_p3.$mem2reg_wr$\spa_q$/foss/designs/cache_study/pwc/pwc_p3.sv:31$8_DATA [30] is used but has no driver.
Warning: Wire pwc_p3.$mem2reg_wr$\spa_q$/foss/designs/cache_study/pwc/pwc_p3.sv:31$8_DATA [29] is used but has no driver.
Warning: Wire pwc_p3.$mem2reg_wr$\spa_q$/foss/designs/cache_study/pwc/pwc_p3.sv:31$8_DATA [28] is used but has no driver.
Warning: Wire pwc_p3.$mem2reg_wr$\spa_q$/foss/designs/cache_study/pwc/pwc_p3.sv:31$8_DATA [27] is used but has no driver.
Warning: Wire pwc_p3.$mem2reg_wr$\spa_q$/foss/designs/cache_study/pwc/pwc_p3.sv:31$8_DATA [26] is used but has no driver.
Warning: Wire pwc_p3.$mem2reg_wr$\spa_q$/foss/designs/cache_study/pwc/pwc_p3.sv:31$8_DATA [25] is used but has no driver.
Warning: Wire pwc_p3.$mem2reg_wr$\spa_q$/foss/designs/cache_study/pwc/pwc_p3.sv:31$8_DATA [24] is used but has no driver.
Warning: Wire pwc_p3.$mem2reg_wr$\spa_q$/foss/designs/cache_study/pwc/pwc_p3.sv:31$8_DATA [23] is used but has no driver.
Warning: Wire pwc_p3.$mem2reg_wr$\spa_q$/foss/designs/cache_study/pwc/pwc_p3.sv:31$8_DATA [22] is used but has no driver.
Warning: Wire pwc_p3.$mem2reg_wr$\spa_q$/foss/designs/cache_study/pwc/pwc_p3.sv:31$8_DATA [21] is used but has no driver.
Warning: Wire pwc_p3.$mem2reg_wr$\spa_q$/foss/designs/cache_study/pwc/pwc_p3.sv:31$8_DATA [20] is used but has no driver.
Warning: Wire pwc_p3.$mem2reg_wr$\spa_q$/foss/designs/cache_study/pwc/pwc_p3.sv:31$8_DATA [19] is used but has no driver.
Warning: Wire pwc_p3.$mem2reg_wr$\spa_q$/foss/designs/cache_study/pwc/pwc_p3.sv:31$8_DATA [18] is used but has no driver.
Warning: Wire pwc_p3.$mem2reg_wr$\spa_q$/foss/designs/cache_study/pwc/pwc_p3.sv:31$8_DATA [17] is used but has no driver.
Warning: Wire pwc_p3.$mem2reg_wr$\spa_q$/foss/designs/cache_study/pwc/pwc_p3.sv:31$8_DATA [16] is used but has no driver.
Warning: Wire pwc_p3.$mem2reg_wr$\spa_q$/foss/designs/cache_study/pwc/pwc_p3.sv:31$8_DATA [15] is used but has no driver.
Warning: Wire pwc_p3.$mem2reg_wr$\spa_q$/foss/designs/cache_study/pwc/pwc_p3.sv:31$8_DATA [14] is used but has no driver.
Warning: Wire pwc_p3.$mem2reg_wr$\spa_q$/foss/designs/cache_study/pwc/pwc_p3.sv:31$8_DATA [13] is used but has no driver.
Warning: Wire pwc_p3.$mem2reg_wr$\spa_q$/foss/designs/cache_study/pwc/pwc_p3.sv:31$8_DATA [12] is used but has no driver.
Warning: Wire pwc_p3.$mem2reg_wr$\spa_q$/foss/designs/cache_study/pwc/pwc_p3.sv:31$8_DATA [11] is used but has no driver.
Warning: Wire pwc_p3.$mem2reg_wr$\spa_q$/foss/designs/cache_study/pwc/pwc_p3.sv:31$8_DATA [10] is used but has no driver.
Warning: Wire pwc_p3.$mem2reg_wr$\spa_q$/foss/designs/cache_study/pwc/pwc_p3.sv:31$8_DATA [9] is used but has no driver.
Warning: Wire pwc_p3.$mem2reg_wr$\spa_q$/foss/designs/cache_study/pwc/pwc_p3.sv:31$8_DATA [8] is used but has no driver.
Warning: Wire pwc_p3.$mem2reg_wr$\spa_q$/foss/designs/cache_study/pwc/pwc_p3.sv:31$8_DATA [7] is used but has no driver.
Warning: Wire pwc_p3.$mem2reg_wr$\spa_q$/foss/designs/cache_study/pwc/pwc_p3.sv:31$8_DATA [6] is used but has no driver.
Warning: Wire pwc_p3.$mem2reg_wr$\spa_q$/foss/designs/cache_study/pwc/pwc_p3.sv:31$8_DATA [5] is used but has no driver.
Warning: Wire pwc_p3.$mem2reg_wr$\spa_q$/foss/designs/cache_study/pwc/pwc_p3.sv:31$8_DATA [4] is used but has no driver.
Warning: Wire pwc_p3.$mem2reg_wr$\spa_q$/foss/designs/cache_study/pwc/pwc_p3.sv:31$8_DATA [3] is used but has no driver.
Warning: Wire pwc_p3.$mem2reg_wr$\spa_q$/foss/designs/cache_study/pwc/pwc_p3.sv:31$8_DATA [2] is used but has no driver.
Warning: Wire pwc_p3.$mem2reg_wr$\spa_q$/foss/designs/cache_study/pwc/pwc_p3.sv:31$8_DATA [1] is used but has no driver.
Warning: Wire pwc_p3.$mem2reg_wr$\spa_q$/foss/designs/cache_study/pwc/pwc_p3.sv:31$8_DATA [0] is used but has no driver.
Warning: Wire pwc_p3.$mem2reg_wr$\tag_q$/foss/designs/cache_study/pwc/pwc_p3.sv:31$7_ADDR is used but has no driver.
Warning: Wire pwc_p3.$mem2reg_wr$\tag_q$/foss/designs/cache_study/pwc/pwc_p3.sv:31$7_DATA [17] is used but has no driver.
Warning: Wire pwc_p3.$mem2reg_wr$\tag_q$/foss/designs/cache_study/pwc/pwc_p3.sv:31$7_DATA [16] is used but has no driver.
Warning: Wire pwc_p3.$mem2reg_wr$\tag_q$/foss/designs/cache_study/pwc/pwc_p3.sv:31$7_DATA [15] is used but has no driver.
Warning: Wire pwc_p3.$mem2reg_wr$\tag_q$/foss/designs/cache_study/pwc/pwc_p3.sv:31$7_DATA [14] is used but has no driver.
Warning: Wire pwc_p3.$mem2reg_wr$\tag_q$/foss/designs/cache_study/pwc/pwc_p3.sv:31$7_DATA [13] is used but has no driver.
Warning: Wire pwc_p3.$mem2reg_wr$\tag_q$/foss/designs/cache_study/pwc/pwc_p3.sv:31$7_DATA [12] is used but has no driver.
Warning: Wire pwc_p3.$mem2reg_wr$\tag_q$/foss/designs/cache_study/pwc/pwc_p3.sv:31$7_DATA [11] is used but has no driver.
Warning: Wire pwc_p3.$mem2reg_wr$\tag_q$/foss/designs/cache_study/pwc/pwc_p3.sv:31$7_DATA [10] is used but has no driver.
Warning: Wire pwc_p3.$mem2reg_wr$\tag_q$/foss/designs/cache_study/pwc/pwc_p3.sv:31$7_DATA [9] is used but has no driver.
Warning: Wire pwc_p3.$mem2reg_wr$\tag_q$/foss/designs/cache_study/pwc/pwc_p3.sv:31$7_DATA [8] is used but has no driver.
Warning: Wire pwc_p3.$mem2reg_wr$\tag_q$/foss/designs/cache_study/pwc/pwc_p3.sv:31$7_DATA [7] is used but has no driver.
Warning: Wire pwc_p3.$mem2reg_wr$\tag_q$/foss/designs/cache_study/pwc/pwc_p3.sv:31$7_DATA [6] is used but has no driver.
Warning: Wire pwc_p3.$mem2reg_wr$\tag_q$/foss/designs/cache_study/pwc/pwc_p3.sv:31$7_DATA [5] is used but has no driver.
Warning: Wire pwc_p3.$mem2reg_wr$\tag_q$/foss/designs/cache_study/pwc/pwc_p3.sv:31$7_DATA [4] is used but has no driver.
Warning: Wire pwc_p3.$mem2reg_wr$\tag_q$/foss/designs/cache_study/pwc/pwc_p3.sv:31$7_DATA [3] is used but has no driver.
Warning: Wire pwc_p3.$mem2reg_wr$\tag_q$/foss/designs/cache_study/pwc/pwc_p3.sv:31$7_DATA [2] is used but has no driver.
Warning: Wire pwc_p3.$mem2reg_wr$\tag_q$/foss/designs/cache_study/pwc/pwc_p3.sv:31$7_DATA [1] is used but has no driver.
Warning: Wire pwc_p3.$mem2reg_wr$\tag_q$/foss/designs/cache_study/pwc/pwc_p3.sv:31$7_DATA [0] is used but has no driver.
