OpenSTA 3.1.0 76c4d6df35 Copyright (c) 2026, Parallax Software, Inc.
License GPLv3: GNU GPL version 3 <http://gnu.org/licenses/gpl.html>

This is free software, and you are free to change and redistribute it
under certain conditions; type `show_copying' for details. 
This program comes with ABSOLUTELY NO WARRANTY; for details type `show_warranty'.
=== WNS ===
worst slack max -3.20
=== PATH ===
Warning 503: pwc_p3.sta line 1, report_checks -group_count is deprecated. Use -group_path_count instead.
Startpoint: _576_ (rising edge-triggered flip-flop clocked by clk)
Endpoint: _641_ (rising edge-triggered flip-flop clocked by clk)
Path Group: clk
Path Type: max

      Cap      Slew     Delay      Time   Description
-------------------------------------------------------------------------------
             0.0000    0.0000    0.0000   clock clk (rise edge)
                       0.0000    0.0000   clock network delay (ideal)
             0.0000    0.0000    0.0000 ^ _576_/CLK (sky130_fd_sc_hd__dfrtp_1)
   0.1975    1.6811    1.4640    1.4640 ^ _576_/Q (sky130_fd_sc_hd__dfrtp_1)
   0.0048    0.2284    0.3194    1.7834 ^ _263_/Y (sky130_fd_sc_hd__mux2i_1)
   0.0021    0.2073    0.1495    1.9329 v _266_/Y (sky130_fd_sc_hd__o221ai_1)
   0.0016    0.1942    0.2345    2.1674 ^ _267_/Y (sky130_fd_sc_hd__a221oi_1)
   0.0024    0.0488    0.1745    2.3419 ^ _268_/X (sky130_fd_sc_hd__and3_1)
   0.0064    0.1364    0.1205    2.4624 v _269_/Y (sky130_fd_sc_hd__nand4_1)
   0.1549    2.9150    2.2133    4.6756 ^ _270_/X (sky130_fd_sc_hd__xor2_1)
   0.0017    0.0589    0.3976    5.0733 v _313_/X (sky130_fd_sc_hd__mux2_1)
             0.0589    0.0000    5.0733 v _641_/D (sky130_fd_sc_hd__dfxtp_1)
                                 5.0733   data arrival time

             0.0000    2.0000    2.0000   clock clk (rise edge)
                       0.0000    2.0000   clock network delay (ideal)
                       0.0000    2.0000   clock reconvergence pessimism
                                 2.0000 ^ _641_/CLK (sky130_fd_sc_hd__dfxtp_1)
                      -0.1272    1.8728   library setup time
                                 1.8728   data required time
-------------------------------------------------------------------------------
                                 1.8728   data required time
                                -5.0733   data arrival time
-------------------------------------------------------------------------------
                                -3.2004   slack (VIOLATED)


