Startpoint: _66022_ (rising edge-triggered flip-flop clocked by clk)
Endpoint: _60341_ (rising edge-triggered flip-flop clocked by clk)
Path Group: clk
Path Type: min

      Cap      Slew     Delay      Time   Description
-------------------------------------------------------------------------------
                       0.0000    0.0000   clock clk (rise edge)
                       1.0595    1.0595   clock network delay (propagated)
             0.0650    0.0000    1.0595 ^ _66022_/CLK (sky130_fd_sc_hs__edfxtp_1)
   0.0036    0.0366    0.1782    1.2377 ^ _66022_/Q (sky130_fd_sc_hs__edfxtp_1)
   0.0043    0.0333    0.0393    1.2771 v _35512_/Y (sky130_fd_sc_hs__nand2_1)
   0.0031    0.0325    0.0384    1.3154 ^ _35530_/Y (sky130_fd_sc_hs__nand2_1)
             0.0325    0.0001    1.3155 ^ _60341_/D (sky130_fd_sc_hs__dfrtp_1)
                                 1.3155   data arrival time

                       0.0000    0.0000   clock clk (rise edge)
                       1.0595    1.0595   clock network delay (propagated)
                       0.0000    1.0595   clock reconvergence pessimism
                                 1.0595 ^ _60341_/CLK (sky130_fd_sc_hs__dfrtp_1)
                      -0.0183    1.0413   library hold time
                                 1.0413   data required time
-------------------------------------------------------------------------------
                                 1.0413   data required time
                                -1.3155   data arrival time
-------------------------------------------------------------------------------
                                 0.2742   slack (MET)


Startpoint: _66016_ (rising edge-triggered flip-flop clocked by clk)
Endpoint: _60335_ (rising edge-triggered flip-flop clocked by clk)
Path Group: clk
Path Type: min

      Cap      Slew     Delay      Time   Description
-------------------------------------------------------------------------------
                       0.0000    0.0000   clock clk (rise edge)
                       1.0834    1.0834   clock network delay (propagated)
             0.0582    0.0000    1.0834 ^ _66016_/CLK (sky130_fd_sc_hs__edfxtp_1)
   0.0038    0.0375    0.1771    1.2605 ^ _66016_/Q (sky130_fd_sc_hs__edfxtp_1)
   0.0041    0.0252    0.0349    1.2955 v _35611_/Y (sky130_fd_sc_hs__nor2_1)
   0.0026    0.0483    0.0470    1.3425 ^ _35626_/Y (sky130_fd_sc_hs__a21oi_1)
             0.0483    0.0001    1.3426 ^ _60335_/D (sky130_fd_sc_hs__dfrtp_1)
                                 1.3426   data arrival time

                       0.0000    0.0000   clock clk (rise edge)
                       1.0861    1.0861   clock network delay (propagated)
                       0.0000    1.0861   clock reconvergence pessimism
                                 1.0861 ^ _60335_/CLK (sky130_fd_sc_hs__dfrtp_1)
                      -0.0257    1.0604   library hold time
                                 1.0604   data required time
-------------------------------------------------------------------------------
                                 1.0604   data required time
                                -1.3426   data arrival time
-------------------------------------------------------------------------------
                                 0.2821   slack (MET)


Startpoint: _66000_ (rising edge-triggered flip-flop clocked by clk)
Endpoint: _60319_ (rising edge-triggered flip-flop clocked by clk)
Path Group: clk
Path Type: min

      Cap      Slew     Delay      Time   Description
-------------------------------------------------------------------------------
                       0.0000    0.0000   clock clk (rise edge)
                       1.0900    1.0900   clock network delay (propagated)
             0.0585    0.0000    1.0900 ^ _66000_/CLK (sky130_fd_sc_hs__edfxtp_1)
   0.0045    0.0413    0.1806    1.2706 ^ _66000_/Q (sky130_fd_sc_hs__edfxtp_1)
   0.0043    0.0261    0.0365    1.3070 v _35867_/Y (sky130_fd_sc_hs__nor2_1)
   0.0023    0.0457    0.0454    1.3524 ^ _35882_/Y (sky130_fd_sc_hs__a21oi_1)
             0.0457    0.0000    1.3525 ^ _60319_/D (sky130_fd_sc_hs__dfrtp_1)
                                 1.3525   data arrival time

                       0.0000    0.0000   clock clk (rise edge)
                       1.0944    1.0944   clock network delay (propagated)
                       0.0000    1.0944   clock reconvergence pessimism
                                 1.0944 ^ _60319_/CLK (sky130_fd_sc_hs__dfrtp_1)
                      -0.0243    1.0701   library hold time
                                 1.0701   data required time
-------------------------------------------------------------------------------
                                 1.0701   data required time
                                -1.3525   data arrival time
-------------------------------------------------------------------------------
                                 0.2824   slack (MET)


Startpoint: _66024_ (rising edge-triggered flip-flop clocked by clk)
Endpoint: _60343_ (rising edge-triggered flip-flop clocked by clk)
Path Group: clk
Path Type: min

      Cap      Slew     Delay      Time   Description
-------------------------------------------------------------------------------
                       0.0000    0.0000   clock clk (rise edge)
                       1.0573    1.0573   clock network delay (propagated)
             0.0621    0.0000    1.0573 ^ _66024_/CLK (sky130_fd_sc_hs__edfxtp_1)
   0.0034    0.0357    0.1765    1.2338 ^ _66024_/Q (sky130_fd_sc_hs__edfxtp_1)
   0.0050    0.0369    0.0423    1.2761 v _34089_/Y (sky130_fd_sc_hs__nand2_1)
   0.0037    0.0364    0.0423    1.3184 ^ _35489_/Y (sky130_fd_sc_hs__nand2_1)
             0.0364    0.0001    1.3185 ^ _60343_/D (sky130_fd_sc_hs__dfrtp_1)
                                 1.3185   data arrival time

                       0.0000    0.0000   clock clk (rise edge)
                       1.0554    1.0554   clock network delay (propagated)
                       0.0000    1.0554   clock reconvergence pessimism
                                 1.0554 ^ _60343_/CLK (sky130_fd_sc_hs__dfrtp_1)
                      -0.0204    1.0350   library hold time
                                 1.0350   data required time
-------------------------------------------------------------------------------
                                 1.0350   data required time
                                -1.3185   data arrival time
-------------------------------------------------------------------------------
                                 0.2835   slack (MET)


Startpoint: _68644_ (rising edge-triggered flip-flop clocked by clk)
Endpoint: _60355_ (rising edge-triggered flip-flop clocked by clk)
Path Group: clk
Path Type: min

      Cap      Slew     Delay      Time   Description
-------------------------------------------------------------------------------
                       0.0000    0.0000   clock clk (rise edge)
                       1.0598    1.0598   clock network delay (propagated)
             0.0645    0.0000    1.0598 ^ _68644_/CLK (sky130_fd_sc_hs__edfxtp_1)
   0.0036    0.0364    0.1778    1.2376 ^ _68644_/Q (sky130_fd_sc_hs__edfxtp_1)
   0.0028    0.0343    0.0885    1.3261 ^ _33823_/X (sky130_fd_sc_hs__o21a_1)
             0.0343    0.0001    1.3262 ^ _60355_/D (sky130_fd_sc_hs__dfrtp_1)
                                 1.3262   data arrival time

                       0.0000    0.0000   clock clk (rise edge)
                       1.0601    1.0601   clock network delay (propagated)
                       0.0000    1.0601   clock reconvergence pessimism
                                 1.0601 ^ _60355_/CLK (sky130_fd_sc_hs__dfrtp_1)
                      -0.0191    1.0410   library hold time
                                 1.0410   data required time
-------------------------------------------------------------------------------
                                 1.0410   data required time
                                -1.3262   data arrival time
-------------------------------------------------------------------------------
                                 0.2852   slack (MET)
