[cfg1_nocache] synthesizing (cfg1_top) ...
[cfg2_pwc] synthesizing (cfg2_top) ...
[cfg3_iotlb] synthesizing (cfg3_top) ...
[cfg4_prefetch] synthesizing (cfg4_top) ...
[cfg5_notag] synthesizing (cfg5_top) ...
[
  {
    "cfg": "cfg1_nocache",
    "total_area_um2": 535708.7872,
    "wns_ns": -58.24,
    "fmax_mhz": 16.463615409944023,
    "power_mw": 250.1833,
    "period_ns": 2.5
  },
  {
    "cfg": "cfg2_pwc",
    "total_area_um2": 98003.9936,
    "wns_ns": -12.76,
    "fmax_mhz": 65.53079947575361,
    "power_mw": 46.685039999999994,
    "period_ns": 2.5
  },
  {
    "cfg": "cfg3_iotlb",
    "total_area_um2": 131157.04,
    "wns_ns": -16.04,
    "fmax_mhz": 53.93743257820928,
    "power_mw": 65.23518,
    "period_ns": 2.5
  },
  {
    "cfg": "cfg4_prefetch",
    "total_area_um2": 114443.5104,
    "wns_ns": -8.58,
    "fmax_mhz": 90.25270758122744,
    "power_mw": 56.534510000000004,
    "period_ns": 2.5
  },
  {
    "cfg": "cfg5_notag",
    "total_area_um2": 76141.776,
    "wns_ns": -6.35,
    "fmax_mhz": 112.99435028248588,
    "power_mw": 37.68272,
    "period_ns": 2.5
  }
]
