[cfg1_nocache] synthesizing (cfg1_top) ...
[cfg2_pwc] synthesizing (cfg2_top) ...
[cfg3_iotlb] synthesizing (cfg3_top) ...
[cfg4_prefetch] synthesizing (cfg4_top) ...
[cfg5_notag] synthesizing (cfg5_top) ...
[
  {
    "cfg": "cfg1_nocache",
    "total_area_um2": 564376.2816,
    "wns_ns": -55.61,
    "fmax_mhz": 17.208742040956807,
    "power_mw": 254.02809999999997,
    "period_ns": 2.5
  },
  {
    "cfg": "cfg2_pwc",
    "total_area_um2": 109209.7408,
    "wns_ns": -23.47,
    "fmax_mhz": 38.50596842510589,
    "power_mw": 48.97264,
    "period_ns": 2.5
  },
  {
    "cfg": "cfg3_iotlb",
    "total_area_um2": 161249.6512,
    "wns_ns": -18.07,
    "fmax_mhz": 48.61448711716091,
    "power_mw": 76.64114,
    "period_ns": 2.5
  },
  {
    "cfg": "cfg4_prefetch",
    "total_area_um2": 142077.5136,
    "wns_ns": -10.85,
    "fmax_mhz": 74.90636704119851,
    "power_mw": 54.9546,
    "period_ns": 2.5
  },
  {
    "cfg": "cfg5_notag",
    "total_area_um2": 95373.9712,
    "wns_ns": -7.55,
    "fmax_mhz": 99.50248756218905,
    "power_mw": 37.88959,
    "period_ns": 2.5
  }
]
