[INFO] USER_ID: 1000, GROUP_ID: 1000
[INFO] Final PATH variable: /foss/tools/bin:/foss/tools/sak:/usr/local/sbin:/usr/local/sbin:/usr/local/bin:/usr/sbin:/usr/bin:/sbin:/bin:/foss/tools/kactus2:/foss/tools/klayout:/foss/tools/osic-multitool
[INFO] Final PYTHONPATH variable: /usr/lib/python312.zip:/usr/lib/python3.12:/usr/lib/python3.12/lib-dynload:/usr/local/lib/python3.12/dist-packages:/usr/lib/python3/dist-packages:/foss/tools/ngspyce/local/lib/python3.12/dist-packages:/foss/tools/openems/local/lib/python3.12/dist-packages:/foss/tools/pyopus/local/lib/python3.12/dist-packages:/foss/tools/yosys/share/yosys/python3:/foss/tools/klayout/pymod:/foss/tools/vacask/lib/vacask/python
[INFO] SKIPPING UI STARTUP
[INFO] Executing command: 'bash -lc openroad -no_init -exit /foss/designs/syn/fmax_opt/opt.tcl 2>&1'
OpenROAD 26Q2-1164-g08f67ee5e 
Features included (+) or not (-): +GPU +GUI +Python
This program is licensed under the BSD-3 license. See the LICENSE file for details.
Components of this program may be licensed under more restrictive licenses which must be honored.
[INFO ODB-0227] LEF file: /foss/designs/open_pdks/sky130/sky130A/libs.ref/sky130_fd_sc_hs/techlef/sky130_fd_sc_hs__nom.tlef, created 14 layers, 25 vias
[WARNING ODB-0220] WARNING (LEFPARS-2008): NOWIREEXTENSIONATPIN statement is obsolete in version 5.6 or later.
The NOWIREEXTENSIONATPIN statement will be ignored. See file /foss/designs/open_pdks/sky130/sky130A/libs.ref/sky130_fd_sc_hs/lef/sky130_fd_sc_hs.lef at line 2.

[INFO ODB-0227] LEF file: /foss/designs/open_pdks/sky130/sky130A/libs.ref/sky130_fd_sc_hs/lef/sky130_fd_sc_hs.lef, created 390 library cells
[INFO IFP-0107] Defining die area using utilization: 35.00% and aspect ratio: 1.
[WARNING IFP-0028] Core area lower left (5.000, 5.000) snapped to (5.280, 6.660).
[INFO IFP-0001] Added 172 rows of 1197 site unit.
[INFO IFP-0100] Die BBox:  (  0.000  0.000 ) ( 584.885 584.885 ) um
[INFO IFP-0101] Core BBox: (  5.280  6.660 ) ( 579.840 579.420 ) um
[INFO IFP-0102] Core area:                       329084.986 um^2
[INFO IFP-0103] Total instances area:            115673.011 um^2
[INFO IFP-0104] Effective utilization:                0.351
[INFO IFP-0105] Number of instances:                   6563
Found 0 macro blocks.
Using 2 tracks default min distance between IO pins.
[INFO PPL-0001] Number of available slots 1996
[INFO PPL-0002] Number of I/O             396
[INFO PPL-0003] Number of I/O w/sink      273
[INFO PPL-0004] Number of I/O w/o sink    123
[INFO PPL-0005] Slots per section         200
[INFO PPL-0008] Successfully assigned pins to sections.
[INFO PPL-0012] I/O nets HPWL: 90720.98 um.
[INFO GPL-0001] ---- Initialize GPL Main Data Structures
[INFO GPL-0002] DBU: 1000
[INFO GPL-0003] SiteSize: (  0.480  3.330 ) um
[INFO GPL-0004] CoreBBox: (  5.280  6.660 ) ( 579.840 579.420 ) um
[INFO GPL-0036] Movable instances area:     115673.011 um^2
[INFO GPL-0037] Total instances area:       115673.011 um^2
[INFO GPL-0035] Pin density area adjust:      8174.065 um^2
[INFO GPL-0032] ---- Initialize Region: Top-level
[INFO GPL-0006] Number of instances:              6563
[INFO GPL-0007] Movable instances:                6563
[INFO GPL-0008] Fixed instances:                     0
[INFO GPL-0009] Dummy instances:                     0
[INFO GPL-0010] Number of nets:                   6743
[INFO GPL-0011] Number of pins:                  26301
[INFO GPL-0012] Die BBox:  (  0.000  0.000 ) ( 584.885 584.885 ) um
[INFO GPL-0013] Core BBox: (  5.280  6.660 ) ( 579.840 579.420 ) um
[INFO GPL-0016] Core area:                  329084.986 um^2
[INFO GPL-0014] Region name: top-level.
[INFO GPL-0015] Region area:                329084.986 um^2
[INFO GPL-0017] Fixed instances area:            0.000 um^2
[INFO GPL-0018] Movable instances area:     123847.076 um^2
[INFO GPL-0019] Utilization:                    37.634 %
[INFO GPL-0020] Standard cells area:        123847.076 um^2
[INFO GPL-0021] Large instances area:            0.000 um^2
[INFO GPL-0005] ---- Execute Conjugate Gradient Initial Placement.
[INFO GPL-0051] Source of initial instance position counters:
	Odb location = 0	Core center = 6563	Region center = 0
[InitialPlace]  Iter: 1 conjugate gradient residual: 0.00026559 HPWL: 265509035
[InitialPlace]  Iter: 2 conjugate gradient residual: 0.00712259 HPWL: 146894262
[InitialPlace]  Iter: 3 conjugate gradient residual: 0.00307340 HPWL: 135530270
[InitialPlace]  Iter: 4 conjugate gradient residual: 0.00019296 HPWL: 128168441
[InitialPlace]  Iter: 5 conjugate gradient residual: 0.00000522 HPWL: 124140231
[INFO GPL-0033] ---- Initialize Nesterov Region: Top-level
[INFO GPL-0023] Placement target density:       0.5500
[INFO GPL-0024] Movable insts average area:     18.870 um^2
[INFO GPL-0025] Ideal bin area:                 34.310 um^2
[INFO GPL-0026] Ideal bin count:                  9591
[INFO GPL-0027] Total bin area:             329084.986 um^2
[INFO GPL-0028] Bin count (X, Y):          64 ,     64
[INFO GPL-0029] Bin size (W * H):       8.977 *  8.949 um
[INFO GPL-0030] Number of bins:                   4096
[INFO GPL-0084] ---- Execute Nesterov Global Placement.
[INFO GPL-0031] HPWL: Half-Perimeter Wirelength
Iteration | Overflow |     HPWL (um) |  HPWL(%) |   Penalty | Group
---------------------------------------------------------------
        0 |   0.9826 |  7.547413e+04 |   +0.00% |  2.17e-16 |      
       10 |   0.9399 |  1.120576e+05 |  +48.47% |  3.52e-16 |      
       20 |   0.9275 |  1.190348e+05 |   +6.23% |  5.73e-16 |      
       30 |   0.9178 |  1.221124e+05 |   +2.59% |  9.34e-16 |      
       40 |   0.9119 |  1.258498e+05 |   +3.06% |  1.52e-15 |      
       50 |   0.9096 |  1.284773e+05 |   +2.09% |  2.48e-15 |      
       60 |   0.9092 |  1.298507e+05 |   +1.07% |  4.03e-15 |      
       70 |   0.9094 |  1.309359e+05 |   +0.84% |  6.57e-15 |      
       80 |   0.9092 |  1.317860e+05 |   +0.65% |  1.07e-14 |      
       90 |   0.9080 |  1.324841e+05 |   +0.53% |  1.74e-14 |      
      100 |   0.9062 |  1.330374e+05 |   +0.42% |  2.84e-14 |      
      110 |   0.9062 |  1.332996e+05 |   +0.20% |  4.62e-14 |      
      120 |   0.9060 |  1.333876e+05 |   +0.07% |  7.53e-14 |      
      130 |   0.9061 |  1.333769e+05 |   -0.01% |  1.23e-13 |      
      140 |   0.9056 |  1.330590e+05 |   -0.24% |  2.00e-13 |      
      150 |   0.9068 |  1.325366e+05 |   -0.39% |  3.25e-13 |      
      160 |   0.9069 |  1.320601e+05 |   -0.36% |  5.30e-13 |      
      170 |   0.9065 |  1.318966e+05 |   -0.12% |  8.63e-13 |      
      180 |   0.9047 |  1.323236e+05 |   +0.32% |  1.41e-12 |      
      190 |   0.9012 |  1.335520e+05 |   +0.93% |  2.29e-12 |      
      200 |   0.8932 |  1.357885e+05 |   +1.67% |  3.73e-12 |      
      210 |   0.8807 |  1.391346e+05 |   +2.46% |  6.07e-12 |      
      220 |   0.8635 |  1.432471e+05 |   +2.96% |  9.89e-12 |      
      230 |   0.8455 |  1.473828e+05 |   +2.89% |  1.61e-11 |      
      240 |   0.8246 |  1.515748e+05 |   +2.84% |  2.62e-11 |      
      250 |   0.7998 |  1.563121e+05 |   +3.13% |  4.27e-11 |      
      260 |   0.7666 |  1.610900e+05 |   +3.06% |  6.95e-11 |      
      270 |   0.7300 |  1.633932e+05 |   +1.43% |  1.13e-10 |      
      280 |   0.6907 |  1.646844e+05 |   +0.79% |  1.84e-10 |      
      290 |   0.6536 |  1.642078e+05 |   -0.29% |  3.00e-10 |      
      300 |   0.6134 |  1.669002e+05 |   +1.64% |  4.89e-10 |      
      310 |   0.5648 |  1.723151e+05 |   +3.24% |  7.96e-10 |      
      320 |   0.5166 |  1.763161e+05 |   +2.32% |  1.30e-09 |      
      330 |   0.4703 |  1.776525e+05 |   +0.76% |  2.11e-09 |      
      340 |   0.4219 |  1.775230e+05 |   -0.07% |  3.44e-09 |      
      350 |   0.3748 |  1.783688e+05 |   +0.48% |  5.60e-09 |      
      360 |   0.3322 |  1.776616e+05 |   -0.40% |  8.93e-09 |      
      370 |   0.3012 |  1.770180e+05 |   -0.36% |  1.32e-08 |      
      380 |   0.2665 |  1.767567e+05 |   -0.15% |  1.94e-08 |      
      390 |   0.2368 |  1.768818e+05 |   +0.07% |  2.86e-08 |      
      400 |   0.2066 |  1.770061e+05 |   +0.07% |  4.21e-08 |      
      410 |   0.1782 |  1.772147e+05 |   +0.12% |  6.20e-08 |      
      420 |   0.1535 |  1.774252e+05 |   +0.12% |  9.13e-08 |      
      430 |   0.1330 |  1.776929e+05 |   +0.15% |  1.34e-07 |      
      440 |   0.1130 |  1.778253e+05 |   +0.07% |  1.98e-07 |      
      450 |   0.1008 |  1.783030e+05 |   +0.27% |  2.92e-07 |      
      451 |   0.0991 |  1.783791e+05 |          |  3.15e-07 |      
---------------------------------------------------------------
[INFO GPL-1001] Global placement finished at iteration 451
[INFO GPL-1002] Placed Cell Area            123847.0764
[INFO GPL-1003] Available Free Area         329084.9856
[INFO GPL-1004] Minimum Feasible Density        0.3800 (cell_area / free_area)
[INFO GPL-1006]   Suggested Target Densities:
[INFO GPL-1007]     - For 90% usage of free space: 0.4182
[INFO GPL-1008]     - For 80% usage of free space: 0.4704
[INFO GPL-1009]     - For 50% usage of free space: 0.7527
[INFO GPL-1014] Final placement area: 123847.08 (+0.00%)
##PRE
worst slack max -34.91
##PREPATH
Startpoint: rst_n (input port clocked by clk)
Endpoint: _09984_ (recovery check against rising-edge clock clk)
Path Group: asynchronous
Path Type: max

Fanout      Slew     Delay      Time   Description
----------------------------------------------------------------------------
          0.0000    0.0000    0.0000   clock clk (rise edge)
                    0.0000    0.0000   clock network delay (ideal)
                    0.7500    0.7500 ^ input external delay
  1909   50.8556   33.1908   33.9408 ^ rst_n (in)
         50.8585    0.0000   33.9408 ^ _09984_/RESET_B (sky130_fd_sc_hs__dfrtp_1)
                             33.9408   data arrival time

          0.0000    2.5000    2.5000   clock clk (rise edge)
                    0.0000    2.5000   clock network delay (ideal)
                    0.0000    2.5000   clock reconvergence pessimism
                              2.5000 ^ _09984_/CLK (sky130_fd_sc_hs__dfrtp_1)
                   -3.4645   -0.9645   library recovery time
                             -0.9645   data required time
----------------------------------------------------------------------------
                             -0.9645   data required time
                            -33.9408   data arrival time
----------------------------------------------------------------------------
                            -34.9053   slack (VIOLATED)


Startpoint: _06634_ (rising edge-triggered flip-flop clocked by clk)
Endpoint: _06635_ (rising edge-triggered flip-flop clocked by clk)
Path Group: clk
Path Type: max

Fanout      Slew     Delay      Time   Description
----------------------------------------------------------------------------
          0.0000    0.0000    0.0000   clock clk (rise edge)
                    0.0000    0.0000   clock network delay (ideal)
          0.0000    0.0000    0.0000 ^ _06634_/CLK (sky130_fd_sc_hs__dfrtp_1)
     3    0.0774    0.2286    0.2286 v _06634_/Q (sky130_fd_sc_hs__dfrtp_1)
   101    4.3112    2.9740    3.2026 ^ _04771_/Y (sky130_fd_sc_hs__nand2b_1)
   198    4.8868    6.1819    9.3845 v _04772_/Y (sky130_fd_sc_hs__clkinv_1)
          4.8868    0.0061    9.3906 v _06635_/D (sky130_fd_sc_hs__dfrtp_1)
                              9.3906   data arrival time

          0.0000    2.5000    2.5000   clock clk (rise edge)
                    0.0000    2.5000   clock network delay (ideal)
                    0.0000    2.5000   clock reconvergence pessimism
                              2.5000 ^ _06635_/CLK (sky130_fd_sc_hs__dfrtp_1)
                   -1.3080    1.1920   library setup time
                              1.1920   data required time
----------------------------------------------------------------------------
                              1.1920   data required time
                             -9.3906   data arrival time
----------------------------------------------------------------------------
                             -8.1986   slack (VIOLATED)


Iteration |   Area    | Resized | Buffers | Nets repaired | Remaining
---------------------------------------------------------------------
        0 |     +0.0% |       0 |       0 |             0 |      6743
    final |    +12.9% |     352 |    1443 |           174 |         0
---------------------------------------------------------------------
[INFO RSZ-0034] Found 176 slew violations.
[INFO RSZ-0035] Found 143 fanout violations.
[INFO RSZ-0039] Resized 352 instances.
[INFO RSZ-0038] Inserted 1443 buffers in 174 nets.
[INFO RSZ-0100] Repair move sequence: UnbufferMove SizeUpMove SwapPinsMove BufferMove CloneMove SplitLoadMove 
[INFO RSZ-0094] Found 781 endpoints with setup violations.
[INFO RSZ-0099] Repairing 781 out of 781 (100.00%) violating endpoints...
   Iter   | Removed | Resized | Inserted | Cloned |  Pin  |   Area   |    WNS   |   StTNS    |   EnTNS    |  Viol  |  Worst  
          | Buffers |  Gates  | Buffers  |  Gates | Swaps |          |          |            |            | Endpts | St/EnPt 
------------------------------------------------------------------------------------------------------------------------------
       0* |       0 |       0 |        0 |      0 |     0 |    +0.0% |   -1.796 |     -161.4 |     -250.4 |    781 | _06304_/D
    1200* |      21 |     264 |       39 |      2 |    27 |    +0.8% |   -0.351 |      -43.7 |      -72.3 |    781 | _08774_/D
    1200+ |      21 |     264 |       39 |      2 |    27 |    +0.8% |   -0.351 |      -43.7 |      -72.3 |    480 | _08774_/D
    final |      21 |     366 |       39 |      2 |    29 |    +1.0% |   -0.340 |      -36.0 |      -30.2 |    207 | _06062_/D
------------------------------------------------------------------------------------------------------------------------------
[INFO RSZ-0059] Removed 21 buffers.
[INFO RSZ-0040] Inserted 39 buffers.
[INFO RSZ-0051] Resized 366 instances: 366 up, 0 up match, 0 down, 0 VT
[INFO RSZ-0043] Swapped pins on 29 instances.
[INFO RSZ-0049] Cloned 2 instances.
[WARNING RSZ-0062] Unable to repair all setup violations.
[INFO DPL-0006] Core area: 329084.99 um^2, Instances area: 131925.54 um^2, Utilization: 40.1%
[INFO DPL-0005] Diamond search max displacement: +/- 500 sites horizontally, +/- 100 rows vertically.
[INFO DPL-1101] Legalizing using diamond search.
Movements Summary
---------------------------------------
Total cells:                    8026
Diamond Move Success:           8026 (100.00%)
Diamond Move Failure:              0
Rip-up and replace Success:        0 (  0.00% of diamond failures)
Rip-up and replace Failure:        0
Total Placement Failures:          0
---------------------------------------
Placement Analysis
---------------------------------
total displacement      26763.9 u
average displacement        3.3 u
max displacement           15.2 u
original HPWL          305945.8 u
legalized HPWL         329411.2 u
delta HPWL                    8 %

##POST
worst slack max -0.38
tns max -35.32
Design area 131926 um^2 40% utilization.
Group                    Internal    Switching      Leakage        Total
                            Power        Power        Power        Power (Watts)
------------------------------------------------------------------------
Sequential           4.280386e-02 6.550701e-04 1.229447e-06 4.346016e-02  86.0%
Combinational        4.406742e-03 2.656611e-03 5.524722e-07 7.063905e-03  14.0%
Clock                0.000000e+00 0.000000e+00 0.000000e+00 0.000000e+00   0.0%
Macro                0.000000e+00 0.000000e+00 0.000000e+00 0.000000e+00   0.0%
Pad                  0.000000e+00 0.000000e+00 0.000000e+00 0.000000e+00   0.0%
------------------------------------------------------------------------
Total                4.721080e-02 3.311682e-03 1.781985e-06 5.052426e-02 100.0%
                            93.4%         6.6%         0.0%
##PATH
Startpoint: rst_n (input port clocked by clk)
Endpoint: _09091_ (recovery check against rising-edge clock clk)
Path Group: asynchronous
Path Type: max

Fanout       Cap      Slew     Delay      Time   Description
-------------------------------------------------------------------------------------
                    0.0000    0.0000    0.0000   clock clk (rise edge)
                              0.0000    0.0000   clock network delay (ideal)
                              0.7500    0.7500 ^ input external delay
     5    0.0528    0.2267    0.1477    0.8977 ^ rst_n (in)
     6    0.0521    0.3445    0.3086    1.2063 ^ fanout1150/X (sky130_fd_sc_hs__buf_1)
     6    0.0408    0.2724    0.2678    1.4742 ^ fanout1127/X (sky130_fd_sc_hs__buf_1)
     6    0.0336    0.2300    0.2315    1.7057 ^ fanout1120/X (sky130_fd_sc_hs__buf_1)
     5    0.0278    0.1922    0.2030    1.9087 ^ fanout1118/X (sky130_fd_sc_hs__buf_1)
     3    0.0211    0.1006    0.1649    2.0735 ^ fanout1116/X (sky130_fd_sc_hs__clkbuf_2)
    10    0.0656    0.0807    0.1286    2.2021 ^ load_slew1117/X (sky130_fd_sc_hs__buf_8)
                    0.0807    0.0002    2.2023 ^ _09091_/RESET_B (sky130_fd_sc_hs__dfrtp_1)
                                        2.2023   data arrival time

                    0.0000    2.5000    2.5000   clock clk (rise edge)
                              0.0000    2.5000   clock network delay (ideal)
                              0.0000    2.5000   clock reconvergence pessimism
                                        2.5000 ^ _09091_/CLK (sky130_fd_sc_hs__dfrtp_1)
                             -0.1627    2.3373   library recovery time
                                        2.3373   data required time
-------------------------------------------------------------------------------------
                                        2.3373   data required time
                                       -2.2023   data arrival time
-------------------------------------------------------------------------------------
                                        0.1350   slack (MET)


Startpoint: rst_n (input port clocked by clk)
Endpoint: _08626_ (recovery check against rising-edge clock clk)
Path Group: asynchronous
Path Type: max

Fanout       Cap      Slew     Delay      Time   Description
-------------------------------------------------------------------------------------
                    0.0000    0.0000    0.0000   clock clk (rise edge)
                              0.0000    0.0000   clock network delay (ideal)
                              0.7500    0.7500 ^ input external delay
     5    0.0528    0.2267    0.1477    0.8977 ^ rst_n (in)
     6    0.0521    0.3445    0.3086    1.2063 ^ fanout1150/X (sky130_fd_sc_hs__buf_1)
     6    0.0408    0.2724    0.2678    1.4742 ^ fanout1127/X (sky130_fd_sc_hs__buf_1)
     6    0.0336    0.2300    0.2315    1.7057 ^ fanout1120/X (sky130_fd_sc_hs__buf_1)
     5    0.0278    0.1922    0.2030    1.9087 ^ fanout1118/X (sky130_fd_sc_hs__buf_1)
     3    0.0211    0.1006    0.1649    2.0735 ^ fanout1116/X (sky130_fd_sc_hs__clkbuf_2)
    10    0.0656    0.0807    0.1286    2.2021 ^ load_slew1117/X (sky130_fd_sc_hs__buf_8)
                    0.0807    0.0002    2.2023 ^ _08626_/RESET_B (sky130_fd_sc_hs__dfrtp_1)
                                        2.2023   data arrival time

                    0.0000    2.5000    2.5000   clock clk (rise edge)
                              0.0000    2.5000   clock network delay (ideal)
                              0.0000    2.5000   clock reconvergence pessimism
                                        2.5000 ^ _08626_/CLK (sky130_fd_sc_hs__dfrtp_1)
                             -0.1627    2.3373   library recovery time
                                        2.3373   data required time
-------------------------------------------------------------------------------------
                                        2.3373   data required time
                                       -2.2023   data arrival time
-------------------------------------------------------------------------------------
                                        0.1350   slack (MET)


Startpoint: _06519_ (rising edge-triggered flip-flop clocked by clk)
Endpoint: _06063_ (rising edge-triggered flip-flop clocked by clk)
Path Group: clk
Path Type: max

Fanout       Cap      Slew     Delay      Time   Description
-------------------------------------------------------------------------------------
                    0.0000    0.0000    0.0000   clock clk (rise edge)
                              0.0000    0.0000   clock network delay (ideal)
                    0.0000    0.0000    0.0000 ^ _06519_/CLK (sky130_fd_sc_hs__dfrtp_1)
     1    0.0034    0.0358    0.1754    0.1754 ^ _06519_/Q (sky130_fd_sc_hs__dfrtp_1)
     3    0.0114    0.0774    0.0785    0.2539 v _04323_/Y (sky130_fd_sc_hs__clkinv_1)
     1    0.0059    0.2908    0.2947    0.5485 ^ _04687_/Y (sky130_fd_sc_hs__a222oi_1)
     1    0.0037    0.1111    0.1249    0.6734 v _04688_/Y (sky130_fd_sc_hs__o2111ai_1)
     1    0.0054    0.0571    0.2269    0.9003 v _04689_/X (sky130_fd_sc_hs__a2111o_1)
    11    0.0721    0.0915    0.2231    1.1234 v _04705_/X (sky130_fd_sc_hs__o21a_4)
     7    0.0360    0.0723    0.1558    1.2791 v fanout263/X (sky130_fd_sc_hs__buf_2)
     4    0.0193    0.0758    0.1320    1.4111 v fanout258/X (sky130_fd_sc_hs__buf_1)
     9    0.0561    0.0633    0.1436    1.5547 v load_slew259/X (sky130_fd_sc_hs__buf_4)
     3    0.0379    0.1186    0.1300    1.6847 ^ _04708_/Y (sky130_fd_sc_hs__nor2_8)
     5    0.0259    0.0618    0.1354    1.8201 ^ fanout225/X (sky130_fd_sc_hs__buf_4)
     5    0.0330    0.0746    0.1272    1.9473 ^ load_slew226/X (sky130_fd_sc_hs__buf_4)
     6    0.0266    0.1188    0.1528    2.1001 ^ fanout223/X (sky130_fd_sc_hs__clkbuf_2)
     7    0.0274    0.0646    0.1366    2.2367 ^ load_slew224/X (sky130_fd_sc_hs__buf_4)
     2    0.0071    0.0522    0.0592    2.2958 v _04767_/Y (sky130_fd_sc_hs__nand2_1)
     5    0.0281    0.1052    0.1475    2.4433 v fanout12/X (sky130_fd_sc_hs__buf_1)
     8    0.0421    0.0518    0.1437    2.5871 v load_slew13/X (sky130_fd_sc_hs__buf_4)
     1    0.0038    0.1396    0.0998    2.6868 ^ _05493_/Y (sky130_fd_sc_hs__o22ai_1)
     1    0.0026    0.0619    0.0373    2.7241 v _05494_/Y (sky130_fd_sc_hs__a21oi_1)
                    0.0619    0.0000    2.7241 v _06063_/D (sky130_fd_sc_hs__dfrtp_1)
                                        2.7241   data arrival time

                    0.0000    2.5000    2.5000   clock clk (rise edge)
                              0.0000    2.5000   clock network delay (ideal)
                              0.0000    2.5000   clock reconvergence pessimism
                                        2.5000 ^ _06063_/CLK (sky130_fd_sc_hs__dfrtp_1)
                             -0.1578    2.3422   library setup time
                                        2.3422   data required time
-------------------------------------------------------------------------------------
                                        2.3422   data required time
                                       -2.7241   data arrival time
-------------------------------------------------------------------------------------
                                       -0.3820   slack (VIOLATED)


Startpoint: _06519_ (rising edge-triggered flip-flop clocked by clk)
Endpoint: _06080_ (rising edge-triggered flip-flop clocked by clk)
Path Group: clk
Path Type: max

Fanout       Cap      Slew     Delay      Time   Description
-------------------------------------------------------------------------------------
                    0.0000    0.0000    0.0000   clock clk (rise edge)
                              0.0000    0.0000   clock network delay (ideal)
                    0.0000    0.0000    0.0000 ^ _06519_/CLK (sky130_fd_sc_hs__dfrtp_1)
     1    0.0034    0.0358    0.1754    0.1754 ^ _06519_/Q (sky130_fd_sc_hs__dfrtp_1)
     3    0.0114    0.0774    0.0785    0.2539 v _04323_/Y (sky130_fd_sc_hs__clkinv_1)
     1    0.0059    0.2908    0.2947    0.5485 ^ _04687_/Y (sky130_fd_sc_hs__a222oi_1)
     1    0.0037    0.1111    0.1249    0.6734 v _04688_/Y (sky130_fd_sc_hs__o2111ai_1)
     1    0.0054    0.0571    0.2269    0.9003 v _04689_/X (sky130_fd_sc_hs__a2111o_1)
    11    0.0721    0.0915    0.2231    1.1234 v _04705_/X (sky130_fd_sc_hs__o21a_4)
     7    0.0360    0.0723    0.1558    1.2791 v fanout263/X (sky130_fd_sc_hs__buf_2)
     4    0.0193    0.0758    0.1320    1.4111 v fanout258/X (sky130_fd_sc_hs__buf_1)
     9    0.0561    0.0633    0.1436    1.5547 v load_slew259/X (sky130_fd_sc_hs__buf_4)
     3    0.0379    0.1186    0.1300    1.6847 ^ _04708_/Y (sky130_fd_sc_hs__nor2_8)
     5    0.0259    0.0618    0.1354    1.8201 ^ fanout225/X (sky130_fd_sc_hs__buf_4)
     5    0.0330    0.0746    0.1272    1.9473 ^ load_slew226/X (sky130_fd_sc_hs__buf_4)
     6    0.0266    0.1188    0.1528    2.1001 ^ fanout223/X (sky130_fd_sc_hs__clkbuf_2)
     7    0.0274    0.0646    0.1366    2.2367 ^ load_slew224/X (sky130_fd_sc_hs__buf_4)
     2    0.0071    0.0522    0.0592    2.2958 v _04767_/Y (sky130_fd_sc_hs__nand2_1)
     5    0.0281    0.1052    0.1475    2.4433 v fanout12/X (sky130_fd_sc_hs__buf_1)
     8    0.0421    0.0518    0.1437    2.5871 v load_slew13/X (sky130_fd_sc_hs__buf_4)
     1    0.0039    0.1411    0.1009    2.6879 ^ _05453_/Y (sky130_fd_sc_hs__o22ai_1)
     1    0.0022    0.0595    0.0350    2.7230 v _05454_/Y (sky130_fd_sc_hs__a21oi_1)
                    0.0595    0.0000    2.7230 v _06080_/D (sky130_fd_sc_hs__dfrtp_1)
                                        2.7230   data arrival time

                    0.0000    2.5000    2.5000   clock clk (rise edge)
                              0.0000    2.5000   clock network delay (ideal)
                              0.0000    2.5000   clock reconvergence pessimism
                                        2.5000 ^ _06080_/CLK (sky130_fd_sc_hs__dfrtp_1)
                             -0.1570    2.3430   library setup time
                                        2.3430   data required time
-------------------------------------------------------------------------------------
                                        2.3430   data required time
                                       -2.7230   data arrival time
-------------------------------------------------------------------------------------
                                       -0.3800   slack (VIOLATED)


